{"meta": {"format": 3, "version": "7.12.0", "timestamp": "2025-12-02T22:39:52.709984", "branch_coverage": false, "show_contexts": false}, "files": {"app/__init__.py": {"executed_lines": [1, 7], "summary": {"covered_lines": 1, "num_statements": 1, "percent_covered": 100.0, "percent_covered_display": "100", "missing_lines": 0, "excluded_lines": 0, "percent_statements_covered": 100.0, "percent_statements_covered_display": "100"}, "missing_lines": [], "excluded_lines": [], "functions": {"": {"executed_lines": [1, 7], "summary": {"covered_lines": 1, "num_statements": 1, "percent_covered": 100.0, "percent_covered_display": "100", "missing_lines": 0, "excluded_lines": 0, "percent_statements_covered": 100.0, "percent_statements_covered_display": "100"}, "missing_lines": [], "excluded_lines": []}}, "classes": {"": {"executed_lines": [1, 7], "summary": {"covered_lines": 1, "num_statements": 1, "percent_covered": 100.0, "percent_covered_display": "100", "missing_lines": 0, "excluded_lines": 0, "percent_statements_covered": 100.0, "percent_statements_covered_display": "100"}, "missing_lines": [], "excluded_lines": []}}}, "app/api/__init__.py": {"executed_lines": [1], "summary": {"covered_lines": 0, "num_statements": 0, "percent_covered": 100.0, "percent_covered_display": "100", "missing_lines": 0, "excluded_lines": 0, "percent_statements_covered": 100.0, "percent_statements_covered_display": "100"}, "missing_lines": [], "excluded_lines": [], "functions": {"": {"executed_lines": [1], "summary": {"covered_lines": 0, "num_statements": 0, "percent_covered": 100.0, "percent_covered_display": "100", "missing_lines": 0, "excluded_lines": 0, "percent_statements_covered": 100.0, "percent_statements_covered_display": "100"}, "missing_lines": [], "excluded_lines": []}}, "classes": {"": {"executed_lines": [1], "summary": {"covered_lines": 0, "num_statements": 0, "percent_covered": 100.0, "percent_covered_display": "100", "missing_lines": 0, "excluded_lines": 0, "percent_statements_covered": 100.0, "percent_statements_covered_display": "100"}, "missing_lines": [], "excluded_lines": []}}}, "app/api/v1/__init__.py": {"executed_lines": [1, 3, 4, 5, 6, 7, 8, 9, 11], "summary": {"covered_lines": 8, "num_statements": 8, "percent_covered": 100.0, "percent_covered_display": "100", "missing_lines": 0, "excluded_lines": 0, "percent_statements_covered": 100.0, "percent_statements_covered_display": "100"}, "missing_lines": [], "excluded_lines": [], "functions": {"": {"executed_lines": [1, 3, 4, 5, 6, 7, 8, 9, 11], "summary": {"covered_lines": 8, "num_statements": 8, "percent_covered": 100.0, "percent_covered_display": "100", "missing_lines": 0, "excluded_lines": 0, "percent_statements_covered": 100.0, "percent_statements_covered_display": "100"}, "missing_lines": [], "excluded_lines": []}}, "classes": {"": {"executed_lines": [1, 3, 4, 5, 6, 7, 8, 9, 11], "summary": {"covered_lines": 8, "num_statements": 8, "percent_covered": 100.0, "percent_covered_display": "100", "missing_lines": 0, "excluded_lines": 0, "percent_statements_covered": 100.0, "percent_statements_covered_display": "100"}, "missing_lines": [], "excluded_lines": []}}}, "app/api/v1/analysis.py": {"executed_lines": [1, 11, 13, 14, 16, 17, 18, 42, 43, 44, 49, 50, 52, 60, 65, 70, 77, 87, 92, 124, 128, 168, 172, 206, 210, 233, 237, 257, 261, 274, 278, 294, 298, 312, 316, 334, 338, 351, 355, 366, 370, 386, 391, 411, 415, 442, 446, 466, 471, 503, 508, 535, 539, 552, 556, 578, 582, 613, 617, 630, 635], "summary": {"covered_lines": 60, "num_statements": 203, "percent_covered": 29.55665024630542, "percent_covered_display": "30", "missing_lines": 143, "excluded_lines": 0, "percent_statements_covered": 29.55665024630542, "percent_statements_covered_display": "30"}, "missing_lines": [62, 67, 74, 79, 104, 105, 106, 107, 108, 110, 118, 119, 120, 121, 139, 140, 142, 143, 145, 162, 163, 164, 165, 179, 180, 182, 183, 188, 202, 203, 217, 218, 219, 221, 223, 229, 230, 243, 244, 245, 248, 249, 267, 268, 269, 270, 271, 285, 286, 289, 290, 291, 305, 306, 307, 308, 309, 325, 326, 329, 330, 331, 344, 345, 346, 347, 348, 362, 363, 377, 378, 399, 400, 403, 404, 405, 406, 407, 408, 424, 425, 428, 430, 438, 439, 457, 458, 461, 462, 463, 479, 480, 483, 485, 492, 493, 494, 495, 515, 516, 523, 524, 526, 527, 528, 529, 530, 531, 532, 545, 546, 547, 548, 549, 564, 565, 567, 568, 571, 572, 573, 574, 575, 590, 591, 599, 601, 609, 610, 623, 624, 625, 626, 627, 643, 644, 646, 655, 657, 658, 659, 660, 661], "excluded_lines": [], "functions": {"get_kpi_service": {"executed_lines": [], "summary": {"covered_lines": 0, "num_statements": 1, "percent_covered": 0.0, "percent_covered_display": "0", "missing_lines": 1, "excluded_lines": 0, "percent_statements_covered": 0.0, "percent_statements_covered_display": "0"}, "missing_lines": [62], "excluded_lines": []}, "get_dashboard_service": {"executed_lines": [], "summary": {"covered_lines": 0, "num_statements": 1, "percent_covered": 0.0, "percent_covered_display": "0", "missing_lines": 1, "excluded_lines": 0, "percent_statements_covered": 0.0, "percent_statements_covered_display": "0"}, "missing_lines": [67], "excluded_lines": []}, "get_budget_actual_service": {"executed_lines": [], "summary": {"covered_lines": 0, "num_statements": 1, "percent_covered": 0.0, "percent_covered_display": "0", "missing_lines": 1, "excluded_lines": 0, "percent_statements_covered": 0.0, "percent_statements_covered_display": "0"}, "missing_lines": [74], "excluded_lines": []}, "get_strategic_service": {"executed_lines": [], "summary": {"covered_lines": 0, "num_statements": 1, "percent_covered": 0.0, "percent_covered_display": "0", "missing_lines": 1, "excluded_lines": 0, "percent_statements_covered": 0.0, "percent_statements_covered_display": "0"}, "missing_lines": [79], "excluded_lines": []}, "calculate_kpis": {"executed_lines": [], "summary": {"covered_lines": 0, "num_statements": 10, "percent_covered": 0.0, "percent_covered_display": "0", "missing_lines": 10, "excluded_lines": 0, "percent_statements_covered": 0.0, "percent_statements_covered_display": "0"}, "missing_lines": [104, 105, 106, 107, 108, 110, 118, 119, 120, 121], "excluded_lines": []}, "get_all_kpis": {"executed_lines": [], "summary": {"covered_lines": 0, "num_statements": 9, "percent_covered": 0.0, "percent_covered_display": "0", "missing_lines": 9, "excluded_lines": 0, "percent_statements_covered": 0.0, "percent_statements_covered_display": "0"}, "missing_lines": [139, 140, 142, 143, 145, 162, 163, 164, 165], "excluded_lines": []}, "get_kpi_by_type": {"executed_lines": [], "summary": {"covered_lines": 0, "num_statements": 7, "percent_covered": 0.0, "percent_covered_display": "0", "missing_lines": 7, "excluded_lines": 0, "percent_statements_covered": 0.0, "percent_statements_covered_display": "0"}, "missing_lines": [179, 180, 182, 183, 188, 202, 203], "excluded_lines": []}, "get_kpi_trends": {"executed_lines": [], "summary": {"covered_lines": 0, "num_statements": 7, "percent_covered": 0.0, "percent_covered_display": "0", "missing_lines": 7, "excluded_lines": 0, "percent_statements_covered": 0.0, "percent_statements_covered_display": "0"}, "missing_lines": [217, 218, 219, 221, 223, 229, 230], "excluded_lines": []}, "get_benchmark_comparison": {"executed_lines": [], "summary": {"covered_lines": 0, "num_statements": 5, "percent_covered": 0.0, "percent_covered_display": "0", "missing_lines": 5, "excluded_lines": 0, "percent_statements_covered": 0.0, "percent_statements_covered_display": "0"}, "missing_lines": [243, 244, 245, 248, 249], "excluded_lines": []}, "get_dashboard_summary": {"executed_lines": [], "summary": {"covered_lines": 0, "num_statements": 5, "percent_covered": 0.0, "percent_covered_display": "0", "missing_lines": 5, "excluded_lines": 0, "percent_statements_covered": 0.0, "percent_statements_covered_display": "0"}, "missing_lines": [267, 268, 269, 270, 271], "excluded_lines": []}, "get_enrollment_chart": {"executed_lines": [], "summary": {"covered_lines": 0, "num_statements": 5, "percent_covered": 0.0, "percent_covered_display": "0", "missing_lines": 5, "excluded_lines": 0, "percent_statements_covered": 0.0, "percent_statements_covered_display": "0"}, "missing_lines": [285, 286, 289, 290, 291], "excluded_lines": []}, "get_cost_breakdown_chart": {"executed_lines": [], "summary": {"covered_lines": 0, "num_statements": 5, "percent_covered": 0.0, "percent_covered_display": "0", "missing_lines": 5, "excluded_lines": 0, "percent_statements_covered": 0.0, "percent_statements_covered_display": "0"}, "missing_lines": [305, 306, 307, 308, 309], "excluded_lines": []}, "get_revenue_breakdown_chart": {"executed_lines": [], "summary": {"covered_lines": 0, "num_statements": 5, "percent_covered": 0.0, "percent_covered_display": "0", "missing_lines": 5, "excluded_lines": 0, "percent_statements_covered": 0.0, "percent_statements_covered_display": "0"}, "missing_lines": [325, 326, 329, 330, 331], "excluded_lines": []}, "get_alerts": {"executed_lines": [], "summary": {"covered_lines": 0, "num_statements": 5, "percent_covered": 0.0, "percent_covered_display": "0", "missing_lines": 5, "excluded_lines": 0, "percent_statements_covered": 0.0, "percent_statements_covered_display": "0"}, "missing_lines": [344, 345, 346, 347, 348], "excluded_lines": []}, "get_recent_activity": {"executed_lines": [], "summary": {"covered_lines": 0, "num_statements": 2, "percent_covered": 0.0, "percent_covered_display": "0", "missing_lines": 2, "excluded_lines": 0, "percent_statements_covered": 0.0, "percent_statements_covered_display": "0"}, "missing_lines": [362, 363], "excluded_lines": []}, "get_comparison_data": {"executed_lines": [], "summary": {"covered_lines": 0, "num_statements": 2, "percent_covered": 0.0, "percent_covered_display": "0", "missing_lines": 2, "excluded_lines": 0, "percent_statements_covered": 0.0, "percent_statements_covered_display": "0"}, "missing_lines": [377, 378], "excluded_lines": []}, "import_actuals": {"executed_lines": [], "summary": {"covered_lines": 0, "num_statements": 8, "percent_covered": 0.0, "percent_covered_display": "0", "missing_lines": 8, "excluded_lines": 0, "percent_statements_covered": 0.0, "percent_statements_covered_display": "0"}, "missing_lines": [399, 400, 403, 404, 405, 406, 407, 408], "excluded_lines": []}, "calculate_variance": {"executed_lines": [], "summary": {"covered_lines": 0, "num_statements": 6, "percent_covered": 0.0, "percent_covered_display": "0", "missing_lines": 6, "excluded_lines": 0, "percent_statements_covered": 0.0, "percent_statements_covered_display": "0"}, "missing_lines": [424, 425, 428, 430, 438, 439], "excluded_lines": []}, "get_variance_report": {"executed_lines": [], "summary": {"covered_lines": 0, "num_statements": 5, "percent_covered": 0.0, "percent_covered_display": "0", "missing_lines": 5, "excluded_lines": 0, "percent_statements_covered": 0.0, "percent_statements_covered_display": "0"}, "missing_lines": [457, 458, 461, 462, 463], "excluded_lines": []}, "create_forecast_revision": {"executed_lines": [], "summary": {"covered_lines": 0, "num_statements": 8, "percent_covered": 0.0, "percent_covered_display": "0", "missing_lines": 8, "excluded_lines": 0, "percent_statements_covered": 0.0, "percent_statements_covered_display": "0"}, "missing_lines": [479, 480, 483, 485, 492, 493, 494, 495], "excluded_lines": []}, "create_strategic_plan": {"executed_lines": [], "summary": {"covered_lines": 0, "num_statements": 11, "percent_covered": 0.0, "percent_covered_display": "0", "missing_lines": 11, "excluded_lines": 0, "percent_statements_covered": 0.0, "percent_statements_covered_display": "0"}, "missing_lines": [515, 516, 523, 524, 526, 527, 528, 529, 530, 531, 532], "excluded_lines": []}, "get_strategic_plan": {"executed_lines": [], "summary": {"covered_lines": 0, "num_statements": 5, "percent_covered": 0.0, "percent_covered_display": "0", "missing_lines": 5, "excluded_lines": 0, "percent_statements_covered": 0.0, "percent_statements_covered_display": "0"}, "missing_lines": [545, 546, 547, 548, 549], "excluded_lines": []}, "get_year_projection": {"executed_lines": [], "summary": {"covered_lines": 0, "num_statements": 9, "percent_covered": 0.0, "percent_covered_display": "0", "missing_lines": 9, "excluded_lines": 0, "percent_statements_covered": 0.0, "percent_statements_covered_display": "0"}, "missing_lines": [564, 565, 567, 568, 571, 572, 573, 574, 575], "excluded_lines": []}, "update_scenario_assumptions": {"executed_lines": [], "summary": {"covered_lines": 0, "num_statements": 6, "percent_covered": 0.0, "percent_covered_display": "0", "missing_lines": 6, "excluded_lines": 0, "percent_statements_covered": 0.0, "percent_statements_covered_display": "0"}, "missing_lines": [590, 591, 599, 601, 609, 610], "excluded_lines": []}, "compare_scenarios": {"executed_lines": [], "summary": {"covered_lines": 0, "num_statements": 5, "percent_covered": 0.0, "percent_covered_display": "0", "missing_lines": 5, "excluded_lines": 0, "percent_statements_covered": 0.0, "percent_statements_covered_display": "0"}, "missing_lines": [623, 624, 625, 626, 627], "excluded_lines": []}, "add_initiative": {"executed_lines": [], "summary": {"covered_lines": 0, "num_statements": 9, "percent_covered": 0.0, "percent_covered_display": "0", "missing_lines": 9, "excluded_lines": 0, "percent_statements_covered": 0.0, "percent_statements_covered_display": "0"}, "missing_lines": [643, 644, 646, 655, 657, 658, 659, 660, 661], "excluded_lines": []}, "": {"executed_lines": [1, 11, 13, 14, 16, 17, 18, 42, 43, 44, 49, 50, 52, 60, 65, 70, 77, 87, 92, 124, 128, 168, 172, 206, 210, 233, 237, 257, 261, 274, 278, 294, 298, 312, 316, 334, 338, 351, 355, 366, 370, 386, 391, 411, 415, 442, 446, 466, 471, 503, 508, 535, 539, 552, 556, 578, 582, 613, 617, 630, 635], "summary": {"covered_lines": 60, "num_statements": 60, "percent_covered": 100.0, "percent_covered_display": "100", "missing_lines": 0, "excluded_lines": 0, "percent_statements_covered": 100.0, "percent_statements_covered_display": "100"}, "missing_lines": [], "excluded_lines": []}}, "classes": {"": {"executed_lines": [1, 11, 13, 14, 16, 17, 18, 42, 43, 44, 49, 50, 52, 60, 65, 70, 77, 87, 92, 124, 128, 168, 172, 206, 210, 233, 237, 257, 261, 274, 278, 294, 298, 312, 316, 334, 338, 351, 355, 366, 370, 386, 391, 411, 415, 442, 446, 466, 471, 503, 508, 535, 539, 552, 556, 578, 582, 613, 617, 630, 635], "summary": {"covered_lines": 60, "num_statements": 203, "percent_covered": 29.55665024630542, "percent_covered_display": "30", "missing_lines": 143, "excluded_lines": 0, "percent_statements_covered": 29.55665024630542, "percent_statements_covered_display": "30"}, "missing_lines": [62, 67, 74, 79, 104, 105, 106, 107, 108, 110, 118, 119, 120, 121, 139, 140, 142, 143, 145, 162, 163, 164, 165, 179, 180, 182, 183, 188, 202, 203, 217, 218, 219, 221, 223, 229, 230, 243, 244, 245, 248, 249, 267, 268, 269, 270, 271, 285, 286, 289, 290, 291, 305, 306, 307, 308, 309, 325, 326, 329, 330, 331, 344, 345, 346, 347, 348, 362, 363, 377, 378, 399, 400, 403, 404, 405, 406, 407, 408, 424, 425, 428, 430, 438, 439, 457, 458, 461, 462, 463, 479, 480, 483, 485, 492, 493, 494, 495, 515, 516, 523, 524, 526, 527, 528, 529, 530, 531, 532, 545, 546, 547, 548, 549, 564, 565, 567, 568, 571, 572, 573, 574, 575, 590, 591, 599, 601, 609, 610, 623, 624, 625, 626, 627, 643, 644, 646, 655, 657, 658, 659, 660, 661], "excluded_lines": []}}}, "app/api/v1/calculations.py": {"executed_lines": [1, 9, 11, 12, 13, 14, 15, 19, 23, 27, 32, 35, 42, 65, 66, 67, 75, 82, 107, 109, 112, 113, 126, 133, 164, 166, 169, 170, 171, 176, 177, 183, 190, 214, 216, 219, 220, 233, 239, 241], "summary": {"covered_lines": 39, "num_statements": 50, "percent_covered": 78.0, "percent_covered_display": "78", "missing_lines": 11, "excluded_lines": 0, "percent_statements_covered": 78.0, "percent_statements_covered_display": "78"}, "missing_lines": [68, 69, 114, 115, 119, 120, 172, 221, 222, 226, 227], "excluded_lines": [], "functions": {"calculate_enrollment": {"executed_lines": [65, 66, 67], "summary": {"covered_lines": 3, "num_statements": 5, "percent_covered": 60.0, "percent_covered_display": "60", "missing_lines": 2, "excluded_lines": 0, "percent_statements_covered": 60.0, "percent_statements_covered_display": "60"}, "missing_lines": [68, 69], "excluded_lines": []}, "calculate_kpis": {"executed_lines": [107, 109, 112, 113], "summary": {"covered_lines": 4, "num_statements": 8, "percent_covered": 50.0, "percent_covered_display": "50", "missing_lines": 4, "excluded_lines": 0, "percent_statements_covered": 50.0, "percent_statements_covered_display": "50"}, "missing_lines": [114, 115, 119, 120], "excluded_lines": []}, "calculate_dhg": {"executed_lines": [164, 166, 169, 170, 171, 176, 177], "summary": {"covered_lines": 7, "num_statements": 8, "percent_covered": 87.5, "percent_covered_display": "88", "missing_lines": 1, "excluded_lines": 0, "percent_statements_covered": 87.5, "percent_statements_covered_display": "88"}, "missing_lines": [172], "excluded_lines": []}, "calculate_revenue": {"executed_lines": [214, 216, 219, 220], "summary": {"covered_lines": 4, "num_statements": 8, "percent_covered": 50.0, "percent_covered_display": "50", "missing_lines": 4, "excluded_lines": 0, "percent_statements_covered": 50.0, "percent_statements_covered_display": "50"}, "missing_lines": [221, 222, 226, 227], "excluded_lines": []}, "health_check": {"executed_lines": [241], "summary": {"covered_lines": 1, "num_statements": 1, "percent_covered": 100.0, "percent_covered_display": "100", "missing_lines": 0, "excluded_lines": 0, "percent_statements_covered": 100.0, "percent_statements_covered_display": "100"}, "missing_lines": [], "excluded_lines": []}, "": {"executed_lines": [1, 9, 11, 12, 13, 14, 15, 19, 23, 27, 32, 35, 42, 75, 82, 126, 133, 183, 190, 233, 239], "summary": {"covered_lines": 20, "num_statements": 20, "percent_covered": 100.0, "percent_covered_display": "100", "missing_lines": 0, "excluded_lines": 0, "percent_statements_covered": 100.0, "percent_statements_covered_display": "100"}, "missing_lines": [], "excluded_lines": []}}, "classes": {"": {"executed_lines": [1, 9, 11, 12, 13, 14, 15, 19, 23, 27, 32, 35, 42, 65, 66, 67, 75, 82, 107, 109, 112, 113, 126, 133, 164, 166, 169, 170, 171, 176, 177, 183, 190, 214, 216, 219, 220, 233, 239, 241], "summary": {"covered_lines": 39, "num_statements": 50, "percent_covered": 78.0, "percent_covered_display": "78", "missing_lines": 11, "excluded_lines": 0, "percent_statements_covered": 78.0, "percent_statements_covered_display": "78"}, "missing_lines": [68, 69, 114, 115, 119, 120, 172, 221, 222, 226, 227], "excluded_lines": []}}}, "app/api/v1/configuration.py": {"executed_lines": [1, 13, 15, 16, 18, 19, 20, 21, 42, 43, 50, 53, 71, 72, 92, 93, 124, 125, 164, 165, 190, 191, 217, 218, 253, 254, 288, 289, 317, 318, 346, 347, 378, 379, 397, 398, 423, 424, 444, 445, 485, 486, 504, 505, 525, 526, 565, 566, 584, 585, 605, 606, 649, 650, 668, 669, 687, 688, 708, 709], "summary": {"covered_lines": 59, "num_statements": 154, "percent_covered": 38.311688311688314, "percent_covered_display": "38", "missing_lines": 95, "excluded_lines": 0, "percent_statements_covered": 38.311688311688314, "percent_statements_covered_display": "38"}, "missing_lines": [63, 88, 89, 112, 113, 114, 115, 119, 120, 121, 146, 147, 154, 155, 156, 183, 187, 210, 211, 212, 213, 214, 237, 238, 246, 247, 248, 249, 250, 275, 276, 281, 282, 283, 284, 285, 308, 309, 310, 311, 312, 313, 314, 337, 338, 339, 340, 341, 342, 343, 366, 367, 368, 369, 370, 393, 394, 414, 415, 440, 441, 464, 465, 475, 476, 477, 500, 501, 521, 522, 545, 546, 555, 556, 557, 580, 581, 601, 602, 625, 626, 639, 640, 641, 664, 665, 683, 684, 704, 705, 728, 729, 739, 740, 741], "excluded_lines": [], "functions": {"get_config_service": {"executed_lines": [], "summary": {"covered_lines": 0, "num_statements": 1, "percent_covered": 0.0, "percent_covered_display": "0", "missing_lines": 1, "excluded_lines": 0, "percent_statements_covered": 0.0, "percent_statements_covered_display": "0"}, "missing_lines": [63], "excluded_lines": []}, "get_system_configs": {"executed_lines": [], "summary": {"covered_lines": 0, "num_statements": 2, "percent_covered": 0.0, "percent_covered_display": "0", "missing_lines": 2, "excluded_lines": 0, "percent_statements_covered": 0.0, "percent_statements_covered_display": "0"}, "missing_lines": [88, 89], "excluded_lines": []}, "get_system_config": {"executed_lines": [], "summary": {"covered_lines": 0, "num_statements": 7, "percent_covered": 0.0, "percent_covered_display": "0", "missing_lines": 7, "excluded_lines": 0, "percent_statements_covered": 0.0, "percent_statements_covered_display": "0"}, "missing_lines": [112, 113, 114, 115, 119, 120, 121], "excluded_lines": []}, "upsert_system_config": {"executed_lines": [], "summary": {"covered_lines": 0, "num_statements": 5, "percent_covered": 0.0, "percent_covered_display": "0", "missing_lines": 5, "excluded_lines": 0, "percent_statements_covered": 0.0, "percent_statements_covered_display": "0"}, "missing_lines": [146, 147, 154, 155, 156], "excluded_lines": []}, "get_budget_versions": {"executed_lines": [], "summary": {"covered_lines": 0, "num_statements": 2, "percent_covered": 0.0, "percent_covered_display": "0", "missing_lines": 2, "excluded_lines": 0, "percent_statements_covered": 0.0, "percent_statements_covered_display": "0"}, "missing_lines": [183, 187], "excluded_lines": []}, "get_budget_version": {"executed_lines": [], "summary": {"covered_lines": 0, "num_statements": 5, "percent_covered": 0.0, "percent_covered_display": "0", "missing_lines": 5, "excluded_lines": 0, "percent_statements_covered": 0.0, "percent_statements_covered_display": "0"}, "missing_lines": [210, 211, 212, 213, 214], "excluded_lines": []}, "create_budget_version": {"executed_lines": [], "summary": {"covered_lines": 0, "num_statements": 7, "percent_covered": 0.0, "percent_covered_display": "0", "missing_lines": 7, "excluded_lines": 0, "percent_statements_covered": 0.0, "percent_statements_covered_display": "0"}, "missing_lines": [237, 238, 246, 247, 248, 249, 250], "excluded_lines": []}, "update_budget_version": {"executed_lines": [], "summary": {"covered_lines": 0, "num_statements": 7, "percent_covered": 0.0, "percent_covered_display": "0", "missing_lines": 7, "excluded_lines": 0, "percent_statements_covered": 0.0, "percent_statements_covered_display": "0"}, "missing_lines": [275, 276, 281, 282, 283, 284, 285], "excluded_lines": []}, "submit_budget_version": {"executed_lines": [], "summary": {"covered_lines": 0, "num_statements": 7, "percent_covered": 0.0, "percent_covered_display": "0", "missing_lines": 7, "excluded_lines": 0, "percent_statements_covered": 0.0, "percent_statements_covered_display": "0"}, "missing_lines": [308, 309, 310, 311, 312, 313, 314], "excluded_lines": []}, "approve_budget_version": {"executed_lines": [], "summary": {"covered_lines": 0, "num_statements": 7, "percent_covered": 0.0, "percent_covered_display": "0", "missing_lines": 7, "excluded_lines": 0, "percent_statements_covered": 0.0, "percent_statements_covered_display": "0"}, "missing_lines": [337, 338, 339, 340, 341, 342, 343], "excluded_lines": []}, "supersede_budget_version": {"executed_lines": [], "summary": {"covered_lines": 0, "num_statements": 5, "percent_covered": 0.0, "percent_covered_display": "0", "missing_lines": 5, "excluded_lines": 0, "percent_statements_covered": 0.0, "percent_statements_covered_display": "0"}, "missing_lines": [366, 367, 368, 369, 370], "excluded_lines": []}, "get_academic_cycles": {"executed_lines": [], "summary": {"covered_lines": 0, "num_statements": 2, "percent_covered": 0.0, "percent_covered_display": "0", "missing_lines": 2, "excluded_lines": 0, "percent_statements_covered": 0.0, "percent_statements_covered_display": "0"}, "missing_lines": [393, 394], "excluded_lines": []}, "get_academic_levels": {"executed_lines": [], "summary": {"covered_lines": 0, "num_statements": 2, "percent_covered": 0.0, "percent_covered_display": "0", "missing_lines": 2, "excluded_lines": 0, "percent_statements_covered": 0.0, "percent_statements_covered_display": "0"}, "missing_lines": [414, 415], "excluded_lines": []}, "get_class_size_params": {"executed_lines": [], "summary": {"covered_lines": 0, "num_statements": 2, "percent_covered": 0.0, "percent_covered_display": "0", "missing_lines": 2, "excluded_lines": 0, "percent_statements_covered": 0.0, "percent_statements_covered_display": "0"}, "missing_lines": [440, 441], "excluded_lines": []}, "upsert_class_size_param": {"executed_lines": [], "summary": {"covered_lines": 0, "num_statements": 5, "percent_covered": 0.0, "percent_covered_display": "0", "missing_lines": 5, "excluded_lines": 0, "percent_statements_covered": 0.0, "percent_statements_covered_display": "0"}, "missing_lines": [464, 465, 475, 476, 477], "excluded_lines": []}, "get_subjects": {"executed_lines": [], "summary": {"covered_lines": 0, "num_statements": 2, "percent_covered": 0.0, "percent_covered_display": "0", "missing_lines": 2, "excluded_lines": 0, "percent_statements_covered": 0.0, "percent_statements_covered_display": "0"}, "missing_lines": [500, 501], "excluded_lines": []}, "get_subject_hours_matrix": {"executed_lines": [], "summary": {"covered_lines": 0, "num_statements": 2, "percent_covered": 0.0, "percent_covered_display": "0", "missing_lines": 2, "excluded_lines": 0, "percent_statements_covered": 0.0, "percent_statements_covered_display": "0"}, "missing_lines": [521, 522], "excluded_lines": []}, "upsert_subject_hours": {"executed_lines": [], "summary": {"covered_lines": 0, "num_statements": 5, "percent_covered": 0.0, "percent_covered_display": "0", "missing_lines": 5, "excluded_lines": 0, "percent_statements_covered": 0.0, "percent_statements_covered_display": "0"}, "missing_lines": [545, 546, 555, 556, 557], "excluded_lines": []}, "get_teacher_categories": {"executed_lines": [], "summary": {"covered_lines": 0, "num_statements": 2, "percent_covered": 0.0, "percent_covered_display": "0", "missing_lines": 2, "excluded_lines": 0, "percent_statements_covered": 0.0, "percent_statements_covered_display": "0"}, "missing_lines": [580, 581], "excluded_lines": []}, "get_teacher_cost_params": {"executed_lines": [], "summary": {"covered_lines": 0, "num_statements": 2, "percent_covered": 0.0, "percent_covered_display": "0", "missing_lines": 2, "excluded_lines": 0, "percent_statements_covered": 0.0, "percent_statements_covered_display": "0"}, "missing_lines": [601, 602], "excluded_lines": []}, "upsert_teacher_cost_param": {"executed_lines": [], "summary": {"covered_lines": 0, "num_statements": 5, "percent_covered": 0.0, "percent_covered_display": "0", "missing_lines": 5, "excluded_lines": 0, "percent_statements_covered": 0.0, "percent_statements_covered_display": "0"}, "missing_lines": [625, 626, 639, 640, 641], "excluded_lines": []}, "get_fee_categories": {"executed_lines": [], "summary": {"covered_lines": 0, "num_statements": 2, "percent_covered": 0.0, "percent_covered_display": "0", "missing_lines": 2, "excluded_lines": 0, "percent_statements_covered": 0.0, "percent_statements_covered_display": "0"}, "missing_lines": [664, 665], "excluded_lines": []}, "get_nationality_types": {"executed_lines": [], "summary": {"covered_lines": 0, "num_statements": 2, "percent_covered": 0.0, "percent_covered_display": "0", "missing_lines": 2, "excluded_lines": 0, "percent_statements_covered": 0.0, "percent_statements_covered_display": "0"}, "missing_lines": [683, 684], "excluded_lines": []}, "get_fee_structure": {"executed_lines": [], "summary": {"covered_lines": 0, "num_statements": 2, "percent_covered": 0.0, "percent_covered_display": "0", "missing_lines": 2, "excluded_lines": 0, "percent_statements_covered": 0.0, "percent_statements_covered_display": "0"}, "missing_lines": [704, 705], "excluded_lines": []}, "upsert_fee_structure": {"executed_lines": [], "summary": {"covered_lines": 0, "num_statements": 5, "percent_covered": 0.0, "percent_covered_display": "0", "missing_lines": 5, "excluded_lines": 0, "percent_statements_covered": 0.0, "percent_statements_covered_display": "0"}, "missing_lines": [728, 729, 739, 740, 741], "excluded_lines": []}, "": {"executed_lines": [1, 13, 15, 16, 18, 19, 20, 21, 42, 43, 50, 53, 71, 72, 92, 93, 124, 125, 164, 165, 190, 191, 217, 218, 253, 254, 288, 289, 317, 318, 346, 347, 378, 379, 397, 398, 423, 424, 444, 445, 485, 486, 504, 505, 525, 526, 565, 566, 584, 585, 605, 606, 649, 650, 668, 669, 687, 688, 708, 709], "summary": {"covered_lines": 59, "num_statements": 59, "percent_covered": 100.0, "percent_covered_display": "100", "missing_lines": 0, "excluded_lines": 0, "percent_statements_covered": 100.0, "percent_statements_covered_display": "100"}, "missing_lines": [], "excluded_lines": []}}, "classes": {"": {"executed_lines": [1, 13, 15, 16, 18, 19, 20, 21, 42, 43, 50, 53, 71, 72, 92, 93, 124, 125, 164, 165, 190, 191, 217, 218, 253, 254, 288, 289, 317, 318, 346, 347, 378, 379, 397, 398, 423, 424, 444, 445, 485, 486, 504, 505, 525, 526, 565, 566, 584, 585, 605, 606, 649, 650, 668, 669, 687, 688, 708, 709], "summary": {"covered_lines": 59, "num_statements": 154, "percent_covered": 38.311688311688314, "percent_covered_display": "38", "missing_lines": 95, "excluded_lines": 0, "percent_statements_covered": 38.311688311688314, "percent_statements_covered_display": "38"}, "missing_lines": [63, 88, 89, 112, 113, 114, 115, 119, 120, 121, 146, 147, 154, 155, 156, 183, 187, 210, 211, 212, 213, 214, 237, 238, 246, 247, 248, 249, 250, 275, 276, 281, 282, 283, 284, 285, 308, 309, 310, 311, 312, 313, 314, 337, 338, 339, 340, 341, 342, 343, 366, 367, 368, 369, 370, 393, 394, 414, 415, 440, 441, 464, 465, 475, 476, 477, 500, 501, 521, 522, 545, 546, 555, 556, 557, 580, 581, 601, 602, 625, 626, 639, 640, 641, 664, 665, 683, 684, 704, 705, 728, 729, 739, 740, 741], "excluded_lines": []}}}, "app/api/v1/consolidation.py": {"executed_lines": [1, 11, 12, 13, 15, 16, 18, 19, 20, 33, 34, 39, 41, 44, 59, 79, 80, 174, 175, 218, 219, 285, 286, 354, 355, 389, 390, 460, 461, 505, 506, 567, 568, 622, 625], "summary": {"covered_lines": 34, "num_statements": 166, "percent_covered": 20.481927710843372, "percent_covered_display": "20", "missing_lines": 132, "excluded_lines": 0, "percent_statements_covered": 20.481927710843372, "percent_statements_covered_display": "20"}, "missing_lines": [56, 71, 101, 103, 106, 110, 111, 117, 118, 119, 120, 122, 123, 124, 125, 127, 128, 130, 131, 132, 133, 134, 135, 136, 137, 138, 139, 140, 141, 144, 145, 147, 165, 166, 167, 168, 200, 202, 205, 207, 208, 209, 210, 211, 212, 243, 245, 249, 250, 255, 258, 262, 271, 272, 273, 274, 278, 279, 312, 314, 318, 319, 324, 327, 331, 340, 341, 342, 343, 347, 348, 376, 377, 378, 380, 381, 382, 383, 411, 413, 418, 422, 423, 428, 446, 447, 448, 449, 490, 491, 492, 494, 495, 496, 497, 498, 499, 529, 530, 533, 534, 535, 538, 542, 543, 548, 558, 559, 560, 561, 592, 593, 594, 596, 597, 598, 609, 611, 612, 613, 614, 615, 616, 649, 650, 651, 660, 661, 662, 663, 664, 665], "excluded_lines": [], "functions": {"get_consolidation_service": {"executed_lines": [], "summary": {"covered_lines": 0, "num_statements": 1, "percent_covered": 0.0, "percent_covered_display": "0", "missing_lines": 1, "excluded_lines": 0, "percent_statements_covered": 0.0, "percent_statements_covered_display": "0"}, "missing_lines": [56], "excluded_lines": []}, "get_financial_statements_service": {"executed_lines": [], "summary": {"covered_lines": 0, "num_statements": 1, "percent_covered": 0.0, "percent_covered_display": "0", "missing_lines": 1, "excluded_lines": 0, "percent_statements_covered": 0.0, "percent_statements_covered_display": "0"}, "missing_lines": [71], "excluded_lines": []}, "get_consolidated_budget": {"executed_lines": [], "summary": {"covered_lines": 0, "num_statements": 34, "percent_covered": 0.0, "percent_covered_display": "0", "missing_lines": 34, "excluded_lines": 0, "percent_statements_covered": 0.0, "percent_statements_covered_display": "0"}, "missing_lines": [101, 103, 106, 110, 111, 117, 118, 119, 120, 122, 123, 124, 125, 127, 128, 130, 131, 132, 133, 134, 135, 136, 137, 138, 139, 140, 141, 144, 145, 147, 165, 166, 167, 168], "excluded_lines": []}, "consolidate_budget": {"executed_lines": [], "summary": {"covered_lines": 0, "num_statements": 9, "percent_covered": 0.0, "percent_covered_display": "0", "missing_lines": 9, "excluded_lines": 0, "percent_statements_covered": 0.0, "percent_statements_covered_display": "0"}, "missing_lines": [200, 202, 205, 207, 208, 209, 210, 211, 212], "excluded_lines": []}, "submit_for_approval": {"executed_lines": [], "summary": {"covered_lines": 0, "num_statements": 13, "percent_covered": 0.0, "percent_covered_display": "0", "missing_lines": 13, "excluded_lines": 0, "percent_statements_covered": 0.0, "percent_statements_covered_display": "0"}, "missing_lines": [243, 245, 249, 250, 255, 258, 262, 271, 272, 273, 274, 278, 279], "excluded_lines": []}, "approve_budget": {"executed_lines": [], "summary": {"covered_lines": 0, "num_statements": 13, "percent_covered": 0.0, "percent_covered_display": "0", "missing_lines": 13, "excluded_lines": 0, "percent_statements_covered": 0.0, "percent_statements_covered_display": "0"}, "missing_lines": [312, 314, 318, 319, 324, 327, 331, 340, 341, 342, 343, 347, 348], "excluded_lines": []}, "validate_budget_completeness": {"executed_lines": [], "summary": {"covered_lines": 0, "num_statements": 7, "percent_covered": 0.0, "percent_covered_display": "0", "missing_lines": 7, "excluded_lines": 0, "percent_statements_covered": 0.0, "percent_statements_covered_display": "0"}, "missing_lines": [376, 377, 378, 380, 381, 382, 383], "excluded_lines": []}, "get_consolidation_summary": {"executed_lines": [], "summary": {"covered_lines": 0, "num_statements": 10, "percent_covered": 0.0, "percent_covered_display": "0", "missing_lines": 10, "excluded_lines": 0, "percent_statements_covered": 0.0, "percent_statements_covered_display": "0"}, "missing_lines": [411, 413, 418, 422, 423, 428, 446, 447, 448, 449], "excluded_lines": []}, "get_income_statement": {"executed_lines": [], "summary": {"covered_lines": 0, "num_statements": 9, "percent_covered": 0.0, "percent_covered_display": "0", "missing_lines": 9, "excluded_lines": 0, "percent_statements_covered": 0.0, "percent_statements_covered_display": "0"}, "missing_lines": [490, 491, 492, 494, 495, 496, 497, 498, 499], "excluded_lines": []}, "get_balance_sheet": {"executed_lines": [], "summary": {"covered_lines": 0, "num_statements": 13, "percent_covered": 0.0, "percent_covered_display": "0", "missing_lines": 13, "excluded_lines": 0, "percent_statements_covered": 0.0, "percent_statements_covered_display": "0"}, "missing_lines": [529, 530, 533, 534, 535, 538, 542, 543, 548, 558, 559, 560, 561], "excluded_lines": []}, "get_period_totals": {"executed_lines": [], "summary": {"covered_lines": 0, "num_statements": 13, "percent_covered": 0.0, "percent_covered_display": "0", "missing_lines": 13, "excluded_lines": 0, "percent_statements_covered": 0.0, "percent_statements_covered_display": "0"}, "missing_lines": [592, 593, 594, 596, 597, 598, 609, 611, 612, 613, 614, 615, 616], "excluded_lines": []}, "get_period_total": {"executed_lines": [], "summary": {"covered_lines": 0, "num_statements": 9, "percent_covered": 0.0, "percent_covered_display": "0", "missing_lines": 9, "excluded_lines": 0, "percent_statements_covered": 0.0, "percent_statements_covered_display": "0"}, "missing_lines": [649, 650, 651, 660, 661, 662, 663, 664, 665], "excluded_lines": []}, "": {"executed_lines": [1, 11, 12, 13, 15, 16, 18, 19, 20, 33, 34, 39, 41, 44, 59, 79, 80, 174, 175, 218, 219, 285, 286, 354, 355, 389, 390, 460, 461, 505, 506, 567, 568, 622, 625], "summary": {"covered_lines": 34, "num_statements": 34, "percent_covered": 100.0, "percent_covered_display": "100", "missing_lines": 0, "excluded_lines": 0, "percent_statements_covered": 100.0, "percent_statements_covered_display": "100"}, "missing_lines": [], "excluded_lines": []}}, "classes": {"": {"executed_lines": [1, 11, 12, 13, 15, 16, 18, 19, 20, 33, 34, 39, 41, 44, 59, 79, 80, 174, 175, 218, 219, 285, 286, 354, 355, 389, 390, 460, 461, 505, 506, 567, 568, 622, 625], "summary": {"covered_lines": 34, "num_statements": 166, "percent_covered": 20.481927710843372, "percent_covered_display": "20", "missing_lines": 132, "excluded_lines": 0, "percent_statements_covered": 20.481927710843372, "percent_statements_covered_display": "20"}, "missing_lines": [56, 71, 101, 103, 106, 110, 111, 117, 118, 119, 120, 122, 123, 124, 125, 127, 128, 130, 131, 132, 133, 134, 135, 136, 137, 138, 139, 140, 141, 144, 145, 147, 165, 166, 167, 168, 200, 202, 205, 207, 208, 209, 210, 211, 212, 243, 245, 249, 250, 255, 258, 262, 271, 272, 273, 274, 278, 279, 312, 314, 318, 319, 324, 327, 331, 340, 341, 342, 343, 347, 348, 376, 377, 378, 380, 381, 382, 383, 411, 413, 418, 422, 423, 428, 446, 447, 448, 449, 490, 491, 492, 494, 495, 496, 497, 498, 499, 529, 530, 533, 534, 535, 538, 542, 543, 548, 558, 559, 560, 561, 592, 593, 594, 596, 597, 598, 609, 611, 612, 613, 614, 615, 616, 649, 650, 651, 660, 661, 662, 663, 664, 665], "excluded_lines": []}}}, "app/api/v1/costs.py": {"executed_lines": [1, 11, 13, 14, 16, 17, 18, 33, 34, 35, 39, 41, 44, 57, 70, 88, 89, 112, 113, 143, 144, 182, 183, 211, 212, 235, 236, 267, 268, 312, 313, 336, 337, 368, 369, 406, 407, 435, 436, 459, 460, 498, 499, 541, 542, 569, 570, 602, 603, 633, 634, 657, 658], "summary": {"covered_lines": 52, "num_statements": 176, "percent_covered": 29.545454545454547, "percent_covered_display": "30", "missing_lines": 124, "excluded_lines": 0, "percent_statements_covered": 29.545454545454547, "percent_statements_covered_display": "30"}, "missing_lines": [54, 67, 80, 105, 106, 107, 108, 109, 131, 132, 136, 137, 138, 139, 140, 162, 163, 175, 176, 177, 178, 179, 199, 200, 201, 202, 203, 228, 229, 230, 231, 232, 254, 255, 260, 261, 262, 263, 264, 286, 287, 300, 301, 302, 303, 304, 329, 330, 331, 332, 333, 355, 356, 361, 362, 363, 364, 365, 387, 388, 399, 400, 401, 402, 403, 423, 424, 425, 426, 427, 452, 453, 454, 455, 456, 478, 479, 491, 492, 493, 494, 495, 519, 520, 532, 533, 534, 535, 536, 537, 538, 560, 561, 562, 563, 564, 565, 566, 588, 589, 593, 594, 595, 596, 597, 598, 599, 621, 622, 626, 627, 628, 629, 630, 650, 651, 652, 653, 654, 676, 677, 681, 682, 683], "excluded_lines": [], "functions": {"get_revenue_service": {"executed_lines": [], "summary": {"covered_lines": 0, "num_statements": 1, "percent_covered": 0.0, "percent_covered_display": "0", "missing_lines": 1, "excluded_lines": 0, "percent_statements_covered": 0.0, "percent_statements_covered_display": "0"}, "missing_lines": [54], "excluded_lines": []}, "get_cost_service": {"executed_lines": [], "summary": {"covered_lines": 0, "num_statements": 1, "percent_covered": 0.0, "percent_covered_display": "0", "missing_lines": 1, "excluded_lines": 0, "percent_statements_covered": 0.0, "percent_statements_covered_display": "0"}, "missing_lines": [67], "excluded_lines": []}, "get_capex_service": {"executed_lines": [], "summary": {"covered_lines": 0, "num_statements": 1, "percent_covered": 0.0, "percent_covered_display": "0", "missing_lines": 1, "excluded_lines": 0, "percent_statements_covered": 0.0, "percent_statements_covered_display": "0"}, "missing_lines": [80], "excluded_lines": []}, "get_revenue_plan": {"executed_lines": [], "summary": {"covered_lines": 0, "num_statements": 5, "percent_covered": 0.0, "percent_covered_display": "0", "missing_lines": 5, "excluded_lines": 0, "percent_statements_covered": 0.0, "percent_statements_covered_display": "0"}, "missing_lines": [105, 106, 107, 108, 109], "excluded_lines": []}, "calculate_revenue": {"executed_lines": [], "summary": {"covered_lines": 0, "num_statements": 7, "percent_covered": 0.0, "percent_covered_display": "0", "missing_lines": 7, "excluded_lines": 0, "percent_statements_covered": 0.0, "percent_statements_covered_display": "0"}, "missing_lines": [131, 132, 136, 137, 138, 139, 140], "excluded_lines": []}, "create_revenue_entry": {"executed_lines": [], "summary": {"covered_lines": 0, "num_statements": 7, "percent_covered": 0.0, "percent_covered_display": "0", "missing_lines": 7, "excluded_lines": 0, "percent_statements_covered": 0.0, "percent_statements_covered_display": "0"}, "missing_lines": [162, 163, 175, 176, 177, 178, 179], "excluded_lines": []}, "get_revenue_summary": {"executed_lines": [], "summary": {"covered_lines": 0, "num_statements": 5, "percent_covered": 0.0, "percent_covered_display": "0", "missing_lines": 5, "excluded_lines": 0, "percent_statements_covered": 0.0, "percent_statements_covered_display": "0"}, "missing_lines": [199, 200, 201, 202, 203], "excluded_lines": []}, "get_personnel_costs": {"executed_lines": [], "summary": {"covered_lines": 0, "num_statements": 5, "percent_covered": 0.0, "percent_covered_display": "0", "missing_lines": 5, "excluded_lines": 0, "percent_statements_covered": 0.0, "percent_statements_covered_display": "0"}, "missing_lines": [228, 229, 230, 231, 232], "excluded_lines": []}, "calculate_personnel_costs": {"executed_lines": [], "summary": {"covered_lines": 0, "num_statements": 7, "percent_covered": 0.0, "percent_covered_display": "0", "missing_lines": 7, "excluded_lines": 0, "percent_statements_covered": 0.0, "percent_statements_covered_display": "0"}, "missing_lines": [254, 255, 260, 261, 262, 263, 264], "excluded_lines": []}, "create_personnel_cost_entry": {"executed_lines": [], "summary": {"covered_lines": 0, "num_statements": 7, "percent_covered": 0.0, "percent_covered_display": "0", "missing_lines": 7, "excluded_lines": 0, "percent_statements_covered": 0.0, "percent_statements_covered_display": "0"}, "missing_lines": [286, 287, 300, 301, 302, 303, 304], "excluded_lines": []}, "get_operating_costs": {"executed_lines": [], "summary": {"covered_lines": 0, "num_statements": 5, "percent_covered": 0.0, "percent_covered_display": "0", "missing_lines": 5, "excluded_lines": 0, "percent_statements_covered": 0.0, "percent_statements_covered_display": "0"}, "missing_lines": [329, 330, 331, 332, 333], "excluded_lines": []}, "calculate_operating_costs": {"executed_lines": [], "summary": {"covered_lines": 0, "num_statements": 7, "percent_covered": 0.0, "percent_covered_display": "0", "missing_lines": 7, "excluded_lines": 0, "percent_statements_covered": 0.0, "percent_statements_covered_display": "0"}, "missing_lines": [355, 356, 361, 362, 363, 364, 365], "excluded_lines": []}, "create_operating_cost_entry": {"executed_lines": [], "summary": {"covered_lines": 0, "num_statements": 7, "percent_covered": 0.0, "percent_covered_display": "0", "missing_lines": 7, "excluded_lines": 0, "percent_statements_covered": 0.0, "percent_statements_covered_display": "0"}, "missing_lines": [387, 388, 399, 400, 401, 402, 403], "excluded_lines": []}, "get_cost_summary": {"executed_lines": [], "summary": {"covered_lines": 0, "num_statements": 5, "percent_covered": 0.0, "percent_covered_display": "0", "missing_lines": 5, "excluded_lines": 0, "percent_statements_covered": 0.0, "percent_statements_covered_display": "0"}, "missing_lines": [423, 424, 425, 426, 427], "excluded_lines": []}, "get_capex_plan": {"executed_lines": [], "summary": {"covered_lines": 0, "num_statements": 5, "percent_covered": 0.0, "percent_covered_display": "0", "missing_lines": 5, "excluded_lines": 0, "percent_statements_covered": 0.0, "percent_statements_covered_display": "0"}, "missing_lines": [452, 453, 454, 455, 456], "excluded_lines": []}, "create_capex_entry": {"executed_lines": [], "summary": {"covered_lines": 0, "num_statements": 7, "percent_covered": 0.0, "percent_covered_display": "0", "missing_lines": 7, "excluded_lines": 0, "percent_statements_covered": 0.0, "percent_statements_covered_display": "0"}, "missing_lines": [478, 479, 491, 492, 493, 494, 495], "excluded_lines": []}, "update_capex_entry": {"executed_lines": [], "summary": {"covered_lines": 0, "num_statements": 9, "percent_covered": 0.0, "percent_covered_display": "0", "missing_lines": 9, "excluded_lines": 0, "percent_statements_covered": 0.0, "percent_statements_covered_display": "0"}, "missing_lines": [519, 520, 532, 533, 534, 535, 536, 537, 538], "excluded_lines": []}, "delete_capex_entry": {"executed_lines": [], "summary": {"covered_lines": 0, "num_statements": 7, "percent_covered": 0.0, "percent_covered_display": "0", "missing_lines": 7, "excluded_lines": 0, "percent_statements_covered": 0.0, "percent_statements_covered_display": "0"}, "missing_lines": [560, 561, 562, 563, 564, 565, 566], "excluded_lines": []}, "calculate_depreciation": {"executed_lines": [], "summary": {"covered_lines": 0, "num_statements": 9, "percent_covered": 0.0, "percent_covered_display": "0", "missing_lines": 9, "excluded_lines": 0, "percent_statements_covered": 0.0, "percent_statements_covered_display": "0"}, "missing_lines": [588, 589, 593, 594, 595, 596, 597, 598, 599], "excluded_lines": []}, "get_depreciation_schedule": {"executed_lines": [], "summary": {"covered_lines": 0, "num_statements": 7, "percent_covered": 0.0, "percent_covered_display": "0", "missing_lines": 7, "excluded_lines": 0, "percent_statements_covered": 0.0, "percent_statements_covered_display": "0"}, "missing_lines": [621, 622, 626, 627, 628, 629, 630], "excluded_lines": []}, "get_capex_summary": {"executed_lines": [], "summary": {"covered_lines": 0, "num_statements": 5, "percent_covered": 0.0, "percent_covered_display": "0", "missing_lines": 5, "excluded_lines": 0, "percent_statements_covered": 0.0, "percent_statements_covered_display": "0"}, "missing_lines": [650, 651, 652, 653, 654], "excluded_lines": []}, "get_annual_depreciation": {"executed_lines": [], "summary": {"covered_lines": 0, "num_statements": 5, "percent_covered": 0.0, "percent_covered_display": "0", "missing_lines": 5, "excluded_lines": 0, "percent_statements_covered": 0.0, "percent_statements_covered_display": "0"}, "missing_lines": [676, 677, 681, 682, 683], "excluded_lines": []}, "": {"executed_lines": [1, 11, 13, 14, 16, 17, 18, 33, 34, 35, 39, 41, 44, 57, 70, 88, 89, 112, 113, 143, 144, 182, 183, 211, 212, 235, 236, 267, 268, 312, 313, 336, 337, 368, 369, 406, 407, 435, 436, 459, 460, 498, 499, 541, 542, 569, 570, 602, 603, 633, 634, 657, 658], "summary": {"covered_lines": 52, "num_statements": 52, "percent_covered": 100.0, "percent_covered_display": "100", "missing_lines": 0, "excluded_lines": 0, "percent_statements_covered": 100.0, "percent_statements_covered_display": "100"}, "missing_lines": [], "excluded_lines": []}}, "classes": {"": {"executed_lines": [1, 11, 13, 14, 16, 17, 18, 33, 34, 35, 39, 41, 44, 57, 70, 88, 89, 112, 113, 143, 144, 182, 183, 211, 212, 235, 236, 267, 268, 312, 313, 336, 337, 368, 369, 406, 407, 435, 436, 459, 460, 498, 499, 541, 542, 569, 570, 602, 603, 633, 634, 657, 658], "summary": {"covered_lines": 52, "num_statements": 176, "percent_covered": 29.545454545454547, "percent_covered_display": "30", "missing_lines": 124, "excluded_lines": 0, "percent_statements_covered": 29.545454545454547, "percent_statements_covered_display": "30"}, "missing_lines": [54, 67, 80, 105, 106, 107, 108, 109, 131, 132, 136, 137, 138, 139, 140, 162, 163, 175, 176, 177, 178, 179, 199, 200, 201, 202, 203, 228, 229, 230, 231, 232, 254, 255, 260, 261, 262, 263, 264, 286, 287, 300, 301, 302, 303, 304, 329, 330, 331, 332, 333, 355, 356, 361, 362, 363, 364, 365, 387, 388, 399, 400, 401, 402, 403, 423, 424, 425, 426, 427, 452, 453, 454, 455, 456, 478, 479, 491, 492, 493, 494, 495, 519, 520, 532, 533, 534, 535, 536, 537, 538, 560, 561, 562, 563, 564, 565, 566, 588, 589, 593, 594, 595, 596, 597, 598, 599, 621, 622, 626, 627, 628, 629, 630, 650, 651, 652, 653, 654, 676, 677, 681, 682, 683], "excluded_lines": []}}}, "app/api/v1/integrations.py": {"executed_lines": [1, 12, 13, 15, 16, 17, 19, 20, 21, 38, 39, 40, 46, 52, 60, 61, 99, 100, 185, 186, 221, 222, 244, 245, 277, 278, 320, 321, 356, 357, 385, 386, 424, 425, 444, 445, 466, 467, 496, 497, 548, 549, 577, 578, 632, 633, 683, 684], "summary": {"covered_lines": 47, "num_statements": 224, "percent_covered": 20.982142857142858, "percent_covered_display": "21", "missing_lines": 177, "excluded_lines": 0, "percent_statements_covered": 20.982142857142858, "percent_statements_covered_display": "21"}, "missing_lines": [70, 72, 73, 80, 86, 87, 92, 93, 109, 111, 113, 117, 118, 120, 121, 127, 128, 129, 130, 131, 133, 134, 140, 141, 142, 143, 145, 148, 158, 165, 173, 174, 178, 179, 195, 197, 198, 203, 209, 210, 214, 215, 232, 254, 256, 257, 259, 265, 266, 270, 271, 288, 290, 291, 296, 303, 304, 308, 309, 313, 314, 330, 332, 333, 337, 344, 345, 349, 350, 366, 368, 369, 371, 373, 374, 395, 397, 398, 400, 407, 408, 412, 413, 417, 418, 431, 433, 434, 435, 437, 438, 453, 455, 456, 457, 459, 460, 473, 475, 476, 478, 484, 485, 507, 509, 512, 513, 515, 517, 518, 519, 522, 529, 531, 532, 535, 536, 538, 540, 541, 542, 558, 561, 562, 564, 565, 571, 572, 574, 588, 591, 592, 594, 595, 600, 601, 602, 603, 604, 605, 606, 607, 608, 610, 611, 614, 615, 617, 619, 620, 621, 645, 646, 648, 649, 650, 651, 653, 654, 656, 657, 660, 661, 662, 663, 664, 666, 667, 669, 676, 677, 691, 692, 693, 695, 696, 701], "excluded_lines": [], "functions": {"test_odoo_connection": {"executed_lines": [], "summary": {"covered_lines": 0, "num_statements": 8, "percent_covered": 0.0, "percent_covered_display": "0", "missing_lines": 8, "excluded_lines": 0, "percent_statements_covered": 0.0, "percent_statements_covered_display": "0"}, "missing_lines": [70, 72, 73, 80, 86, 87, 92, 93], "excluded_lines": []}, "import_odoo_actuals": {"executed_lines": [], "summary": {"covered_lines": 0, "num_statements": 26, "percent_covered": 0.0, "percent_covered_display": "0", "missing_lines": 26, "excluded_lines": 0, "percent_statements_covered": 0.0, "percent_statements_covered_display": "0"}, "missing_lines": [109, 111, 113, 117, 118, 120, 121, 127, 128, 129, 130, 131, 133, 134, 140, 141, 142, 143, 145, 148, 158, 165, 173, 174, 178, 179], "excluded_lines": []}, "sync_odoo_actuals": {"executed_lines": [], "summary": {"covered_lines": 0, "num_statements": 8, "percent_covered": 0.0, "percent_covered_display": "0", "missing_lines": 8, "excluded_lines": 0, "percent_statements_covered": 0.0, "percent_statements_covered_display": "0"}, "missing_lines": [195, 197, 198, 203, 209, 210, 214, 215], "excluded_lines": []}, "get_odoo_actuals": {"executed_lines": [], "summary": {"covered_lines": 0, "num_statements": 1, "percent_covered": 0.0, "percent_covered_display": "0", "missing_lines": 1, "excluded_lines": 0, "percent_statements_covered": 0.0, "percent_statements_covered_display": "0"}, "missing_lines": [232], "excluded_lines": []}, "export_skolengo_enrollment": {"executed_lines": [], "summary": {"covered_lines": 0, "num_statements": 8, "percent_covered": 0.0, "percent_covered_display": "0", "missing_lines": 8, "excluded_lines": 0, "percent_statements_covered": 0.0, "percent_statements_covered_display": "0"}, "missing_lines": [254, 256, 257, 259, 265, 266, 270, 271], "excluded_lines": []}, "import_skolengo_enrollment": {"executed_lines": [], "summary": {"covered_lines": 0, "num_statements": 10, "percent_covered": 0.0, "percent_covered_display": "0", "missing_lines": 10, "excluded_lines": 0, "percent_statements_covered": 0.0, "percent_statements_covered_display": "0"}, "missing_lines": [288, 290, 291, 296, 303, 304, 308, 309, 313, 314], "excluded_lines": []}, "sync_skolengo_enrollment": {"executed_lines": [], "summary": {"covered_lines": 0, "num_statements": 8, "percent_covered": 0.0, "percent_covered_display": "0", "missing_lines": 8, "excluded_lines": 0, "percent_statements_covered": 0.0, "percent_statements_covered_display": "0"}, "missing_lines": [330, 332, 333, 337, 344, 345, 349, 350], "excluded_lines": []}, "compare_skolengo_enrollments": {"executed_lines": [], "summary": {"covered_lines": 0, "num_statements": 6, "percent_covered": 0.0, "percent_covered_display": "0", "missing_lines": 6, "excluded_lines": 0, "percent_statements_covered": 0.0, "percent_statements_covered_display": "0"}, "missing_lines": [366, 368, 369, 371, 373, 374], "excluded_lines": []}, "import_aefe_positions": {"executed_lines": [], "summary": {"covered_lines": 0, "num_statements": 10, "percent_covered": 0.0, "percent_covered_display": "0", "missing_lines": 10, "excluded_lines": 0, "percent_statements_covered": 0.0, "percent_statements_covered_display": "0"}, "missing_lines": [395, 397, 398, 400, 407, 408, 412, 413, 417, 418], "excluded_lines": []}, "get_aefe_positions": {"executed_lines": [], "summary": {"covered_lines": 0, "num_statements": 6, "percent_covered": 0.0, "percent_covered_display": "0", "missing_lines": 6, "excluded_lines": 0, "percent_statements_covered": 0.0, "percent_statements_covered_display": "0"}, "missing_lines": [431, 433, 434, 435, 437, 438], "excluded_lines": []}, "get_aefe_position_summary": {"executed_lines": [], "summary": {"covered_lines": 0, "num_statements": 6, "percent_covered": 0.0, "percent_covered_display": "0", "missing_lines": 6, "excluded_lines": 0, "percent_statements_covered": 0.0, "percent_statements_covered_display": "0"}, "missing_lines": [453, 455, 456, 457, 459, 460], "excluded_lines": []}, "download_aefe_template": {"executed_lines": [], "summary": {"covered_lines": 0, "num_statements": 6, "percent_covered": 0.0, "percent_covered_display": "0", "missing_lines": 6, "excluded_lines": 0, "percent_statements_covered": 0.0, "percent_statements_covered_display": "0"}, "missing_lines": [473, 475, 476, 478, 484, 485], "excluded_lines": []}, "create_integration_settings": {"executed_lines": [], "summary": {"covered_lines": 0, "num_statements": 18, "percent_covered": 0.0, "percent_covered_display": "0", "missing_lines": 18, "excluded_lines": 0, "percent_statements_covered": 0.0, "percent_statements_covered_display": "0"}, "missing_lines": [507, 509, 512, 513, 515, 517, 518, 519, 522, 529, 531, 532, 535, 536, 538, 540, 541, 542], "excluded_lines": []}, "get_integration_settings": {"executed_lines": [], "summary": {"covered_lines": 0, "num_statements": 8, "percent_covered": 0.0, "percent_covered_display": "0", "missing_lines": 8, "excluded_lines": 0, "percent_statements_covered": 0.0, "percent_statements_covered_display": "0"}, "missing_lines": [558, 561, 562, 564, 565, 571, 572, 574], "excluded_lines": []}, "update_integration_settings": {"executed_lines": [], "summary": {"covered_lines": 0, "num_statements": 22, "percent_covered": 0.0, "percent_covered_display": "0", "missing_lines": 22, "excluded_lines": 0, "percent_statements_covered": 0.0, "percent_statements_covered_display": "0"}, "missing_lines": [588, 591, 592, 594, 595, 600, 601, 602, 603, 604, 605, 606, 607, 608, 610, 611, 614, 615, 617, 619, 620, 621], "excluded_lines": []}, "get_integration_logs": {"executed_lines": [], "summary": {"covered_lines": 0, "num_statements": 20, "percent_covered": 0.0, "percent_covered_display": "0", "missing_lines": 20, "excluded_lines": 0, "percent_statements_covered": 0.0, "percent_statements_covered_display": "0"}, "missing_lines": [645, 646, 648, 649, 650, 651, 653, 654, 656, 657, 660, 661, 662, 663, 664, 666, 667, 669, 676, 677], "excluded_lines": []}, "get_integration_log": {"executed_lines": [], "summary": {"covered_lines": 0, "num_statements": 6, "percent_covered": 0.0, "percent_covered_display": "0", "missing_lines": 6, "excluded_lines": 0, "percent_statements_covered": 0.0, "percent_statements_covered_display": "0"}, "missing_lines": [691, 692, 693, 695, 696, 701], "excluded_lines": []}, "": {"executed_lines": [1, 12, 13, 15, 16, 17, 19, 20, 21, 38, 39, 40, 46, 52, 60, 61, 99, 100, 185, 186, 221, 222, 244, 245, 277, 278, 320, 321, 356, 357, 385, 386, 424, 425, 444, 445, 466, 467, 496, 497, 548, 549, 577, 578, 632, 633, 683, 684], "summary": {"covered_lines": 47, "num_statements": 47, "percent_covered": 100.0, "percent_covered_display": "100", "missing_lines": 0, "excluded_lines": 0, "percent_statements_covered": 100.0, "percent_statements_covered_display": "100"}, "missing_lines": [], "excluded_lines": []}}, "classes": {"": {"executed_lines": [1, 12, 13, 15, 16, 17, 19, 20, 21, 38, 39, 40, 46, 52, 60, 61, 99, 100, 185, 186, 221, 222, 244, 245, 277, 278, 320, 321, 356, 357, 385, 386, 424, 425, 444, 445, 466, 467, 496, 497, 548, 549, 577, 578, 632, 633, 683, 684], "summary": {"covered_lines": 47, "num_statements": 224, "percent_covered": 20.982142857142858, "percent_covered_display": "21", "missing_lines": 177, "excluded_lines": 0, "percent_statements_covered": 20.982142857142858, "percent_statements_covered_display": "21"}, "missing_lines": [70, 72, 73, 80, 86, 87, 92, 93, 109, 111, 113, 117, 118, 120, 121, 127, 128, 129, 130, 131, 133, 134, 140, 141, 142, 143, 145, 148, 158, 165, 173, 174, 178, 179, 195, 197, 198, 203, 209, 210, 214, 215, 232, 254, 256, 257, 259, 265, 266, 270, 271, 288, 290, 291, 296, 303, 304, 308, 309, 313, 314, 330, 332, 333, 337, 344, 345, 349, 350, 366, 368, 369, 371, 373, 374, 395, 397, 398, 400, 407, 408, 412, 413, 417, 418, 431, 433, 434, 435, 437, 438, 453, 455, 456, 457, 459, 460, 473, 475, 476, 478, 484, 485, 507, 509, 512, 513, 515, 517, 518, 519, 522, 529, 531, 532, 535, 536, 538, 540, 541, 542, 558, 561, 562, 564, 565, 571, 572, 574, 588, 591, 592, 594, 595, 600, 601, 602, 603, 604, 605, 606, 607, 608, 610, 611, 614, 615, 617, 619, 620, 621, 645, 646, 648, 649, 650, 651, 653, 654, 656, 657, 660, 661, 662, 663, 664, 666, 667, 669, 676, 677, 691, 692, 693, 695, 696, 701], "excluded_lines": []}}}, "app/api/v1/planning.py": {"executed_lines": [1, 11, 13, 14, 16, 17, 18, 37, 38, 39, 40, 46, 49, 62, 77, 95, 99, 126, 131, 171, 175, 215, 219, 246, 250, 275, 278, 321, 325, 354, 358, 398, 402, 450, 454, 479, 483, 523, 527, 552, 556, 596, 600, 625, 630, 667, 671, 707, 711, 754, 758, 790, 794], "summary": {"covered_lines": 52, "num_statements": 193, "percent_covered": 26.94300518134715, "percent_covered_display": "27", "missing_lines": 141, "excluded_lines": 0, "percent_statements_covered": 26.94300518134715, "percent_statements_covered_display": "27"}, "missing_lines": [59, 74, 87, 115, 116, 117, 118, 119, 120, 121, 149, 150, 158, 159, 160, 161, 162, 165, 166, 193, 194, 200, 201, 202, 203, 204, 205, 206, 209, 210, 235, 236, 237, 238, 239, 240, 241, 266, 267, 268, 269, 270, 296, 297, 303, 304, 305, 306, 307, 310, 311, 343, 344, 347, 348, 349, 378, 379, 385, 386, 387, 388, 389, 392, 393, 422, 423, 434, 435, 436, 437, 438, 439, 440, 470, 471, 472, 473, 474, 501, 502, 507, 508, 509, 512, 513, 543, 544, 545, 546, 547, 574, 575, 580, 581, 582, 585, 586, 616, 617, 618, 619, 620, 648, 649, 658, 659, 660, 661, 662, 689, 690, 696, 697, 698, 699, 700, 701, 702, 729, 730, 740, 745, 746, 747, 748, 749, 774, 775, 776, 777, 778, 779, 780, 810, 811, 812, 813, 814, 817, 818], "excluded_lines": [], "functions": {"get_enrollment_service": {"executed_lines": [], "summary": {"covered_lines": 0, "num_statements": 1, "percent_covered": 0.0, "percent_covered_display": "0", "missing_lines": 1, "excluded_lines": 0, "percent_statements_covered": 0.0, "percent_statements_covered_display": "0"}, "missing_lines": [59], "excluded_lines": []}, "get_class_structure_service": {"executed_lines": [], "summary": {"covered_lines": 0, "num_statements": 1, "percent_covered": 0.0, "percent_covered_display": "0", "missing_lines": 1, "excluded_lines": 0, "percent_statements_covered": 0.0, "percent_statements_covered_display": "0"}, "missing_lines": [74], "excluded_lines": []}, "get_dhg_service": {"executed_lines": [], "summary": {"covered_lines": 0, "num_statements": 1, "percent_covered": 0.0, "percent_covered_display": "0", "missing_lines": 1, "excluded_lines": 0, "percent_statements_covered": 0.0, "percent_statements_covered_display": "0"}, "missing_lines": [87], "excluded_lines": []}, "get_enrollment_plan": {"executed_lines": [], "summary": {"covered_lines": 0, "num_statements": 7, "percent_covered": 0.0, "percent_covered_display": "0", "missing_lines": 7, "excluded_lines": 0, "percent_statements_covered": 0.0, "percent_statements_covered_display": "0"}, "missing_lines": [115, 116, 117, 118, 119, 120, 121], "excluded_lines": []}, "create_enrollment": {"executed_lines": [], "summary": {"covered_lines": 0, "num_statements": 9, "percent_covered": 0.0, "percent_covered_display": "0", "missing_lines": 9, "excluded_lines": 0, "percent_statements_covered": 0.0, "percent_statements_covered_display": "0"}, "missing_lines": [149, 150, 158, 159, 160, 161, 162, 165, 166], "excluded_lines": []}, "update_enrollment": {"executed_lines": [], "summary": {"covered_lines": 0, "num_statements": 11, "percent_covered": 0.0, "percent_covered_display": "0", "missing_lines": 11, "excluded_lines": 0, "percent_statements_covered": 0.0, "percent_statements_covered_display": "0"}, "missing_lines": [193, 194, 200, 201, 202, 203, 204, 205, 206, 209, 210], "excluded_lines": []}, "delete_enrollment": {"executed_lines": [], "summary": {"covered_lines": 0, "num_statements": 7, "percent_covered": 0.0, "percent_covered_display": "0", "missing_lines": 7, "excluded_lines": 0, "percent_statements_covered": 0.0, "percent_statements_covered_display": "0"}, "missing_lines": [235, 236, 237, 238, 239, 240, 241], "excluded_lines": []}, "get_enrollment_summary": {"executed_lines": [], "summary": {"covered_lines": 0, "num_statements": 5, "percent_covered": 0.0, "percent_covered_display": "0", "missing_lines": 5, "excluded_lines": 0, "percent_statements_covered": 0.0, "percent_statements_covered_display": "0"}, "missing_lines": [266, 267, 268, 269, 270], "excluded_lines": []}, "project_enrollment": {"executed_lines": [], "summary": {"covered_lines": 0, "num_statements": 9, "percent_covered": 0.0, "percent_covered_display": "0", "missing_lines": 9, "excluded_lines": 0, "percent_statements_covered": 0.0, "percent_statements_covered_display": "0"}, "missing_lines": [296, 297, 303, 304, 305, 306, 307, 310, 311], "excluded_lines": []}, "get_class_structure": {"executed_lines": [], "summary": {"covered_lines": 0, "num_statements": 5, "percent_covered": 0.0, "percent_covered_display": "0", "missing_lines": 5, "excluded_lines": 0, "percent_statements_covered": 0.0, "percent_statements_covered_display": "0"}, "missing_lines": [343, 344, 347, 348, 349], "excluded_lines": []}, "calculate_class_structure": {"executed_lines": [], "summary": {"covered_lines": 0, "num_statements": 9, "percent_covered": 0.0, "percent_covered_display": "0", "missing_lines": 9, "excluded_lines": 0, "percent_statements_covered": 0.0, "percent_statements_covered_display": "0"}, "missing_lines": [378, 379, 385, 386, 387, 388, 389, 392, 393], "excluded_lines": []}, "update_class_structure": {"executed_lines": [], "summary": {"covered_lines": 0, "num_statements": 9, "percent_covered": 0.0, "percent_covered_display": "0", "missing_lines": 9, "excluded_lines": 0, "percent_statements_covered": 0.0, "percent_statements_covered_display": "0"}, "missing_lines": [422, 423, 434, 435, 436, 437, 438, 439, 440], "excluded_lines": []}, "get_dhg_subject_hours": {"executed_lines": [], "summary": {"covered_lines": 0, "num_statements": 5, "percent_covered": 0.0, "percent_covered_display": "0", "missing_lines": 5, "excluded_lines": 0, "percent_statements_covered": 0.0, "percent_statements_covered_display": "0"}, "missing_lines": [470, 471, 472, 473, 474], "excluded_lines": []}, "calculate_dhg_subject_hours": {"executed_lines": [], "summary": {"covered_lines": 0, "num_statements": 7, "percent_covered": 0.0, "percent_covered_display": "0", "missing_lines": 7, "excluded_lines": 0, "percent_statements_covered": 0.0, "percent_statements_covered_display": "0"}, "missing_lines": [501, 502, 507, 508, 509, 512, 513], "excluded_lines": []}, "get_teacher_requirements": {"executed_lines": [], "summary": {"covered_lines": 0, "num_statements": 5, "percent_covered": 0.0, "percent_covered_display": "0", "missing_lines": 5, "excluded_lines": 0, "percent_statements_covered": 0.0, "percent_statements_covered_display": "0"}, "missing_lines": [543, 544, 545, 546, 547], "excluded_lines": []}, "calculate_teacher_requirements": {"executed_lines": [], "summary": {"covered_lines": 0, "num_statements": 7, "percent_covered": 0.0, "percent_covered_display": "0", "missing_lines": 7, "excluded_lines": 0, "percent_statements_covered": 0.0, "percent_statements_covered_display": "0"}, "missing_lines": [574, 575, 580, 581, 582, 585, 586], "excluded_lines": []}, "get_teacher_allocations": {"executed_lines": [], "summary": {"covered_lines": 0, "num_statements": 5, "percent_covered": 0.0, "percent_covered_display": "0", "missing_lines": 5, "excluded_lines": 0, "percent_statements_covered": 0.0, "percent_statements_covered_display": "0"}, "missing_lines": [616, 617, 618, 619, 620], "excluded_lines": []}, "create_teacher_allocation": {"executed_lines": [], "summary": {"covered_lines": 0, "num_statements": 7, "percent_covered": 0.0, "percent_covered_display": "0", "missing_lines": 7, "excluded_lines": 0, "percent_statements_covered": 0.0, "percent_statements_covered_display": "0"}, "missing_lines": [648, 649, 658, 659, 660, 661, 662], "excluded_lines": []}, "update_teacher_allocation": {"executed_lines": [], "summary": {"covered_lines": 0, "num_statements": 9, "percent_covered": 0.0, "percent_covered_display": "0", "missing_lines": 9, "excluded_lines": 0, "percent_statements_covered": 0.0, "percent_statements_covered_display": "0"}, "missing_lines": [689, 690, 696, 697, 698, 699, 700, 701, 702], "excluded_lines": []}, "bulk_update_teacher_allocations": {"executed_lines": [], "summary": {"covered_lines": 0, "num_statements": 8, "percent_covered": 0.0, "percent_covered_display": "0", "missing_lines": 8, "excluded_lines": 0, "percent_statements_covered": 0.0, "percent_statements_covered_display": "0"}, "missing_lines": [729, 730, 740, 745, 746, 747, 748, 749], "excluded_lines": []}, "delete_teacher_allocation": {"executed_lines": [], "summary": {"covered_lines": 0, "num_statements": 7, "percent_covered": 0.0, "percent_covered_display": "0", "missing_lines": 7, "excluded_lines": 0, "percent_statements_covered": 0.0, "percent_statements_covered_display": "0"}, "missing_lines": [774, 775, 776, 777, 778, 779, 780], "excluded_lines": []}, "get_trmd_gap_analysis": {"executed_lines": [], "summary": {"covered_lines": 0, "num_statements": 7, "percent_covered": 0.0, "percent_covered_display": "0", "missing_lines": 7, "excluded_lines": 0, "percent_statements_covered": 0.0, "percent_statements_covered_display": "0"}, "missing_lines": [810, 811, 812, 813, 814, 817, 818], "excluded_lines": []}, "": {"executed_lines": [1, 11, 13, 14, 16, 17, 18, 37, 38, 39, 40, 46, 49, 62, 77, 95, 99, 126, 131, 171, 175, 215, 219, 246, 250, 275, 278, 321, 325, 354, 358, 398, 402, 450, 454, 479, 483, 523, 527, 552, 556, 596, 600, 625, 630, 667, 671, 707, 711, 754, 758, 790, 794], "summary": {"covered_lines": 52, "num_statements": 52, "percent_covered": 100.0, "percent_covered_display": "100", "missing_lines": 0, "excluded_lines": 0, "percent_statements_covered": 100.0, "percent_statements_covered_display": "100"}, "missing_lines": [], "excluded_lines": []}}, "classes": {"": {"executed_lines": [1, 11, 13, 14, 16, 17, 18, 37, 38, 39, 40, 46, 49, 62, 77, 95, 99, 126, 131, 171, 175, 215, 219, 246, 250, 275, 278, 321, 325, 354, 358, 398, 402, 450, 454, 479, 483, 523, 527, 552, 556, 596, 600, 625, 630, 667, 671, 707, 711, 754, 758, 790, 794], "summary": {"covered_lines": 52, "num_statements": 193, "percent_covered": 26.94300518134715, "percent_covered_display": "27", "missing_lines": 141, "excluded_lines": 0, "percent_statements_covered": 26.94300518134715, "percent_statements_covered_display": "27"}, "missing_lines": [59, 74, 87, 115, 116, 117, 118, 119, 120, 121, 149, 150, 158, 159, 160, 161, 162, 165, 166, 193, 194, 200, 201, 202, 203, 204, 205, 206, 209, 210, 235, 236, 237, 238, 239, 240, 241, 266, 267, 268, 269, 270, 296, 297, 303, 304, 305, 306, 307, 310, 311, 343, 344, 347, 348, 349, 378, 379, 385, 386, 387, 388, 389, 392, 393, 422, 423, 434, 435, 436, 437, 438, 439, 440, 470, 471, 472, 473, 474, 501, 502, 507, 508, 509, 512, 513, 543, 544, 545, 546, 547, 574, 575, 580, 581, 582, 585, 586, 616, 617, 618, 619, 620, 648, 649, 658, 659, 660, 661, 662, 689, 690, 696, 697, 698, 699, 700, 701, 702, 729, 730, 740, 745, 746, 747, 748, 749, 774, 775, 776, 777, 778, 779, 780, 810, 811, 812, 813, 814, 817, 818], "excluded_lines": []}}}, "app/core/__init__.py": {"executed_lines": [1, 10], "summary": {"covered_lines": 1, "num_statements": 1, "percent_covered": 100.0, "percent_covered_display": "100", "missing_lines": 0, "excluded_lines": 0, "percent_statements_covered": 100.0, "percent_statements_covered_display": "100"}, "missing_lines": [], "excluded_lines": [], "functions": {"": {"executed_lines": [1, 10], "summary": {"covered_lines": 1, "num_statements": 1, "percent_covered": 100.0, "percent_covered_display": "100", "missing_lines": 0, "excluded_lines": 0, "percent_statements_covered": 100.0, "percent_statements_covered_display": "100"}, "missing_lines": [], "excluded_lines": []}}, "classes": {"": {"executed_lines": [1, 10], "summary": {"covered_lines": 1, "num_statements": 1, "percent_covered": 100.0, "percent_covered_display": "100", "missing_lines": 0, "excluded_lines": 0, "percent_statements_covered": 100.0, "percent_statements_covered_display": "100"}, "missing_lines": [], "excluded_lines": []}}}, "app/core/pagination.py": {"executed_lines": [], "summary": {"covered_lines": 0, "num_statements": 17, "percent_covered": 0.0, "percent_covered_display": "0", "missing_lines": 17, "excluded_lines": 0, "percent_statements_covered": 0.0, "percent_statements_covered_display": "0"}, "missing_lines": [7, 9, 11, 14, 21, 22, 25, 48, 49, 50, 51, 52, 54, 57, 68, 86, 88], "excluded_lines": [], "functions": {"create_paginated_response": {"executed_lines": [], "summary": {"covered_lines": 0, "num_statements": 2, "percent_covered": 0.0, "percent_covered_display": "0", "missing_lines": 2, "excluded_lines": 0, "percent_statements_covered": 0.0, "percent_statements_covered_display": "0"}, "missing_lines": [86, 88], "excluded_lines": []}, "": {"executed_lines": [], "summary": {"covered_lines": 0, "num_statements": 15, "percent_covered": 0.0, "percent_covered_display": "0", "missing_lines": 15, "excluded_lines": 0, "percent_statements_covered": 0.0, "percent_statements_covered_display": "0"}, "missing_lines": [7, 9, 11, 14, 21, 22, 25, 48, 49, 50, 51, 52, 54, 57, 68], "excluded_lines": []}}, "classes": {"PaginationParams": {"executed_lines": [], "summary": {"covered_lines": 0, "num_statements": 0, "percent_covered": 100.0, "percent_covered_display": "100", "missing_lines": 0, "excluded_lines": 0, "percent_statements_covered": 100.0, "percent_statements_covered_display": "100"}, "missing_lines": [], "excluded_lines": []}, "PaginatedResponse": {"executed_lines": [], "summary": {"covered_lines": 0, "num_statements": 0, "percent_covered": 100.0, "percent_covered_display": "100", "missing_lines": 0, "excluded_lines": 0, "percent_statements_covered": 100.0, "percent_statements_covered_display": "100"}, "missing_lines": [], "excluded_lines": []}, "PaginatedResponse.Config": {"executed_lines": [], "summary": {"covered_lines": 0, "num_statements": 0, "percent_covered": 100.0, "percent_covered_display": "100", "missing_lines": 0, "excluded_lines": 0, "percent_statements_covered": 100.0, "percent_statements_covered_display": "100"}, "missing_lines": [], "excluded_lines": []}, "": {"executed_lines": [], "summary": {"covered_lines": 0, "num_statements": 17, "percent_covered": 0.0, "percent_covered_display": "0", "missing_lines": 17, "excluded_lines": 0, "percent_statements_covered": 0.0, "percent_statements_covered_display": "0"}, "missing_lines": [7, 9, 11, 14, 21, 22, 25, 48, 49, 50, 51, 52, 54, 57, 68, 86, 88], "excluded_lines": []}}}, "app/core/security.py": {"executed_lines": [1, 9, 10, 11, 13, 14, 17, 20, 21, 22, 25, 38, 52, 76, 93], "summary": {"covered_lines": 14, "num_statements": 34, "percent_covered": 41.1764705882353, "percent_covered_display": "41", "missing_lines": 20, "excluded_lines": 0, "percent_statements_covered": 41.1764705882353, "percent_statements_covered_display": "41"}, "missing_lines": [35, 49, 63, 65, 66, 68, 70, 71, 73, 86, 87, 88, 89, 90, 110, 112, 113, 114, 115, 116], "excluded_lines": [], "functions": {"hash_password": {"executed_lines": [], "summary": {"covered_lines": 0, "num_statements": 1, "percent_covered": 0.0, "percent_covered_display": "0", "missing_lines": 1, "excluded_lines": 0, "percent_statements_covered": 0.0, "percent_statements_covered_display": "0"}, "missing_lines": [35], "excluded_lines": []}, "verify_password": {"executed_lines": [], "summary": {"covered_lines": 0, "num_statements": 1, "percent_covered": 0.0, "percent_covered_display": "0", "missing_lines": 1, "excluded_lines": 0, "percent_statements_covered": 0.0, "percent_statements_covered_display": "0"}, "missing_lines": [49], "excluded_lines": []}, "create_access_token": {"executed_lines": [], "summary": {"covered_lines": 0, "num_statements": 7, "percent_covered": 0.0, "percent_covered_display": "0", "missing_lines": 7, "excluded_lines": 0, "percent_statements_covered": 0.0, "percent_statements_covered_display": "0"}, "missing_lines": [63, 65, 66, 68, 70, 71, 73], "excluded_lines": []}, "decode_access_token": {"executed_lines": [], "summary": {"covered_lines": 0, "num_statements": 5, "percent_covered": 0.0, "percent_covered_display": "0", "missing_lines": 5, "excluded_lines": 0, "percent_statements_covered": 0.0, "percent_statements_covered_display": "0"}, "missing_lines": [86, 87, 88, 89, 90], "excluded_lines": []}, "verify_supabase_jwt": {"executed_lines": [], "summary": {"covered_lines": 0, "num_statements": 6, "percent_covered": 0.0, "percent_covered_display": "0", "missing_lines": 6, "excluded_lines": 0, "percent_statements_covered": 0.0, "percent_statements_covered_display": "0"}, "missing_lines": [110, 112, 113, 114, 115, 116], "excluded_lines": []}, "": {"executed_lines": [1, 9, 10, 11, 13, 14, 17, 20, 21, 22, 25, 38, 52, 76, 93], "summary": {"covered_lines": 14, "num_statements": 14, "percent_covered": 100.0, "percent_covered_display": "100", "missing_lines": 0, "excluded_lines": 0, "percent_statements_covered": 100.0, "percent_statements_covered_display": "100"}, "missing_lines": [], "excluded_lines": []}}, "classes": {"": {"executed_lines": [1, 9, 10, 11, 13, 14, 17, 20, 21, 22, 25, 38, 52, 76, 93], "summary": {"covered_lines": 14, "num_statements": 34, "percent_covered": 41.1764705882353, "percent_covered_display": "41", "missing_lines": 20, "excluded_lines": 0, "percent_statements_covered": 41.1764705882353, "percent_statements_covered_display": "41"}, "missing_lines": [35, 49, 63, 65, 66, 68, 70, 71, 73, 86, 87, 88, 89, 90, 110, 112, 113, 114, 115, 116], "excluded_lines": []}}}, "app/database.py": {"executed_lines": [1, 8, 9, 11, 12, 13, 16, 24, 25, 32, 38, 46, 55, 81, 98], "summary": {"covered_lines": 14, "num_statements": 30, "percent_covered": 46.666666666666664, "percent_covered_display": "47", "missing_lines": 16, "excluded_lines": 0, "percent_statements_covered": 46.666666666666664, "percent_statements_covered_display": "47"}, "missing_lines": [26, 27, 29, 70, 71, 72, 73, 74, 75, 76, 78, 88, 90, 92, 95, 104], "excluded_lines": [], "functions": {"get_db": {"executed_lines": [], "summary": {"covered_lines": 0, "num_statements": 8, "percent_covered": 0.0, "percent_covered_display": "0", "missing_lines": 8, "excluded_lines": 0, "percent_statements_covered": 0.0, "percent_statements_covered_display": "0"}, "missing_lines": [70, 71, 72, 73, 74, 75, 76, 78], "excluded_lines": []}, "init_db": {"executed_lines": [], "summary": {"covered_lines": 0, "num_statements": 4, "percent_covered": 0.0, "percent_covered_display": "0", "missing_lines": 4, "excluded_lines": 0, "percent_statements_covered": 0.0, "percent_statements_covered_display": "0"}, "missing_lines": [88, 90, 92, 95], "excluded_lines": []}, "close_db": {"executed_lines": [], "summary": {"covered_lines": 0, "num_statements": 1, "percent_covered": 0.0, "percent_covered_display": "0", "missing_lines": 1, "excluded_lines": 0, "percent_statements_covered": 0.0, "percent_statements_covered_display": "0"}, "missing_lines": [104], "excluded_lines": []}, "": {"executed_lines": [1, 8, 9, 11, 12, 13, 16, 24, 25, 32, 38, 46, 55, 81, 98], "summary": {"covered_lines": 14, "num_statements": 17, "percent_covered": 82.3529411764706, "percent_covered_display": "82", "missing_lines": 3, "excluded_lines": 0, "percent_statements_covered": 82.3529411764706, "percent_statements_covered_display": "82"}, "missing_lines": [26, 27, 29], "excluded_lines": []}}, "classes": {"": {"executed_lines": [1, 8, 9, 11, 12, 13, 16, 24, 25, 32, 38, 46, 55, 81, 98], "summary": {"covered_lines": 14, "num_statements": 30, "percent_covered": 46.666666666666664, "percent_covered_display": "47", "missing_lines": 16, "excluded_lines": 0, "percent_statements_covered": 46.666666666666664, "percent_statements_covered_display": "47"}, "missing_lines": [26, 27, 29, 70, 71, 72, 73, 74, 75, 76, 78, 88, 90, 92, 95, 104], "excluded_lines": []}}}, "app/dependencies/__init__.py": {"executed_lines": [1, 7], "summary": {"covered_lines": 1, "num_statements": 1, "percent_covered": 100.0, "percent_covered_display": "100", "missing_lines": 0, "excluded_lines": 0, "percent_statements_covered": 100.0, "percent_statements_covered_display": "100"}, "missing_lines": [], "excluded_lines": [], "functions": {"": {"executed_lines": [1, 7], "summary": {"covered_lines": 1, "num_statements": 1, "percent_covered": 100.0, "percent_covered_display": "100", "missing_lines": 0, "excluded_lines": 0, "percent_statements_covered": 100.0, "percent_statements_covered_display": "100"}, "missing_lines": [], "excluded_lines": []}}, "classes": {"": {"executed_lines": [1, 7], "summary": {"covered_lines": 1, "num_statements": 1, "percent_covered": 100.0, "percent_covered_display": "100", "missing_lines": 0, "excluded_lines": 0, "percent_statements_covered": 100.0, "percent_statements_covered_display": "100"}, "missing_lines": [], "excluded_lines": []}}}, "app/dependencies/auth.py": {"executed_lines": [1, 7, 8, 10, 13, 14, 20, 35, 39, 43, 47, 52, 99, 133, 154, 176, 177, 178, 179], "summary": {"covered_lines": 17, "num_statements": 42, "percent_covered": 40.476190476190474, "percent_covered_display": "40", "missing_lines": 25, "excluded_lines": 1, "percent_statements_covered": 40.476190476190474, "percent_statements_covered_display": "40"}, "missing_lines": [30, 31, 32, 33, 37, 41, 45, 49, 75, 77, 78, 83, 84, 85, 86, 91, 125, 126, 130, 146, 147, 151, 167, 168, 172], "excluded_lines": [100], "functions": {"CurrentUser.__init__": {"executed_lines": [], "summary": {"covered_lines": 0, "num_statements": 4, "percent_covered": 0.0, "percent_covered_display": "0", "missing_lines": 4, "excluded_lines": 0, "percent_statements_covered": 0.0, "percent_statements_covered_display": "0"}, "missing_lines": [30, 31, 32, 33], "excluded_lines": []}, "CurrentUser.is_admin": {"executed_lines": [], "summary": {"covered_lines": 0, "num_statements": 1, "percent_covered": 0.0, "percent_covered_display": "0", "missing_lines": 1, "excluded_lines": 0, "percent_statements_covered": 0.0, "percent_statements_covered_display": "0"}, "missing_lines": [37], "excluded_lines": []}, "CurrentUser.is_manager": {"executed_lines": [], "summary": {"covered_lines": 0, "num_statements": 1, "percent_covered": 0.0, "percent_covered_display": "0", "missing_lines": 1, "excluded_lines": 0, "percent_statements_covered": 0.0, "percent_statements_covered_display": "0"}, "missing_lines": [41], "excluded_lines": []}, "CurrentUser.is_planner": {"executed_lines": [], "summary": {"covered_lines": 0, "num_statements": 1, "percent_covered": 0.0, "percent_covered_display": "0", "missing_lines": 1, "ex
[...]
3, 225, 226, 227, 228, 229, 232, 233, 234, 235, 236, 238, 240, 243, 244, 246, 247, 250, 251, 252, 253, 254, 255, 257, 258, 261, 262, 263, 264, 265, 267, 272, 273, 283, 284, 286, 287, 290, 291, 292, 293, 296, 297, 298, 299, 303, 304, 305, 306, 308, 311, 323, 326, 338, 341, 353, 355, 357], "excluded_lines": []}, "RevenueService.delete_revenue_entry": {"executed_lines": [], "summary": {"covered_lines": 0, "num_statements": 1, "percent_covered": 0.0, "percent_covered_display": "0", "missing_lines": 1, "excluded_lines": 0, "percent_statements_covered": 0.0, "percent_statements_covered_display": "0"}, "missing_lines": [384], "excluded_lines": []}, "RevenueService.get_revenue_summary": {"executed_lines": [], "summary": {"covered_lines": 0, "num_statements": 20, "percent_covered": 0.0, "percent_covered_display": "0", "missing_lines": 20, "excluded_lines": 0, "percent_statements_covered": 0.0, "percent_statements_covered_display": "0"}, "missing_lines": [399, 401, 402, 403, 404, 405, 407, 408, 411, 412, 413, 416, 417, 418, 419, 420, 423, 424, 426, 428], "excluded_lines": []}, "": {"executed_lines": [1, 8, 9, 11, 12, 13, 15, 18, 22, 23, 24, 25, 28, 29, 35, 45, 62, 87, 147, 371, 386], "summary": {"covered_lines": 19, "num_statements": 19, "percent_covered": 100.0, "percent_covered_display": "100", "missing_lines": 0, "excluded_lines": 0, "percent_statements_covered": 100.0, "percent_statements_covered_display": "100"}, "missing_lines": [], "excluded_lines": []}}, "classes": {"RevenueService": {"executed_lines": [], "summary": {"covered_lines": 0, "num_statements": 109, "percent_covered": 0.0, "percent_covered_display": "0", "missing_lines": 109, "excluded_lines": 0, "percent_statements_covered": 0.0, "percent_statements_covered_display": "0"}, "missing_lines": [42, 43, 58, 77, 84, 85, 118, 119, 124, 126, 138, 139, 145, 165, 178, 179, 181, 182, 189, 203, 204, 206, 207, 214, 215, 216, 217, 218, 221, 222, 223, 225, 226, 227, 228, 229, 232, 233, 234, 235, 236, 238, 240, 243, 244, 246, 247, 250, 251, 252, 253, 254, 255, 257, 258, 261, 262, 263, 264, 265, 267, 272, 273, 283, 284, 286, 287, 290, 291, 292, 293, 296, 297, 298, 299, 303, 304, 305, 306, 308, 311, 323, 326, 338, 341, 353, 355, 357, 384, 399, 401, 402, 403, 404, 405, 407, 408, 411, 412, 413, 416, 417, 418, 419, 420, 423, 424, 426, 428], "excluded_lines": []}, "": {"executed_lines": [1, 8, 9, 11, 12, 13, 15, 18, 22, 23, 24, 25, 28, 29, 35, 45, 62, 87, 147, 371, 386], "summary": {"covered_lines": 19, "num_statements": 19, "percent_covered": 100.0, "percent_covered_display": "100", "missing_lines": 0, "excluded_lines": 0, "percent_statements_covered": 100.0, "percent_statements_covered_display": "100"}, "missing_lines": [], "excluded_lines": []}}}, "app/services/skolengo_integration.py": {"executed_lines": [1, 14, 15, 16, 17, 19, 20, 21, 22, 24, 25, 28, 51, 54, 55, 57, 60, 61, 63, 66, 67, 69, 72, 73, 75, 84, 157, 279, 380, 434], "summary": {"covered_lines": 25, "num_statements": 131, "percent_covered": 19.083969465648856, "percent_covered_display": "19", "missing_lines": 106, "excluded_lines": 0, "percent_statements_covered": 19.083969465648856, "percent_statements_covered_display": "19"}, "missing_lines": [82, 99, 102, 111, 112, 113, 114, 116, 125, 126, 127, 129, 130, 132, 133, 136, 147, 148, 150, 152, 153, 178, 179, 180, 182, 184, 187, 188, 189, 192, 194, 199, 200, 201, 206, 207, 208, 209, 210, 213, 218, 219, 222, 223, 227, 229, 230, 231, 234, 248, 249, 250, 252, 254, 255, 256, 258, 272, 273, 275, 297, 301, 302, 304, 305, 310, 311, 312, 314, 315, 317, 320, 323, 329, 330, 331, 334, 337, 350, 351, 352, 355, 356, 358, 360, 362, 375, 376, 378, 396, 423, 424, 425, 427, 454, 457, 458, 460, 462, 466, 467, 470, 480, 482, 483, 485], "excluded_lines": [], "functions": {"SkolengoIntegrationService.__init__": {"executed_lines": [], "summary": {"covered_lines": 0, "num_statements": 1, "percent_covered": 0.0, "percent_covered_display": "0", "missing_lines": 1, "excluded_lines": 0, "percent_statements_covered": 0.0, "percent_statements_covered_display": "0"}, "missing_lines": [82], "excluded_lines": []}, "SkolengoIntegrationService.export_enrollment": {"executed_lines": [], "summary": {"covered_lines": 0, "num_statements": 20, "percent_covered": 0.0, "percent_covered_display": "0", "missing_lines": 20, "excluded_lines": 0, "percent_statements_covered": 0.0, "percent_statements_covered_display": "0"}, "missing_lines": [99, 102, 111, 112, 113, 114, 116, 125, 126, 127, 129, 130, 132, 133, 136, 147, 148, 150, 152, 153], "excluded_lines": []}, "SkolengoIntegrationService.import_enrollment": {"executed_lines": [], "summary": {"covered_lines": 0, "num_statements": 39, "percent_covered": 0.0, "percent_covered_display": "0", "missing_lines": 39, "excluded_lines": 0, "percent_statements_covered": 0.0, "percent_statements_covered_display": "0"}, "missing_lines": [178, 179, 180, 182, 184, 187, 188, 189, 192, 194, 199, 200, 201, 206, 207, 208, 209, 210, 213, 218, 219, 222, 223, 227, 229, 230, 231, 234, 248, 249, 250, 252, 254, 255, 256, 258, 272, 273, 275], "excluded_lines": []}, "SkolengoIntegrationService.sync_enrollment": {"executed_lines": [], "summary": {"covered_lines": 0, "num_statements": 29, "percent_covered": 0.0, "percent_covered_display": "0", "missing_lines": 29, "excluded_lines": 0, "percent_statements_covered": 0.0, "percent_statements_covered_display": "0"}, "missing_lines": [297, 301, 302, 304, 305, 310, 311, 312, 314, 315, 317, 320, 323, 329, 330, 331, 334, 337, 350, 351, 352, 355, 356, 358, 360, 362, 375, 376, 378], "excluded_lines": []}, "SkolengoIntegrationService.compare_enrollments": {"executed_lines": [], "summary": {"covered_lines": 0, "num_statements": 5, "percent_covered": 0.0, "percent_covered_display": "0", "missing_lines": 5, "excluded_lines": 0, "percent_statements_covered": 0.0, "percent_statements_covered_display": "0"}, "missing_lines": [396, 423, 424, 425, 427], "excluded_lines": []}, "SkolengoIntegrationService.save_settings": {"executed_lines": [], "summary": {"covered_lines": 0, "num_statements": 12, "percent_covered": 0.0, "percent_covered_display": "0", "missing_lines": 12, "excluded_lines": 0, "percent_statements_covered": 0.0, "percent_statements_covered_display": "0"}, "missing_lines": [454, 457, 458, 460, 462, 466, 467, 470, 480, 482, 483, 485], "excluded_lines": []}, "": {"executed_lines": [1, 14, 15, 16, 17, 19, 20, 21, 22, 24, 25, 28, 51, 54, 55, 57, 60, 61, 63, 66, 67, 69, 72, 73, 75, 84, 157, 279, 380, 434], "summary": {"covered_lines": 25, "num_statements": 25, "percent_covered": 100.0, "percent_covered_display": "100", "missing_lines": 0, "excluded_lines": 0, "percent_statements_covered": 100.0, "percent_statements_covered_display": "100"}, "missing_lines": [], "excluded_lines": []}}, "classes": {"SkolengoConnectionError": {"executed_lines": [], "summary": {"covered_lines": 0, "num_statements": 0, "percent_covered": 100.0, "percent_covered_display": "100", "missing_lines": 0, "excluded_lines": 0, "percent_statements_covered": 100.0, "percent_statements_covered_display": "100"}, "missing_lines": [], "excluded_lines": []}, "SkolengoDataError": {"executed_lines": [], "summary": {"covered_lines": 0, "num_statements": 0, "percent_covered": 100.0, "percent_covered_display": "100", "missing_lines": 0, "excluded_lines": 0, "percent_statements_covered": 100.0, "percent_statements_covered_display": "100"}, "missing_lines": [], "excluded_lines": []}, "InvalidFileFormatError": {"executed_lines": [], "summary": {"covered_lines": 0, "num_statements": 0, "percent_covered": 100.0, "percent_covered_display": "100", "missing_lines": 0, "excluded_lines": 0, "percent_statements_covered": 100.0, "percent_statements_covered_display": "100"}, "missing_lines": [], "excluded_lines": []}, "SkolengoIntegrationService": {"executed_lines": [], "summary": {"covered_lines": 0, "num_statements": 106, "percent_covered": 0.0, "percent_covered_display": "0", "missing_lines": 106, "excluded_lines": 0, "percent_statements_covered": 0.0, "percent_statements_covered_display": "0"}, "missing_lines": [82, 99, 102, 111, 112, 113, 114, 116, 125, 126, 127, 129, 130, 132, 133, 136, 147, 148, 150, 152, 153, 178, 179, 180, 182, 184, 187, 188, 189, 192, 194, 199, 200, 201, 206, 207, 208, 209, 210, 213, 218, 219, 222, 223, 227, 229, 230, 231, 234, 248, 249, 250, 252, 254, 255, 256, 258, 272, 273, 275, 297, 301, 302, 304, 305, 310, 311, 312, 314, 315, 317, 320, 323, 329, 330, 331, 334, 337, 350, 351, 352, 355, 356, 358, 360, 362, 375, 376, 378, 396, 423, 424, 425, 427, 454, 457, 458, 460, 462, 466, 467, 470, 480, 482, 483, 485], "excluded_lines": []}, "": {"executed_lines": [1, 14, 15, 16, 17, 19, 20, 21, 22, 24, 25, 28, 51, 54, 55, 57, 60, 61, 63, 66, 67, 69, 72, 73, 75, 84, 157, 279, 380, 434], "summary": {"covered_lines": 25, "num_statements": 25, "percent_covered": 100.0, "percent_covered_display": "100", "missing_lines": 0, "excluded_lines": 0, "percent_statements_covered": 100.0, "percent_statements_covered_display": "100"}, "missing_lines": [], "excluded_lines": []}}}, "app/services/strategic_service.py": {"executed_lines": [1, 11, 12, 13, 15, 16, 17, 19, 20, 29, 30, 33, 34, 42, 63, 76, 145, 185, 258, 306, 410, 463, 498, 607, 634], "summary": {"covered_lines": 23, "num_statements": 148, "percent_covered": 15.54054054054054, "percent_covered_display": "16", "missing_lines": 125, "excluded_lines": 0, "percent_statements_covered": 15.54054054054054, "percent_statements_covered_display": "16"}, "missing_lines": [70, 71, 72, 73, 74, 103, 104, 107, 108, 109, 111, 112, 115, 121, 122, 123, 126, 132, 133, 134, 137, 138, 141, 143, 161, 177, 178, 180, 181, 183, 210, 211, 214, 217, 223, 224, 226, 227, 230, 236, 237, 244, 248, 249, 254, 256, 284, 287, 288, 289, 290, 291, 292, 293, 294, 296, 297, 300, 301, 302, 304, 326, 328, 336, 338, 343, 348, 353, 359, 360, 362, 383, 384, 387, 392, 398, 406, 408, 440, 441, 444, 447, 457, 458, 459, 461, 477, 478, 489, 490, 491, 494, 513, 517, 526, 528, 529, 532, 537, 540, 542, 553, 556, 557, 559, 562, 568, 578, 581, 582, 584, 587, 593, 603, 605, 618, 621, 622, 624, 625, 627, 632, 651, 659, 660], "excluded_lines": [], "functions": {"StrategicService.__init__": {"executed_lines": [], "summary": {"covered_lines": 0, "num_statements": 5, "percent_covered": 0.0, "percent_covered_display": "0", "missing_lines": 5, "excluded_lines": 0, "percent_statements_covered": 0.0, "percent_statements_covered_display": "0"}, "missing_lines": [70, 71, 72, 73, 74], "excluded_lines": []}, "StrategicService.create_strategic_plan": {"executed_lines": [], "summary": {"covered_lines": 0, "num_statements": 19, "percent_covered": 0.0, "percent_covered_display": "0", "missing_lines": 19, "excluded_lines": 0, "percent_statements_covered": 0.0, "percent_statements_covered_display": "0"}, "missing_lines": [103, 104, 107, 108, 109, 111, 112, 115, 121, 122, 123, 126, 132, 133, 134, 137, 138, 141, 143], "excluded_lines": []}, "StrategicService.get_strategic_plan": {"executed_lines": [], "summary": {"covered_lines": 0, "num_statements": 6, "percent_covered": 0.0, "percent_covered_display": "0", "missing_lines": 6, "excluded_lines": 0, "percent_statements_covered": 0.0, "percent_statements_covered_display": "0"}, "missing_lines": [161, 177, 178, 180, 181, 183], "excluded_lines": []}, "StrategicService.get_year_projections": {"executed_lines": [], "summary": {"covered_lines": 0, "num_statements": 16, "percent_covered": 0.0, "percent_covered_display": "0", "missing_lines": 16, "excluded_lines": 0, "percent_statements_covered": 0.0, "percent_statements_covered_display": "0"}, "missing_lines": [210, 211, 214, 217, 223, 224, 226, 227, 230, 236, 237, 244, 248, 249, 254, 256], "excluded_lines": []}, "StrategicService.update_assumptions": {"executed_lines": [], "summary": {"covered_lines": 0, "num_statements": 15, "percent_covered": 0.0, "percent_covered_display": "0", "missing_lines": 15, "excluded_lines": 0, "percent_statements_covered": 0.0, "percent_statements_covered_display": "0"}, "missing_lines": [284, 287, 288, 289, 290, 291, 292, 293, 294, 296, 297, 300, 301, 302, 304], "excluded_lines": []}, "StrategicService.compare_scenarios": {"executed_lines": [], "summary": {"covered_lines": 0, "num_statements": 17, "percent_covered": 0.0, "percent_covered_display": "0", "missing_lines": 17, "excluded_lines": 0, "percent_statements_covered": 0.0, "percent_statements_covered_display": "0"}, "missing_lines": [326, 328, 336, 338, 343, 348, 353, 359, 360, 362, 383, 384, 387, 392, 398, 406, 408], "excluded_lines": []}, "StrategicService.add_initiative": {"executed_lines": [], "summary": {"covered_lines": 0, "num_statements": 8, "percent_covered": 0.0, "percent_covered_display": "0", "missing_lines": 8, "excluded_lines": 0, "percent_statements_covered": 0.0, "percent_statements_covered_display": "0"}, "missing_lines": [440, 441, 444, 447, 457, 458, 459, 461], "excluded_lines": []}, "StrategicService._create_default_scenarios": {"executed_lines": [], "summary": {"covered_lines": 0, "num_statements": 6, "percent_covered": 0.0, "percent_covered_display": "0", "missing_lines": 6, "excluded_lines": 0, "percent_statements_covered": 0.0, "percent_statements_covered_display": "0"}, "missing_lines": [477, 478, 489, 490, 491, 494], "excluded_lines": []}, "StrategicService._calculate_scenario_projections": {"executed_lines": [], "summary": {"covered_lines": 0, "num_statements": 23, "percent_covered": 0.0, "percent_covered_display": "0", "missing_lines": 23, "excluded_lines": 0, "percent_statements_covered": 0.0, "percent_statements_covered_display": "0"}, "missing_lines": [513, 517, 526, 528, 529, 532, 537, 540, 542, 553, 556, 557, 559, 562, 568, 578, 581, 582, 584, 587, 593, 603, 605], "excluded_lines": []}, "StrategicService._recalculate_scenario_projections": {"executed_lines": [], "summary": {"covered_lines": 0, "num_statements": 7, "percent_covered": 0.0, "percent_covered_display": "0", "missing_lines": 7, "excluded_lines": 0, "percent_statements_covered": 0.0, "percent_statements_covered_display": "0"}, "missing_lines": [618, 621, 622, 624, 625, 627, 632], "excluded_lines": []}, "StrategicService._get_projection": {"executed_lines": [], "summary": {"covered_lines": 0, "num_statements": 3, "percent_covered": 0.0, "percent_covered_display": "0", "missing_lines": 3, "excluded_lines": 0, "percent_statements_covered": 0.0, "percent_statements_covered_display": "0"}, "missing_lines": [651, 659, 660], "excluded_lines": []}, "": {"executed_lines": [1, 11, 12, 13, 15, 16, 17, 19, 20, 29, 30, 33, 34, 42, 63, 76, 145, 185, 258, 306, 410, 463, 498, 607, 634], "summary": {"covered_lines": 23, "num_statements": 23, "percent_covered": 100.0, "percent_covered_display": "100", "missing_lines": 0, "excluded_lines": 0, "percent_statements_covered": 100.0, "percent_statements_covered_display": "100"}, "missing_lines": [], "excluded_lines": []}}, "classes": {"StrategicService": {"executed_lines": [], "summary": {"covered_lines": 0, "num_statements": 125, "percent_covered": 0.0, "percent_covered_display": "0", "missing_lines": 125, "excluded_lines": 0, "percent_statements_covered": 0.0, "percent_statements_covered_display": "0"}, "missing_lines": [70, 71, 72, 73, 74, 103, 104, 107, 108, 109, 111, 112, 115, 121, 122, 123, 126, 132, 133, 134, 137, 138, 141, 143, 161, 177, 178, 180, 181, 183, 210, 211, 214, 217, 223, 224, 226, 227, 230, 236, 237, 244, 248, 249, 254, 256, 284, 287, 288, 289, 290, 291, 292, 293, 294, 296, 297, 300, 301, 302, 304, 326, 328, 336, 338, 343, 348, 353, 359, 360, 362, 383, 384, 387, 392, 398, 406, 408, 440, 441, 444, 447, 457, 458, 459, 461, 477, 478, 489, 490, 491, 494, 513, 517, 526, 528, 529, 532, 537, 540, 542, 553, 556, 557, 559, 562, 568, 578, 581, 582, 584, 587, 593, 603, 605, 618, 621, 622, 624, 625, 627, 632, 651, 659, 660], "excluded_lines": []}, "": {"executed_lines": [1, 11, 12, 13, 15, 16, 17, 19, 20, 29, 30, 33, 34, 42, 63, 76, 145, 185, 258, 306, 410, 463, 498, 607, 634], "summary": {"covered_lines": 23, "num_statements": 23, "percent_covered": 100.0, "percent_covered_display": "100", "missing_lines": 0, "excluded_lines": 0, "percent_statements_covered": 100.0, "percent_statements_covered_display": "100"}, "missing_lines": [], "excluded_lines": []}}}, "app/validators/__init__.py": {"executed_lines": [1, 8, 10], "summary": {"covered_lines": 2, "num_statements": 2, "percent_covered": 100.0, "percent_covered_display": "100", "missing_lines": 0, "excluded_lines": 0, "percent_statements_covered": 100.0, "percent_statements_covered_display": "100"}, "missing_lines": [], "excluded_lines": [], "functions": {"": {"executed_lines": [1, 8, 10], "summary": {"covered_lines": 2, "num_statements": 2, "percent_covered": 100.0, "percent_covered_display": "100", "missing_lines": 0, "excluded_lines": 0, "percent_statements_covered": 100.0, "percent_statements_covered_display": "100"}, "missing_lines": [], "excluded_lines": []}}, "classes": {"": {"executed_lines": [1, 8, 10], "summary": {"covered_lines": 2, "num_statements": 2, "percent_covered": 100.0, "percent_covered_display": "100", "missing_lines": 0, "excluded_lines": 0, "percent_statements_covered": 100.0, "percent_statements_covered_display": "100"}, "missing_lines": [], "excluded_lines": []}}}, "app/validators/class_structure.py": {"executed_lines": [1, 11, 12, 14, 15, 17, 20, 21, 23, 26, 135, 181, 182, 191, 192, 201], "summary": {"covered_lines": 14, "num_statements": 35, "percent_covered": 40.0, "percent_covered_display": "40", "missing_lines": 21, "excluded_lines": 0, "percent_statements_covered": 40.0, "percent_statements_covered_display": "40"}, "missing_lines": [72, 73, 74, 76, 77, 83, 88, 89, 92, 93, 94, 100, 101, 104, 106, 109, 112, 113, 122, 123, 132], "excluded_lines": [], "functions": {"validate_class_structure": {"executed_lines": [], "summary": {"covered_lines": 0, "num_statements": 21, "percent_covered": 0.0, "percent_covered_display": "0", "missing_lines": 21, "excluded_lines": 0, "percent_statements_covered": 0.0, "percent_statements_covered_display": "0"}, "missing_lines": [72, 73, 74, 76, 77, 83, 88, 89, 92, 93, 94, 100, 101, 104, 106, 109, 112, 113, 122, 123, 132], "excluded_lines": []}, "validate_class_structure_sync": {"executed_lines": [181, 182, 191, 192, 201], "summary": {"covered_lines": 5, "num_statements": 5, "percent_covered": 100.0, "percent_covered_display": "100", "missing_lines": 0, "excluded_lines": 0, "percent_statements_covered": 100.0, "percent_statements_covered_display": "100"}, "missing_lines": [], "excluded_lines": []}, "": {"executed_lines": [1, 11, 12, 14, 15, 17, 20, 21, 23, 26, 135], "summary": {"covered_lines": 9, "num_statements": 9, "percent_covered": 100.0, "percent_covered_display": "100", "missing_lines": 0, "excluded_lines": 0, "percent_statements_covered": 100.0, "percent_statements_covered_display": "100"}, "missing_lines": [], "excluded_lines": []}}, "classes": {"ClassStructureValidationError": {"executed_lines": [], "summary": {"covered_lines": 0, "num_statements": 0, "percent_covered": 100.0, "percent_covered_display": "100", "missing_lines": 0, "excluded_lines": 0, "percent_statements_covered": 100.0, "percent_statements_covered_display": "100"}, "missing_lines": [], "excluded_lines": []}, "": {"executed_lines": [1, 11, 12, 14, 15, 17, 20, 21, 23, 26, 135, 181, 182, 191, 192, 201], "summary": {"covered_lines": 14, "num_statements": 35, "percent_covered": 40.0, "percent_covered_display": "40", "missing_lines": 21, "excluded_lines": 0, "percent_statements_covered": 40.0, "percent_statements_covered_display": "40"}, "missing_lines": [72, 73, 74, 76, 77, 83, 88, 89, 92, 93, 94, 100, 101, 104, 106, 109, 112, 113, 122, 123, 132], "excluded_lines": []}}}}, "totals": {"covered_lines": 2977, "num_statements": 5973, "percent_covered": 49.840950945923325, "percent_covered_display": "50", "missing_lines": 2996, "excluded_lines": 29, "percent_statements_covered": 49.840950945923325, "percent_statements_covered_display": "50"}}