{"meta": {"format": 3, "version": "7.12.0", "timestamp": "2025-12-04T00:11:55.586655", "branch_coverage": false, "show_contexts": false}, "files": {"app/__init__.py": {"executed_lines": [1, 7], "summary": {"covered_lines": 1, "num_statements": 1, "percent_covered": 100.0, "percent_covered_display": "100", "missing_lines": 0, "excluded_lines": 0, "percent_statements_covered": 100.0, "percent_statements_covered_display": "100"}, "missing_lines": [], "excluded_lines": [], "functions": {"": {"executed_lines": [1, 7], "summary": {"covered_lines": 1, "num_statements": 1, "percent_covered": 100.0, "percent_covered_display": "100", "missing_lines": 0, "excluded_lines": 0, "percent_statements_covered": 100.0, "percent_statements_covered_display": "100"}, "missing_lines": [], "excluded_lines": []}}, "classes": {"": {"executed_lines": [1, 7], "summary": {"covered_lines": 1, "num_statements": 1, "percent_covered": 100.0, "percent_covered_display": "100", "missing_lines": 0, "excluded_lines": 0, "percent_statements_covered": 100.0, "percent_statements_covered_display": "100"}, "missing_lines": [], "excluded_lines": []}}}, "app/api/__init__.py": {"executed_lines": [1], "summary": {"covered_lines": 0, "num_statements": 0, "percent_covered": 100.0, "percent_covered_display": "100", "missing_lines": 0, "excluded_lines": 0, "percent_statements_covered": 100.0, "percent_statements_covered_display": "100"}, "missing_lines": [], "excluded_lines": [], "functions": {"": {"executed_lines": [1], "summary": {"covered_lines": 0, "num_statements": 0, "percent_covered": 100.0, "percent_covered_display": "100", "missing_lines": 0, "excluded_lines": 0, "percent_statements_covered": 100.0, "percent_statements_covered_display": "100"}, "missing_lines": [], "excluded_lines": []}}, "classes": {"": {"executed_lines": [1], "summary": {"covered_lines": 0, "num_statements": 0, "percent_covered": 100.0, "percent_covered_display": "100", "missing_lines": 0, "excluded_lines": 0, "percent_statements_covered": 100.0, "percent_statements_covered_display": "100"}, "missing_lines": [], "excluded_lines": []}}}, "app/api/v1/__init__.py": {"executed_lines": [1, 3, 4, 5, 6, 7, 8, 9, 10, 12], "summary": {"covered_lines": 9, "num_statements": 9, "percent_covered": 100.0, "percent_covered_display": "100", "missing_lines": 0, "excluded_lines": 0, "percent_statements_covered": 100.0, "percent_statements_covered_display": "100"}, "missing_lines": [], "excluded_lines": [], "functions": {"": {"executed_lines": [1, 3, 4, 5, 6, 7, 8, 9, 10, 12], "summary": {"covered_lines": 9, "num_statements": 9, "percent_covered": 100.0, "percent_covered_display": "100", "missing_lines": 0, "excluded_lines": 0, "percent_statements_covered": 100.0, "percent_statements_covered_display": "100"}, "missing_lines": [], "excluded_lines": []}}, "classes": {"": {"executed_lines": [1, 3, 4, 5, 6, 7, 8, 9, 10, 12], "summary": {"covered_lines": 9, "num_statements": 9, "percent_covered": 100.0, "percent_covered_display": "100", "missing_lines": 0, "excluded_lines": 0, "percent_statements_covered": 100.0, "percent_statements_covered_display": "100"}, "missing_lines": [], "excluded_lines": []}}}, "app/api/v1/analysis.py": {"executed_lines": [1, 11, 13, 14, 16, 17, 18, 42, 43, 44, 49, 50, 51, 53, 61, 66, 71, 78, 88, 93, 125, 129, 169, 173, 207, 211, 234, 238, 258, 262, 275, 279, 295, 299, 313, 317, 335, 339, 352, 356, 367, 371, 387, 392, 412, 416, 443, 447, 467, 472, 504, 509, 536, 540, 553, 557, 579, 583, 614, 618, 631, 636, 670, 675, 707, 712, 739, 744], "summary": {"covered_lines": 67, "num_statements": 226, "percent_covered": 29.646017699115045, "percent_covered_display": "30", "missing_lines": 159, "excluded_lines": 0, "percent_statements_covered": 29.646017699115045, "percent_statements_covered_display": "30"}, "missing_lines": [63, 68, 75, 80, 105, 106, 107, 108, 109, 111, 119, 120, 121, 122, 140, 141, 143, 144, 146, 163, 164, 165, 166, 180, 181, 183, 184, 189, 203, 204, 218, 219, 220, 222, 224, 230, 231, 244, 245, 246, 249, 250, 268, 269, 270, 271, 272, 286, 287, 290, 291, 292, 306, 307, 308, 309, 310, 326, 327, 330, 331, 332, 345, 346, 347, 348, 349, 363, 364, 378, 379, 400, 401, 404, 405, 406, 407, 408, 409, 425, 426, 429, 431, 439, 440, 458, 459, 462, 463, 464, 480, 481, 484, 486, 493, 494, 495, 496, 516, 517, 524, 525, 527, 528, 529, 530, 531, 532, 533, 546, 547, 548, 549, 550, 565, 566, 568, 569, 572, 573, 574, 575, 576, 591, 592, 600, 602, 610, 611, 624, 625, 626, 627, 628, 644, 645, 647, 656, 658, 659, 660, 661, 662, 692, 695, 696, 698, 728, 732, 733, 734, 735, 736, 760, 764, 765, 766, 767, 768], "excluded_lines": [], "functions": {"get_kpi_service": {"executed_lines": [], "summary": {"covered_lines": 0, "num_statements": 1, "percent_covered": 0.0, "percent_covered_display": "0", "missing_lines": 1, "excluded_lines": 0, "percent_statements_covered": 0.0, "percent_statements_covered_display": "0"}, "missing_lines": [63], "excluded_lines": []}, "get_dashboard_service": {"executed_lines": [], "summary": {"covered_lines": 0, "num_statements": 1, "percent_covered": 0.0, "percent_covered_display": "0", "missing_lines": 1, "excluded_lines": 0, "percent_statements_covered": 0.0, "percent_statements_covered_display": "0"}, "missing_lines": [68], "excluded_lines": []}, "get_budget_actual_service": {"executed_lines": [], "summary": {"covered_lines": 0, "num_statements": 1, "percent_covered": 0.0, "percent_covered_display": "0", "missing_lines": 1, "excluded_lines": 0, "percent_statements_covered": 0.0, "percent_statements_covered_display": "0"}, "missing_lines": [75], "excluded_lines": []}, "get_strategic_service": {"executed_lines": [], "summary": {"covered_lines": 0, "num_statements": 1, "percent_covered": 0.0, "percent_covered_display": "0", "missing_lines": 1, "excluded_lines": 0, "percent_statements_covered": 0.0, "percent_statements_covered_display": "0"}, "missing_lines": [80], "excluded_lines": []}, "calculate_kpis": {"executed_lines": [], "summary": {"covered_lines": 0, "num_statements": 10, "percent_covered": 0.0, "percent_covered_display": "0", "missing_lines": 10, "excluded_lines": 0, "percent_statements_covered": 0.0, "percent_statements_covered_display": "0"}, "missing_lines": [105, 106, 107, 108, 109, 111, 119, 120, 121, 122], "excluded_lines": []}, "get_all_kpis": {"executed_lines": [], "summary": {"covered_lines": 0, "num_statements": 9, "percent_covered": 0.0, "percent_covered_display": "0", "missing_lines": 9, "excluded_lines": 0, "percent_statements_covered": 0.0, "percent_statements_covered_display": "0"}, "missing_lines": [140, 141, 143, 144, 146, 163, 164, 165, 166], "excluded_lines": []}, "get_kpi_by_type": {"executed_lines": [], "summary": {"covered_lines": 0, "num_statements": 7, "percent_covered": 0.0, "percent_covered_display": "0", "missing_lines": 7, "excluded_lines": 0, "percent_statements_covered": 0.0, "percent_statements_covered_display": "0"}, "missing_lines": [180, 181, 183, 184, 189, 203, 204], "excluded_lines": []}, "get_kpi_trends": {"executed_lines": [], "summary": {"covered_lines": 0, "num_statements": 7, "percent_covered": 0.0, "percent_covered_display": "0", "missing_lines": 7, "excluded_lines": 0, "percent_statements_covered": 0.0, "percent_statements_covered_display": "0"}, "missing_lines": [218, 219, 220, 222, 224, 230, 231], "excluded_lines": []}, "get_benchmark_comparison": {"executed_lines": [], "summary": {"covered_lines": 0, "num_statements": 5, "percent_covered": 0.0, "percent_covered_display": "0", "missing_lines": 5, "excluded_lines": 0, "percent_statements_covered": 0.0, "percent_statements_covered_display": "0"}, "missing_lines": [244, 245, 246, 249, 250], "excluded_lines": []}, "get_dashboard_summary": {"executed_lines": [], "summary": {"covered_lines": 0, "num_statements": 5, "percent_covered": 0.0, "percent_covered_display": "0", "missing_lines": 5, "excluded_lines": 0, "percent_statements_covered": 0.0, "percent_statements_covered_display": "0"}, "missing_lines": [268, 269, 270, 271, 272], "excluded_lines": []}, "get_enrollment_chart": {"executed_lines": [], "summary": {"covered_lines": 0, "num_statements": 5, "percent_covered": 0.0, "percent_covered_display": "0", "missing_lines": 5, "excluded_lines": 0, "percent_statements_covered": 0.0, "percent_statements_covered_display": "0"}, "missing_lines": [286, 287, 290, 291, 292], "excluded_lines": []}, "get_cost_breakdown_chart": {"executed_lines": [], "summary": {"covered_lines": 0, "num_statements": 5, "percent_covered": 0.0, "percent_covered_display": "0", "missing_lines": 5, "excluded_lines": 0, "percent_statements_covered": 0.0, "percent_statements_covered_display": "0"}, "missing_lines": [306, 307, 308, 309, 310], "excluded_lines": []}, "get_revenue_breakdown_chart": {"executed_lines": [], "summary": {"covered_lines": 0, "num_statements": 5, "percent_covered": 0.0, "percent_covered_display": "0", "missing_lines": 5, "excluded_lines": 0, "percent_statements_covered": 0.0, "percent_statements_covered_display": "0"}, "missing_lines": [326, 327, 330, 331, 332], "excluded_lines": []}, "get_alerts": {"executed_lines": [], "summary": {"covered_lines": 0, "num_statements": 5, "percent_covered": 0.0, "percent_covered_display": "0", "missing_lines": 5, "excluded_lines": 0, "percent_statements_covered": 0.0, "percent_statements_covered_display": "0"}, "missing_lines": [345, 346, 347, 348, 349], "excluded_lines": []}, "get_recent_activity": {"executed_lines": [], "summary": {"covered_lines": 0, "num_statements": 2, "percent_covered": 0.0, "percent_covered_display": "0", "missing_lines": 2, "excluded_lines": 0, "percent_statements_covered": 0.0, "percent_statements_covered_display": "0"}, "missing_lines": [363, 364], "excluded_lines": []}, "get_comparison_data": {"executed_lines": [], "summary": {"covered_lines": 0, "num_statements": 2, "percent_covered": 0.0, "percent_covered_display": "0", "missing_lines": 2, "excluded_lines": 0, "percent_statements_covered": 0.0, "percent_statements_covered_display": "0"}, "missing_lines": [378, 379], "excluded_lines": []}, "import_actuals": {"executed_lines": [], "summary": {"covered_lines": 0, "num_statements": 8, "percent_covered": 0.0, "percent_covered_display": "0", "missing_lines": 8, "excluded_lines": 0, "percent_statements_covered": 0.0, "percent_statements_covered_display": "0"}, "missing_lines": [400, 401, 404, 405, 406, 407, 408, 409], "excluded_lines": []}, "calculate_variance": {"executed_lines": [], "summary": {"covered_lines": 0, "num_statements": 6, "percent_covered": 0.0, "percent_covered_display": "0", "missing_lines": 6, "excluded_lines": 0, "percent_statements_covered": 0.0, "percent_statements_covered_display": "0"}, "missing_lines": [425, 426, 429, 431, 439, 440], "excluded_lines": []}, "get_variance_report": {"executed_lines": [], "summary": {"covered_lines": 0, "num_statements": 5, "percent_covered": 0.0, "percent_covered_display": "0", "missing_lines": 5, "excluded_lines": 0, "percent_statements_covered": 0.0, "percent_statements_covered_display": "0"}, "missing_lines": [458, 459, 462, 463, 464], "excluded_lines": []}, "create_forecast_revision": {"executed_lines": [], "summary": {"covered_lines": 0, "num_statements": 8, "percent_covered": 0.0, "percent_covered_display": "0", "missing_lines": 8, "excluded_lines": 0, "percent_statements_covered": 0.0, "percent_statements_covered_display": "0"}, "missing_lines": [480, 481, 484, 486, 493, 494, 495, 496], "excluded_lines": []}, "create_strategic_plan": {"executed_lines": [], "summary": {"covered_lines": 0, "num_statements": 11, "percent_covered": 0.0, "percent_covered_display": "0", "missing_lines": 11, "excluded_lines": 0, "percent_statements_covered": 0.0, "percent_statements_covered_display": "0"}, "missing_lines": [516, 517, 524, 525, 527, 528, 529, 530, 531, 532, 533], "excluded_lines": []}, "get_strategic_plan": {"executed_lines": [], "summary": {"covered_lines": 0, "num_statements": 5, "percent_covered": 0.0, "percent_covered_display": "0", "missing_lines": 5, "excluded_lines": 0, "percent_statements_covered": 0.0, "percent_statements_covered_display": "0"}, "missing_lines": [546, 547, 548, 549, 550], "excluded_lines": []}, "get_year_projection": {"executed_lines": [], "summary": {"covered_lines": 0, "num_statements": 9, "percent_covered": 0.0, "percent_covered_display": "0", "missing_lines": 9, "excluded_lines": 0, "percent_statements_covered": 0.0, "percent_statements_covered_display": "0"}, "missing_lines": [565, 566, 568, 569, 572, 573, 574, 575, 576], "excluded_lines": []}, "update_scenario_assumptions": {"executed_lines": [], "summary": {"covered_lines": 0, "num_statements": 6, "percent_covered": 0.0, "percent_covered_display": "0", "missing_lines": 6, "excluded_lines": 0, "percent_statements_covered": 0.0, "percent_statements_covered_display": "0"}, "missing_lines": [591, 592, 600, 602, 610, 611], "excluded_lines": []}, "compare_scenarios": {"executed_lines": [], "summary": {"covered_lines": 0, "num_statements": 5, "percent_covered": 0.0, "percent_covered_display": "0", "missing_lines": 5, "excluded_lines": 0, "percent_statements_covered": 0.0, "percent_statements_covered_display": "0"}, "missing_lines": [624, 625, 626, 627, 628], "excluded_lines": []}, "add_initiative": {"executed_lines": [], "summary": {"covered_lines": 0, "num_statements": 9, "percent_covered": 0.0, "percent_covered_display": "0", "missing_lines": 9, "excluded_lines": 0, "percent_statements_covered": 0.0, "percent_statements_covered_display": "0"}, "missing_lines": [644, 645, 647, 656, 658, 659, 660, 661, 662], "excluded_lines": []}, "refresh_all_materialized_views": {"executed_lines": [], "summary": {"covered_lines": 0, "num_statements": 4, "percent_covered": 0.0, "percent_covered_display": "0", "missing_lines": 4, "excluded_lines": 0, "percent_statements_covered": 0.0, "percent_statements_covered_display": "0"}, "missing_lines": [692, 695, 696, 698], "excluded_lines": []}, "refresh_specific_materialized_view": {"executed_lines": [], "summary": {"covered_lines": 0, "num_statements": 6, "percent_covered": 0.0, "percent_covered_display": "0", "missing_lines": 6, "excluded_lines": 0, "percent_statements_covered": 0.0, "percent_statements_covered_display": "0"}, "missing_lines": [728, 732, 733, 734, 735, 736], "excluded_lines": []}, "get_materialized_view_info": {"executed_lines": [], "summary": {"covered_lines": 0, "num_statements": 6, "percent_covered": 0.0, "percent_covered_display": "0", "missing_lines": 6, "excluded_lines": 0, "percent_statements_covered": 0.0, "percent_statements_covered_display": "0"}, "missing_lines": [760, 764, 765, 766, 767, 768], "excluded_lines": []}, "": {"executed_lines": [1, 11, 13, 14, 16, 17, 18, 42, 43, 44, 49, 50, 51, 53, 61, 66, 71, 78, 88, 93, 125, 129, 169, 173, 207, 211, 234, 238, 258, 262, 275, 279, 295, 299, 313, 317, 335, 339, 352, 356, 367, 371, 387, 392, 412, 416, 443, 447, 467, 472, 504, 509, 536, 540, 553, 557, 579, 583, 614, 618, 631, 636, 670, 675, 707, 712, 739, 744], "summary": {"covered_lines": 67, "num_statements": 67, "percent_covered": 100.0, "percent_covered_display": "100", "missing_lines": 0, "excluded_lines": 0, "percent_statements_covered": 100.0, "percent_statements_covered_display": "100"}, "missing_lines": [], "excluded_lines": []}}, "classes": {"": {"executed_lines": [1, 11, 13, 14, 16, 17, 18, 42, 43, 44, 49, 50, 51, 53, 61, 66, 71, 78, 88, 93, 125, 129, 169, 173, 207, 211, 234, 238, 258, 262, 275, 279, 295, 299, 313, 317, 335, 339, 352, 356, 367, 371, 387, 392, 412, 416, 443, 447, 467, 472, 504, 509, 536, 540, 553, 557, 579, 583, 614, 618, 631, 636, 670, 675, 707, 712, 739, 744], "summary": {"covered_lines": 67, "num_statements": 226, "percent_covered": 29.646017699115045, "percent_covered_display": "30", "missing_lines": 159, "excluded_lines": 0, "percent_statements_covered": 29.646017699115045, "percent_statements_covered_display": "30"}, "missing_lines": [63, 68, 75, 80, 105, 106, 107, 108, 109, 111, 119, 120, 121, 122, 140, 141, 143, 144, 146, 163, 164, 165, 166, 180, 181, 183, 184, 189, 203, 204, 218, 219, 220, 222, 224, 230, 231, 244, 245, 246, 249, 250, 268, 269, 270, 271, 272, 286, 287, 290, 291, 292, 306, 307, 308, 309, 310, 326, 327, 330, 331, 332, 345, 346, 347, 348, 349, 363, 364, 378, 379, 400, 401, 404, 405, 406, 407, 408, 409, 425, 426, 429, 431, 439, 440, 458, 459, 462, 463, 464, 480, 481, 484, 486, 493, 494, 495, 496, 516, 517, 524, 525, 527, 528, 529, 530, 531, 532, 533, 546, 547, 548, 549, 550, 565, 566, 568, 569, 572, 573, 574, 575, 576, 591, 592, 600, 602, 610, 611, 624, 625, 626, 627, 628, 644, 645, 647, 656, 658, 659, 660, 661, 662, 692, 695, 696, 698, 728, 732, 733, 734, 735, 736, 760, 764, 765, 766, 767, 768], "excluded_lines": []}}}, "app/api/v1/calculations.py": {"executed_lines": [1, 9, 11, 12, 13, 14, 15, 19, 23, 27, 32, 35, 42, 65, 66, 67, 68, 69, 75, 82, 107, 109, 112, 113, 114, 119, 120, 126, 133, 164, 166, 169, 170, 171, 172, 176, 177, 183, 190, 214, 216, 219, 220, 221, 226, 227, 233, 239, 241], "summary": {"covered_lines": 48, "num_statements": 50, "percent_covered": 96.0, "percent_covered_display": "96", "missing_lines": 2, "excluded_lines": 0, "percent_statements_covered": 96.0, "percent_statements_covered_display": "96"}, "missing_lines": [115, 222], "excluded_lines": [], "functions": {"calculate_enrollment": {"executed_lines": [65, 66, 67, 68, 69], "summary": {"covered_lines": 5, "num_statements": 5, "percent_covered": 100.0, "percent_covered_display": "100", "missing_lines": 0, "excluded_lines": 0, "percent_statements_covered": 100.0, "percent_statements_covered_display": "100"}, "missing_lines": [], "excluded_lines": []}, "calculate_kpis": {"executed_lines": [107, 109, 112, 113, 114, 119, 120], "summary": {"covered_lines": 7, "num_statements": 8, "percent_covered": 87.5, "percent_covered_display": "88", "missing_lines": 1, "excluded_lines": 0, "percent_statements_covered": 87.5, "percent_statements_covered_display": "88"}, "missing_lines": [115], "excluded_lines": []}, "calculate_dhg": {"executed_lines": [164, 166, 169, 170, 171, 172, 176, 177], "summary": {"covered_lines": 8, "num_statements": 8, "percent_covered": 100.0, "percent_covered_display": "100", "missing_lines": 0, "excluded_lines": 0, "percent_statements_covered": 100.0, "percent_statements_covered_display": "100"}, "missing_lines": [], "excluded_lines": []}, "calculate_revenue": {"executed_lines": [214, 216, 219, 220, 221, 226, 227], "summary": {"covered_lines": 7, "num_statements": 8, "percent_covered": 87.5, "percent_covered_display": "88", "missing_lines": 1, "excluded_lines": 0, "percent_statements_covered": 87.5, "percent_statements_covered_display": "88"}, "missing_lines": [222], "excluded_lines": []}, "health_check": {"executed_lines": [241], "summary": {"covered_lines": 1, "num_statements": 1, "percent_covered": 100.0, "percent_covered_display": "100", "missing_lines": 0, "excluded_lines": 0, "percent_statements_covered": 100.0, "percent_statements_covered_display": "100"}, "missing_lines": [], "excluded_lines": []}, "": {"executed_lines": [1, 9, 11, 12, 13, 14, 15, 19, 23, 27, 32, 35, 42, 75, 82, 126, 133, 183, 190, 233, 239], "summary": {"covered_lines": 20, "num_statements": 20, "percent_covered": 100.0, "percent_covered_display": "100", "missing_lines": 0, "excluded_lines": 0, "percent_statements_covered": 100.0, "percent_statements_covered_display": "100"}, "missing_lines": [], "excluded_lines": []}}, "classes": {"": {"executed_lines": [1, 9, 11, 12, 13, 14, 15, 19, 23, 27, 32, 35, 42, 65, 66, 67, 68, 69, 75, 82, 107, 109, 112, 113, 114, 119, 120, 126, 133, 164, 166, 169, 170, 171, 172, 176, 177, 183, 190, 214, 216, 219, 220, 221, 226, 227, 233, 239, 241], "summary": {"covered_lines": 48, "num_statements": 50, "percent_covered": 96.0, "percent_covered_display": "96", "missing_lines": 2, "excluded_lines": 0, "percent_statements_covered": 96.0, "percent_statements_covered_display": "96"}, "missing_lines": [115, 222], "excluded_lines": []}}}, "app/api/v1/configuration.py": {"executed_lines": [1, 13, 15, 16, 18, 19, 20, 21, 42, 43, 50, 53, 71, 72, 92, 93, 124, 125, 164, 165, 190, 191, 217, 218, 253, 254, 288, 289, 317, 318, 346, 347, 378, 379, 397, 398, 423, 424, 444, 445, 485, 486, 504, 505, 525, 526, 565, 566, 584, 585, 605, 606, 649, 650, 668, 669, 687, 688, 708, 709], "summary": {"covered_lines": 59, "num_statements": 154, "percent_covered": 38.311688311688314, "percent_covered_display": "38", "missing_lines": 95, "excluded_lines": 0, "percent_statements_covered": 38.311688311688314, "percent_statements_covered_display": "38"}, "missing_lines": [63, 88, 89, 112, 113, 114, 115, 119, 120, 121, 146, 147, 154, 155, 156, 183, 187, 210, 211, 212, 213, 214, 237, 238, 246, 247, 248, 249, 250, 275, 276, 281, 282, 283, 284, 285, 308, 309, 310, 311, 312, 313, 314, 337, 338, 339, 340, 341, 342, 343, 366, 367, 368, 369, 370, 393, 394, 414, 415, 440, 441, 464, 465, 475, 476, 477, 500, 501, 521, 522, 545, 546, 555, 556, 557, 580, 581, 601, 602, 625, 626, 639, 640, 641, 664, 665, 683, 684, 704, 705, 728, 729, 739, 740, 741], "excluded_lines": [], "functions": {"get_config_service": {"executed_lines": [], "summary": {"covered_lines": 0, "num_statements": 1, "percent_covered": 0.0, "percent_covered_display": "0", "missing_lines": 1, "excluded_lines": 0, "percent_statements_covered": 0.0, "percent_statements_covered_display": "0"}, "missing_lines": [63], "excluded_lines": []}, "get_system_configs": {"executed_lines": [], "summary": {"covered_lines": 0, "num_statements": 2, "percent_covered": 0.0, "percent_covered_display": "0", "missing_lines": 2, "excluded_lines": 0, "percent_statements_covered": 0.0, "percent_statements_covered_display": "0"}, "missing_lines": [88, 89], "excluded_lines": []}, "get_system_config": {"executed_lines": [], "summary": {"covered_lines": 0, "num_statements": 7, "percent_covered": 0.0, "percent_covered_display": "0", "missing_lines": 7, "excluded_lines": 0, "percent_statements_covered": 0.0, "percent_statements_covered_display": "0"}, "missing_lines": [112, 113, 114, 115, 119, 120, 121], "excluded_lines": []}, "upsert_system_config": {"executed_lines": [], "summary": {"covered_lines": 0, "num_statements": 5, "percent_covered": 0.0, "percent_covered_display": "0", "missing_lines": 5, "excluded_lines": 0, "percent_statements_covered": 0.0, "percent_statements_covered_display": "0"}, "missing_lines": [146, 147, 154, 155, 156], "excluded_lines": []}, "get_budget_versions": {"executed_lines": [], "summary": {"covered_lines": 0, "num_statements": 2, "percent_covered": 0.0, "percent_covered_display": "0", "missing_lines": 2, "excluded_lines": 0, "percent_statements_covered": 0.0, "percent_statements_covered_display": "0"}, "missing_lines": [183, 187], "excluded_lines": []}, "get_budget_version": {"executed_lines": [], "summary": {"covered_lines": 0, "num_statements": 5, "percent_covered": 0.0, "percent_covered_display": "0", "missing_lines": 5, "excluded_lines": 0, "percent_statements_covered": 0.0, "percent_statements_covered_display": "0"}, "missing_lines": [210, 211, 212, 213, 214], "excluded_lines": []}, "create_budget_version": {"executed_lines": [], "summary": {"covered_lines": 0, "num_statements": 7, "percent_covered": 0.0, "percent_covered_display": "0", "missing_lines": 7, "excluded_lines": 0, "percent_statements_covered": 0.0, "percent_statements_covered_display": "0"}, "missing_lines": [237, 238, 246, 247, 248, 249, 250], "excluded_lines": []}, "update_budget_version": {"executed_lines": [], "summary": {"covered_lines": 0, "num_statements": 7, "percent_covered": 0.0, "percent_covered_display": "0", "missing_lines": 7, "excluded_lines": 0, "percent_statements_covered": 0.0, "percent_statements_covered_display": "0"}, "missing_lines": [275, 276, 281, 282, 283, 284, 285], "excluded_lines": []}, "submit_budget_version": {"executed_lines": [], "summary": {"covered_lines": 0, "num_statements": 7, "percent_covered": 0.0, "percent_covered_display": "0", "missing_lines": 7, "excluded_lines": 0, "percent_statements_covered": 0.0, "percent_statements_covered_display": "0"}, "missing_lines": [308, 309, 310, 311, 312, 313, 314], "excluded_lines": []}, "approve_budget_version": {"executed_lines": [], "summary": {"covered_lines": 0, "num_statements": 7, "percent_covered": 0.0, "percent_covered_display": "0", "missing_lines": 7, "excluded_lines": 0, "percent_statements_covered": 0.0, "percent_statements_covered_display": "0"}, "missing_lines": [337, 338, 339, 340, 341, 342, 343], "excluded_lines": []}, "supersede_budget_version": {"executed_lines": [], "summary": {"covered_lines": 0, "num_statements": 5, "percent_covered": 0.0, "percent_covered_display": "0", "missing_lines": 5, "excluded_lines": 0, "percent_statements_covered": 0.0, "percent_statements_covered_display": "0"}, "missing_lines": [366, 367, 368, 369, 370], "excluded_lines": []}, "get_academic_cycles": {"executed_lines": [], "summary": {"covered_lines": 0, "num_statements": 2, "percent_covered": 0.0, "percent_covered_display": "0", "missing_lines": 2, "excluded_lines": 0, "percent_statements_covered": 0.0, "percent_statements_covered_display": "0"}, "missing_lines": [393, 394], "excluded_lines": []}, "get_academic_levels": {"executed_lines": [], "summary": {"covered_lines": 0, "num_statements": 2, "percent_covered": 0.0, "percent_covered_display": "0", "missing_lines": 2, "excluded_lines": 0, "percent_statements_covered": 0.0, "percent_statements_covered_display": "0"}, "missing_lines": [414, 415], "excluded_lines": []}, "get_class_size_params": {"executed_lines": [], "summary": {"covered_lines": 0, "num_statements": 2, "percent_covered": 0.0, "percent_covered_display": "0", "missing_lines": 2, "excluded_lines": 0, "percent_statements_covered": 0.0, "percent_statements_covered_display": "0"}, "missing_lines": [440, 441], "excluded_lines": []}, "upsert_class_size_param": {"executed_lines": [], "summary": {"covered_lines": 0, "num_statements": 5, "percent_covered": 0.0, "percent_covered_display": "0", "missing_lines": 5, "excluded_lines": 0, "percent_statements_covered": 0.0, "percent_statements_covered_display": "0"}, "missing_lines": [464, 465, 475, 476, 477], "excluded_lines": []}, "get_subjects": {"executed_lines": [], "summary": {"covered_lines": 0, "num_statements": 2, "percent_covered": 0.0, "percent_covered_display": "0", "missing_lines": 2, "excluded_lines": 0, "percent_statements_covered": 0.0, "percent_statements_covered_display": "0"}, "missing_lines": [500, 501], "excluded_lines": []}, "get_subject_hours_matrix": {"executed_lines": [], "summary": {"covered_lines": 0, "num_statements": 2, "percent_covered": 0.0, "percent_covered_display": "0", "missing_lines": 2, "excluded_lines": 0, "percent_statements_covered": 0.0, "percent_statements_covered_display": "0"}, "missing_lines": [521, 522], "excluded_lines": []}, "upsert_subject_hours": {"executed_lines": [], "summary": {"covered_lines": 0, "num_statements": 5, "percent_covered": 0.0, "percent_covered_display": "0", "missing_lines": 5, "excluded_lines": 0, "percent_statements_covered": 0.0, "percent_statements_covered_display": "0"}, "missing_lines": [545, 546, 555, 556, 557], "excluded_lines": []}, "get_teacher_categories": {"executed_lines": [], "summary": {"covered_lines": 0, "num_statements": 2, "percent_covered": 0.0, "percent_covered_display": "0", "missing_lines": 2, "excluded_lines": 0, "percent_statements_covered": 0.0, "percent_statements_covered_display": "0"}, "missing_lines": [580, 581], "excluded_lines": []}, "get_teacher_cost_params": {"executed_lines": [], "summary": {"covered_lines": 0, "num_statements": 2, "percent_covered": 0.0, "percent_covered_display": "0", "missing_lines": 2, "excluded_lines": 0, "percent_statements_covered": 0.0, "percent_statements_covered_display": "0"}, "missing_lines": [601, 602], "excluded_lines": []}, "upsert_teacher_cost_param": {"executed_lines": [], "summary": {"covered_lines": 0, "num_statements": 5, "percent_covered": 0.0, "percent_covered_display": "0", "missing_lines": 5, "excluded_lines": 0, "percent_statements_covered": 0.0, "percent_statements_covered_display": "0"}, "missing_lines": [625, 626, 639, 640, 641], "excluded_lines": []}, "get_fee_categories": {"executed_lines": [], "summary": {"covered_lines": 0, "num_statements": 2, "percent_covered": 0.0, "percent_covered_display": "0", "missing_lines": 2, "excluded_lines": 0, "percent_statements_covered": 0.0, "percent_statements_covered_display": "0"}, "missing_lines": [664, 665], "excluded_lines": []}, "get_nationality_types": {"executed_lines": [], "summary": {"covered_lines": 0, "num_statements": 2, "percent_covered": 0.0, "percent_covered_display": "0", "missing_lines": 2, "excluded_lines": 0, "percent_statements_covered": 0.0, "percent_statements_covered_display": "0"}, "missing_lines": [683, 684], "excluded_lines": []}, "get_fee_structure": {"executed_lines": [], "summary": {"covered_lines": 0, "num_statements": 2, "percent_covered": 0.0, "percent_covered_display": "0", "missing_lines": 2, "excluded_lines": 0, "percent_statements_covered": 0.0, "percent_statements_covered_display": "0"}, "missing_lines": [704, 705], "excluded_lines": []}, "upsert_fee_structure": {"executed_lines": [], "summary": {"covered_lines": 0, "num_statements": 5, "percent_covered": 0.0, "percent_covered_display": "0", "missing_lines": 5, "excluded_lines": 0, "percent_statements_covered": 0.0, "percent_statements_covered_display": "0"}, "missing_lines": [728, 729, 739, 740, 741], "excluded_lines": []}, "": {"executed_lines": [1, 13, 15, 16, 18, 19, 20, 21, 42, 43, 50, 53, 71, 72, 92, 93, 124, 125, 164, 165, 190, 191, 217, 218, 253, 254, 288, 289, 317, 318, 346, 347, 378, 379, 397, 398, 423, 424, 444, 445, 485, 486, 504, 505, 525, 526, 565, 566, 584, 585, 605, 606, 649, 650, 668, 669, 687, 688, 708, 709], "summary": {"covered_lines": 59, "num_statements": 59, "percent_covered": 100.0, "percent_covered_display": "100", "missing_lines": 0, "excluded_lines": 0, "percent_statements_covered": 100.0, "percent_statements_covered_display": "100"}, "missing_lines": [], "excluded_lines": []}}, "classes": {"": {"executed_lines": [1, 13, 15, 16, 18, 19, 20, 21, 42, 43, 50, 53, 71, 72, 92, 93, 124, 125, 164, 165, 190, 191, 217, 218, 253, 254, 288, 289, 317, 318, 346, 347, 378, 379, 397, 398, 423, 424, 444, 445, 485, 486, 504, 505, 525, 526, 565, 566, 584, 585, 605, 606, 649, 650, 668, 669, 687, 688, 708, 709], "summary": {"covered_lines": 59, "num_statements": 154, "percent_covered": 38.311688311688314, "percent_covered_display": "38", "missing_lines": 95, "excluded_lines": 0, "percent_statements_covered": 38.311688311688314, "percent_statements_covered_display": "38"}, "missing_lines": [63, 88, 89, 112, 113, 114, 115, 119, 120, 121, 146, 147, 154, 155, 156, 183, 187, 210, 211, 212, 213, 214, 237, 238, 246, 247, 248, 249, 250, 275, 276, 281, 282, 283, 284, 285, 308, 309, 310, 311, 312, 313, 314, 337, 338, 339, 340, 341, 342, 343, 366, 367, 368, 369, 370, 393, 394, 414, 415, 440, 441, 464, 465, 475, 476, 477, 500, 501, 521, 522, 545, 546, 555, 556, 557, 580, 581, 601, 602, 625, 626, 639, 640, 641, 664, 665, 683, 684, 704, 705, 728, 729, 739, 740, 741], "excluded_lines": []}}}, "app/api/v1/consolidation.py": {"executed_lines": [1, 11, 12, 13, 14, 16, 17, 19, 20, 21, 22, 35, 36, 37, 42, 44, 47, 62, 68, 71, 86, 92, 95, 101, 102, 103, 105, 106, 107, 109, 110, 111, 112, 113, 115, 116, 117, 119, 135, 143, 145, 146, 149, 151, 152, 154, 155, 158, 160, 181, 182, 203, 205, 208, 212, 219, 220, 221, 222, 224, 225, 226, 227, 229, 230, 232, 233, 234, 235, 236, 237, 238, 239, 240, 241, 242, 243, 246, 247, 249, 267, 268, 269, 270, 276, 277, 302, 304, 307, 310, 312, 314, 315, 316, 317, 323, 324, 348, 350, 354, 360, 363, 367, 376, 378, 379, 383, 384, 390, 391, 417, 419, 423, 429, 432, 436, 445, 447, 448, 459, 460, 481, 482, 483, 494, 495, 516, 518, 523, 527, 533, 565, 566, 595, 596, 597, 598, 600, 601, 614, 615, 638, 639, 642, 643, 644, 647, 651, 657, 662, 668, 685, 686, 710, 711, 712, 714, 715, 716, 727, 740, 743, 767, 768, 769, 778, 780, 781], "summary": {"covered_lines": 167, "num_statements": 208, "percent_covered": 80.28846153846153, "percent_covered_display": "80", "missing_lines": 41, "excluded_lines": 0, "percent_statements_covered": 80.28846153846153, "percent_statements_covered_display": "80"}, "missing_lines": [59, 83, 147, 156, 213, 313, 355, 377, 424, 446, 452, 453, 485, 486, 487, 488, 528, 551, 552, 553, 554, 603, 604, 605, 606, 607, 608, 652, 676, 677, 678, 679, 729, 730, 731, 732, 733, 734, 779, 782, 783], "excluded_lines": [], "functions": {"get_consolidation_service": {"executed_lines": [], "summary": {"covered_lines": 0, "num_statements": 1, "percent_covered": 0.0, "percent_covered_display": "0", "missing_lines": 1, "excluded_lines": 0, "percent_statements_covered": 0.0, "percent_statements_covered_display": "0"}, "missing_lines": [59], "excluded_lines": []}, "_resolve_consolidation_service": {"executed_lines": [68], "summary": {"covered_lines": 1, "num_statements": 1, "percent_covered": 100.0, "percent_covered_display": "100", "missing_lines": 0, "excluded_lines": 0, "percent_statements_covered": 100.0, "percent_statements_covered_display": "100"}, "missing_lines": [], "excluded_lines": []}, "get_financial_statements_service": {"executed_lines": [], "summary": {"covered_lines": 0, "num_statements": 1, "percent_covered": 0.0, "percent_covered_display": "0", "missing_lines": 1, "excluded_lines": 0, "percent_statements_covered": 0.0, "percent_statements_covered_display": "0"}, "missing_lines": [83], "excluded_lines": []}, "_resolve_financial_statements_service": {"executed_lines": [92], "summary": {"covered_lines": 1, "num_statements": 1, "percent_covered": 100.0, "percent_covered_display": "100", "missing_lines": 0, "excluded_lines": 0, "percent_statements_covered": 100.0, "percent_statements_covered_display": "100"}, "missing_lines": [], "excluded_lines": []}, "_normalize_line_item": {"executed_lines": [101, 102, 103, 105, 106, 107, 109, 110, 111, 112, 113, 115, 116, 117, 119], "summary": {"covered_lines": 15, "num_statements": 15, "percent_covered": 100.0, "percent_covered_display": "100", "missing_lines": 0, "excluded_lines": 0, "percent_statements_covered": 100.0, "percent_statements_covered_display": "100"}, "missing_lines": [], "excluded_lines": []}, "_normalize_income_statement": {"executed_lines": [143, 145, 146, 149, 151, 152, 154, 155, 158, 160], "summary": {"covered_lines": 10, "num_statements": 12, "percent_covered": 83.33333333333333, "percent_covered_display": "83", "missing_lines": 2, "excluded_lines": 0, "percent_statements_covered": 83.33333333333333, "percent_statements_covered_display": "83"}, "missing_lines": [147, 156], "excluded_lines": []}, "get_consolidated_budget": {"executed_lines": [203, 205, 208, 212, 219, 220, 221, 222, 224, 225, 226, 227, 229, 230, 232, 233, 234, 235, 236, 237, 238, 239, 240, 241, 242, 243, 246, 247, 249, 267, 268, 269, 270], "summary": {"covered_lines": 33, "num_statements": 34, "percent_covered": 97.05882352941177, "percent_covered_display": "97", "missing_lines": 1, "excluded_lines": 0, "percent_statements_covered": 97.05882352941177, "percent_statements_covered_display": "97"}, "missing_lines": [213], "excluded_lines": []}, "consolidate_budget": {"executed_lines": [302, 304, 307, 310, 312, 314, 315, 316, 317], "summary": {"covered_lines": 9, "num_statements": 10, "percent_covered": 90.0, "percent_covered_display": "90", "missing_lines": 1, "excluded_lines": 0, "percent_statements_covered": 90.0, "percent_statements_covered_display": "90"}, "missing_lines": [313], "excluded_lines": []}, "submit_for_approval": {"executed_lines": [348, 350, 354, 360, 363, 367, 376, 378, 379, 383, 384], "summary": {"covered_lines": 11, "num_statements": 13, "percent_covered": 84.61538461538461, "percent_covered_display": "85", "missing_lines": 2, "excluded_lines": 0, "percent_statements_covered": 84.61538461538461, "percent_statements_covered_display": "85"}, "missing_lines": [355, 377], "excluded_lines": []}, "approve_budget": {"executed_lines": [417, 419, 423, 429, 432, 436, 445, 447, 448], "summary": {"covered_lines": 9, "num_statements": 13, "percent_covered": 69.23076923076923, "percent_covered_display": "69", "missing_lines": 4, "excluded_lines": 0, "percent_statements_covered": 69.23076923076923, "percent_statements_covered_display": "69"}, "missing_lines": [424, 446, 452, 453], "excluded_lines": []}, "validate_budget_completeness": {"executed_lines": [481, 482, 483], "summary": {"covered_lines": 3, "num_statements": 7, "percent_covered": 42.857142857142854, "percent_covered_display": "43", "missing_lines": 4, "excluded_lines": 0, "percent_statements_covered": 42.857142857142854, "percent_statements_covered_display": "43"}, "missing_lines": [485, 486, 487, 488], "excluded_lines": []}, "get_consolidation_summary": {"executed_lines": [516, 518, 523, 527, 533], "summary": {"covered_lines": 5, "num_statements": 10, "percent_covered": 50.0, "percent_covered_display": "50", "missing_lines": 5, "excluded_lines": 0, "percent_statements_covered": 50.0, "percent_statements_covered_display": "50"}, "missing_lines": [528, 551, 552, 553, 554], "excluded_lines": []}, "get_income_statement": {"executed_lines": [595, 596, 597, 598, 600, 601], "summary": {"covered_lines": 6, "num_statements": 12, "percent_covered": 50.0, "percent_covered_display": "50", "missing_lines": 6, "excluded_lines": 0, "percent_statements_covered": 50.0, "percent_statements_covered_display": "50"}, "missing_lines": [603, 604, 605, 606, 607, 608], "excluded_lines": []}, "get_balance_sheet": {"executed_lines": [638, 639, 642, 643, 644, 647, 651, 657, 662, 668], "summary": {"covered_lines": 10, "num_statements": 15, "percent_covered": 66.66666666666667, "percent_covered_display": "67", "missing_lines": 5, "excluded_lines": 0, "percent_statements_covered": 66.66666666666667, "percent_statements_covered_display": "67"}, "missing_lines": [652, 676, 677, 678, 679], "excluded_lines": []}, "get_period_totals": {"executed_lines": [710, 711, 712, 714, 715, 716, 727], "summary": {"covered_lines": 7, "num_statements": 13, "percent_covered": 53.84615384615385, "percent_covered_display": "54", "missing_lines": 6, "excluded_lines": 0, "percent_statements_covered": 53.84615384615385, "percent_statements_covered_display": "54"}, "missing_lines": [729, 730, 731, 732, 733, 734], "excluded_lines": []}, "get_period_total": {"executed_lines": [767, 768, 769, 778, 780, 781], "summary": {"covered_lines": 6, "num_statements": 9, "percent_covered": 66.66666666666667, "percent_covered_display": "67", "missing_lines": 3, "excluded_lines": 0, "percent_statements_covered": 66.66666666666667, "percent_statements_covered_display": "67"}, "missing_lines": [779, 782, 783], "excluded_lines": []}, "": {"executed_lines": [1, 11, 12, 13, 14, 16, 17, 19, 20, 21, 22, 35, 36, 37, 42, 44, 47, 62, 71, 86, 95, 135, 181, 182, 276, 277, 323, 324, 390, 391, 459, 460, 494, 495, 565, 566, 614, 615, 685, 686, 740, 743], "summary": {"covered_lines": 41, "num_statements": 41, "percent_covered": 100.0, "percent_covered_display": "100", "missing_lines": 0, "excluded_lines": 0, "percent_statements_covered": 100.0, "percent_statements_covered_display": "100"}, "missing_lines": [], "excluded_lines": []}}, "classes": {"": {"executed_lines": [1, 11, 12, 13, 14, 16, 17, 19, 20, 21, 22, 35, 36, 37, 42, 44, 47, 62, 68, 71, 86, 92, 95, 101, 102, 103, 105, 106, 107, 109, 110, 111, 112, 113, 115, 116, 117, 119, 135, 143, 145, 146, 149, 151, 152, 154, 155, 158, 160, 181, 182, 203, 205, 208, 212, 219, 220, 221, 222, 224, 225, 226, 227, 229, 230, 232, 233, 234, 235, 236, 237, 238, 239, 240, 241, 242, 243, 246, 247, 249, 267, 268, 269, 270, 276, 277, 302, 304, 307, 310, 312, 314, 315, 316, 317, 323, 324, 348, 350, 354, 360, 363, 367, 376, 378, 379, 383, 384, 390, 391, 417, 419, 423, 429, 432, 436, 445, 447, 448, 459, 460, 481, 482, 483, 494, 495, 516, 518, 523, 527, 533, 565, 566, 595, 596, 597, 598, 600, 601, 614, 615, 638, 639, 642, 643, 644, 647, 651, 657, 662, 668, 685, 686, 710, 711, 712, 714, 715, 716, 727, 740, 743, 767, 768, 769, 778, 780, 781], "summary": {"covered_lines": 167, "num_statements": 208, "percent_covered": 80.28846153846153, "percent_covered_display": "80", "missing_lines": 41, "excluded_lines": 0, "percent_statements_covered": 80.28846153846153, "percent_statements_covered_display": "80"}, "missing_lines": [59, 83, 147, 156, 213, 313, 355, 377, 424, 446, 452, 453, 485, 486, 487, 488, 528, 551, 552, 553, 554, 603, 604, 605, 606, 607, 608, 652, 676, 677, 678, 679, 729, 730, 731, 732, 733, 734, 779, 782, 783], "excluded_lines": []}}}, "app/api/v1/costs.py": {"executed_lines": [1, 11, 13, 14, 16, 17, 18, 33, 34, 35, 39, 41, 44, 57, 70, 88, 89, 112, 113, 143, 144, 182, 183, 211, 212, 235, 236, 267, 268, 312, 313, 336, 337, 368, 369, 406, 407, 435, 436, 459, 460, 498, 499, 541, 542, 569, 570, 602, 603, 633, 634, 657, 658], "summary": {"covered_lines": 52, "num_statements": 176, "percent_covered": 29.545454545454547, "percent_covered_display": "30", "missing_lines": 124, "excluded_lines": 0, "percent_statements_covered": 29.545454545454547, "percent_statements_covered_display": "30"}, "missing_lines": [54, 67, 80, 105, 106, 107, 108, 109, 131, 132, 136, 137, 138, 139, 140, 162, 163, 175, 176, 177, 178, 179, 199, 200, 201, 202, 203, 228, 229, 230, 231, 232, 254, 255, 260, 261, 262, 263, 264, 286, 287, 300, 301, 302, 303, 304, 329, 330, 331, 332, 333, 355, 356, 361, 362, 363, 364, 365, 387, 388, 399, 400, 401, 402, 403, 423, 424, 425, 426, 427, 452, 453, 454, 455, 456, 478, 479, 491, 492, 493, 494, 495, 519, 520, 532, 533, 534, 535, 536, 537, 538, 560, 561, 562, 563, 564, 565, 566, 588, 589, 593, 594, 595, 596, 597, 598, 599, 621, 622, 626, 627, 628, 629, 630, 650, 651, 652, 653, 654, 676, 677, 681, 682, 683], "excluded_lines": [], "functions": {"get_revenue_service": {"executed_lines": [], "summary": {"covered_lines": 0, "num_statements": 1, "percent_covered": 0.0, "percent_covered_display": "0", "missing_lines": 1, "excluded_lines": 0, "percent_statements_covered": 0.0, "percent_statements_covered_display": "0"}, "missing_lines": [54], "excluded_lines": []}, "get_cost_service": {"executed_lines": [], "summary": {"covered_lines": 0, "num_statements": 1, "percent_covered": 0.0, "percent_covered_display": "0", "missing_lines": 1, "excluded_lines": 0, "percent_statements_covered": 0.0, "percent_statements_covered_display": "0"}, "missing_lines": [67], "excluded_lines": []}, "get_capex_service": {"executed_lines": [], "summary": {"covered_lines": 0, "num_statements": 1, "percent_covered": 0.0, "percent_covered_display": "0", "missing_lines": 1, "excluded_lines": 0, "percent_statements_covered": 0.0, "percent_statements_covered_display": "0"}, "missing_lines": [80], "excluded_lines": []}, "get_revenue_plan": {"executed_lines": [], "summary": {"covered_lines": 0, "num_statements": 5, "percent_covered": 0.0, "percent_covered_display": "0", "missing_lines": 5, "excluded_lines": 0, "percent_statements_covered": 0.0, "percent_statements_covered_display": "0"}, "missing_lines": [105, 106, 107, 108, 109], "excluded_lines": []}, "calculate_revenue": {"executed_lines": [], "summary": {"covered_lines": 0, "num_statements": 7, "percent_covered": 0.0, "percent_covered_display": "0", "missing_lines": 7, "excluded_lines": 0, "percent_statements_covered": 0.0, "percent_statements_covered_display": "0"}, "missing_lines": [131, 132, 136, 137, 138, 139, 140], "excluded_lines": []}, "create_revenue_entry": {"executed_lines": [], "summary": {"covered_lines": 0, "num_statements": 7, "percent_covered": 0.0, "percent_covered_display": "0", "missing_lines": 7, "excluded_lines": 0, "percent_statements_covered": 0.0, "percent_statements_covered_display": "0"}, "missing_lines": [162, 163, 175, 176, 177, 178, 179], "excluded_lines": []}, "get_revenue_summary": {"executed_lines": [], "summary": {"covered_lines": 0, "num_statements": 5, "percent_covered": 0.0, "percent_covered_display": "0", "missing_lines": 5, "excluded_lines": 0, "percent_statements_covered": 0.0, "percent_statements_covered_display": "0"}, "missing_lines": [199, 200, 201, 202, 203], "excluded_lines": []}, "get_personnel_costs": {"executed_lines": [], "summary": {"covered_lines": 0, "num_statements": 5, "percent_covered": 0.0, "percent_covered_display": "0", "missing_lines": 5, "excluded_lines": 0, "percent_statements_covered": 0.0, "percent_statements_covered_display": "0"}, "missing_lines": [228, 229, 230, 231, 232], "excluded_lines": []}, "calculate_personnel_costs": {"executed_lines": [], "summary": {"covered_lines": 0, "num_statements": 7, "percent_covered": 0.0, "percent_covered_display": "0", "missing_lines": 7, "excluded_lines": 0, "percent_statements_covered": 0.0, "percent_statements_covered_display": "0"}, "missing_lines": [254, 255, 260, 261, 262, 263, 264], "excluded_lines": []}, "create_personnel_cost_entry": {"executed_lines": [], "summary": {"covered_lines": 0, "num_statements": 7, "percent_covered": 0.0, "percent_covered_display": "0", "missing_lines": 7, "excluded_lines": 0, "percent_statements_covered": 0.0, "percent_statements_covered_display": "0"}, "missing_lines": [286, 287, 300, 301, 302, 303, 304], "excluded_lines": []}, "get_operating_costs": {"executed_lines": [], "summary": {"covered_lines": 0, "num_statements": 5, "percent_covered": 0.0, "percent_covered_display": "0", "missing_lines": 5, "excluded_lines": 0, "percent_statements_covered": 0.0, "percent_statements_covered_display": "0"}, "missing_lines": [329, 330, 331, 332, 333], "excluded_lines": []}, "calculate_operating_costs": {"executed_lines": [], "summary": {"covered_lines": 0, "num_statements": 7, "percent_covered": 0.0, "percent_covered_display": "0", "missing_lines": 7, "excluded_lines": 0, "percent_statements_covered": 0.0, "percent_statements_covered_display": "0"}, "missing_lines": [355, 356, 361, 362, 363, 364, 365], "excluded_lines": []}, "create_operating_cost_entry": {"executed_lines": [], "summary": {"covered_lines": 0, "num_statements": 7, "percent_covered": 0.0, "percent_covered_display": "0", "missing_lines": 7, "excluded_lines": 0, "percent_statements_covered": 0.0, "percent_statements_covered_display": "0"}, "missing_lines": [387, 388, 399, 400, 401, 402, 403], "excluded_lines": []}, "get_cost_summary": {"executed_lines": [], "summary": {"covered_lines": 0, "num_statements": 5, "percent_covered": 0.0, "percent_covered_display": "0", "missing_lines": 5, "excluded_lines": 0, "percent_statements_covered": 0.0, "percent_statements_covered_display": "0"}, "missing_lines": [423, 424, 425, 426, 427], "excluded_lines": []}, "get_capex_plan": {"executed_lines": [], "summary": {"covered_lines": 0, "num_statements": 5, "percent_covered": 0.0, "percent_covered_display": "0", "missing_lines": 5, "excluded_lines": 0, "percent_statements_covered": 0.0, "percent_statements_covered_display": "0"}, "missing_lines": [452, 453, 454, 455, 456], "excluded_lines": []}, "create_capex_entry": {"executed_lines": [], "summary": {"covered_lines": 0, "num_statements": 7, "percent_covered": 0.0, "percent_covered_display": "0", "missing_lines": 7, "excluded_lines": 0, "percent_statements_covered": 0.0, "percent_statements_covered_display": "0"}, "missing_lines": [478, 479, 491, 492, 493, 494, 495], "excluded_lines": []}, "update_capex_entry": {"executed_lines": [], "summary": {"covered_lines": 0, "num_statements": 9, "percent_covered": 0.0, "percent_covered_display": "0", "missing_lines": 9, "excluded_lines": 0, "percent_statements_covered": 0.0, "percent_statements_covered_display": "0"}, "missing_lines": [519, 520, 532, 533, 534, 535, 536, 537, 538], "excluded_lines": []}, "delete_capex_entry": {"executed_lines": [], "summary": {"covered_lines": 0, "num_statements": 7, "percent_covered": 0.0, "percent_covered_display": "0", "missing_lines": 7, "excluded_lines": 0, "percent_statements_covered": 0.0, "percent_statements_covered_display": "0"}, "missing_lines": [560, 561, 562, 563, 564, 565, 566], "excluded_lines": []}, "calculate_depreciation": {"executed_lines": [], "summary": {"covered_lines": 0, "num_statements": 9, "percent_covered": 0.0, "percent_covered_display": "0", "missing_lines": 9, "excluded_lines": 0, "percent_statements_covered": 0.0, "percent_statements_covered_display": "0"}, "missing_lines": [588, 589, 593, 594, 595, 596, 597, 598, 599], "excluded_lines": []}, "get_depreciation_schedule": {"executed_lines": [], "summary": {"covered_lines": 0, "num_statements": 7, "percent_covered": 0.0, "percent_covered_display": "0", "missing_lines": 7, "excluded_lines": 0, "percent_statements_covered": 0.0, "percent_statements_covered_display": "0"}, "missing_lines": [621, 622, 626, 627, 628, 629, 630], "excluded_lines": []}, "get_capex_summary": {"executed_lines": [], "summary": {"covered_lines": 0, "num_statements": 5, "percent_covered": 0.0, "percent_covered_display": "0", "missing_lines": 5, "excluded_lines": 0, "percent_statements_covered": 0.0, "percent_statements_covered_display": "0"}, "missing_lines": [650, 651, 652, 653, 654], "excluded_lines": []}, "get_annual_depreciation": {"executed_lines": [], "summary": {"covered_lines": 0, "num_statements": 5, "percent_covered": 0.0, "percent_covered_display": "0", "missing_lines": 5, "excluded_lines": 0, "percent_statements_covered": 0.0, "percent_statements_covered_display": "0"}, "missing_lines": [676, 677, 681, 682, 683], "excluded_lines": []}, "": {"executed_lines": [1, 11, 13, 14, 16, 17, 18, 33, 34, 35, 39, 41, 44, 57, 70, 88, 89, 112, 113, 143, 144, 182, 183, 211, 212, 235, 236, 267, 268, 312, 313, 336, 337, 368, 369, 406, 407, 435, 436, 459, 460, 498, 499, 541, 542, 569, 570, 602, 603, 633, 634, 657, 658], "summary": {"covered_lines": 52, "num_statements": 52, "percent_covered": 100.0, "percent_covered_display": "100", "missing_lines": 0, "excluded_lines": 0, "percent_statements_covered": 100.0, "percent_statements_covered_display": "100"}, "missing_lines": [], "excluded_lines": []}}, "classes": {"": {"executed_lines": [1, 11, 13, 14, 16, 17, 18, 33, 34, 35, 39, 41, 44, 57, 70, 88, 89, 112, 113, 143, 144, 182, 183, 211, 212, 235, 236, 267, 268, 312, 313, 336, 337, 368, 369, 406, 407, 435, 436, 459, 460, 498, 499, 541, 542, 569, 570, 602, 603, 633, 634, 657, 658], "summary": {"covered_lines": 52, "num_statements": 176, "percent_covered": 29.545454545454547, "percent_covered_display": "30", "missing_lines": 124, "excluded_lines": 0, "percent_statements_covered": 29.545454545454547, "percent_statements_covered_display": "30"}, "missing_lines": [54, 67, 80, 105, 106, 107, 108, 109, 131, 132, 136, 137, 138, 139, 140, 162, 163, 175, 176, 177, 178, 179, 199, 200, 201, 202, 203, 228, 229, 230, 231, 232, 254, 255, 260, 261, 262, 263, 264, 286, 287, 300, 301, 302, 303, 304, 329, 330, 331, 332, 333, 355, 356, 361, 362, 363, 364, 365, 387, 388, 399, 400, 401, 402, 403, 423, 424, 425, 426, 427, 452, 453, 454, 455, 456, 478, 479, 491, 492, 493, 494, 495, 519, 520, 532, 533, 534, 535, 536, 537, 538, 560, 561, 562, 563, 564, 565, 566, 588, 589, 593, 594, 595, 596, 597, 598, 599, 621, 622, 626, 627, 628, 629, 630, 650, 651, 652, 653, 654, 676, 677, 681, 682, 683], "excluded_lines": []}}}, "app/api/v1/export.py": {"executed_lines": [1, 10, 11, 12, 13, 17, 18, 21, 23, 24, 27, 29, 30, 31, 33, 34, 35, 37, 45, 46, 52, 69, 70, 71, 73, 74, 75, 76, 77, 78, 79, 80, 81, 82, 88, 90, 91, 92, 93, 96, 99, 100, 101, 102, 110, 111, 114, 115, 116, 117, 120, 121, 122, 123, 124, 125, 127, 128, 136, 137, 138, 139, 140, 141, 142, 145, 146, 149, 150, 151, 153, 155, 162, 163, 168, 182, 183, 184, 186, 187, 188, 189, 190, 191, 192, 193, 199, 200, 203, 204, 205, 208, 209, 210, 212, 213, 214, 215, 218, 219, 220, 221, 222, 223, 224, 227, 228, 231, 232, 233, 235, 237, 249, 250, 255, 269, 270, 271, 272, 274, 275, 276, 277, 278, 279, 280, 281, 282, 283, 284, 285, 286, 287, 289, 290, 297, 299, 300, 301, 302, 304, 314, 315, 325, 326, 333, 342, 345, 346, 349, 350, 351, 352, 355, 357, 366, 367, 380, 381, 384, 385, 386, 389, 390, 392, 394, 406, 407, 422, 425, 426, 429, 430, 441, 443, 444, 453, 454, 456, 462, 463], "summary": {"covered_lines": 176, "num_statements": 183, "percent_covered": 96.17486338797814, "percent_covered_display": "96", "missing_lines": 7, "excluded_lines": 8, "percent_statements_covered": 96.17486338797814, "percent_statements_covered_display": "96"}, "missing_lines": [72, 185, 273, 294, 305, 306, 307], "excluded_lines": [17, 18, 19, 20, 23, 24, 25, 26], "functions": {"export_budget_excel": {"executed_lines": [52, 69, 70, 71, 73, 74, 75, 76, 77, 78, 79, 80, 81, 82, 88, 90, 91, 92, 93, 96, 99, 100, 101, 102, 110, 111, 114, 115, 116, 117, 120, 121, 122, 123, 124, 125, 127, 128, 136, 137, 138, 139, 140, 141, 142, 145, 146, 149, 150, 151, 153, 155], "summary": {"covered_lines": 52, "num_statements": 53, "percent_covered": 98.11320754716981, "percent_covered_display": "98", "missing_lines": 1, "excluded_lines": 0, "percent_statements_covered": 98.11320754716981, "percent_statements_covered_display": "98"}, "missing_lines": [72], "excluded_lines": []}, "export_kpi_excel": {"executed_lines": [168, 182, 183, 184, 186, 187, 188, 189, 190, 191, 192, 193, 199, 200, 203, 204, 205, 208, 209, 210, 212, 213, 214, 215, 218, 219, 220, 221, 222, 223, 224, 227, 228, 231, 232, 233, 235, 237], "summary": {"covered_lines": 38, "num_statements": 39, "percent_covered": 97.43589743589743, "percent_covered_display": "97", "missing_lines": 1, "excluded_lines": 0, "percent_statements_covered": 97.43589743589743, "percent_statements_covered_display": "97"}, "missing_lines": [185], "excluded_lines": []}, "export_budget_pdf": {"executed_lines": [255, 269, 270, 271, 272, 274, 275, 276, 277, 278, 279, 280, 281, 282, 283, 284, 285, 286, 287, 289, 290, 297, 299, 300, 301, 302, 304, 314, 315, 325, 326, 333, 342, 345, 346, 349, 350, 351, 352, 355, 357, 366, 367, 380, 381, 384, 385, 386, 389, 390, 392, 394], "summary": {"covered_lines": 52, "num_statements": 57, "percent_covered": 91.2280701754386, "percent_covered_display": "91", "missing_lines": 5, "excluded_lines": 0, "percent_statements_covered": 91.2280701754386, "percent_statements_covered_display": "91"}, "missing_lines": [273, 294, 305, 306, 307], "excluded_lines": []}, "export_budget_csv": {"executed_lines": [422, 425, 426, 429, 430, 441, 443, 444, 453, 454, 456, 462, 463], "summary": {"covered_lines": 13, "num_statements": 13, "percent_covered": 100.0, "percent_covered_display": "100", "missing_lines": 0, "excluded_lines": 0, "percent_statements_covered": 100.0, "percent_statements_covered_display": "100"}, "missing_lines": [], "excluded_lines": []}, "": {"executed_lines": [1, 10, 11, 12, 13, 17, 18, 21, 23, 24, 27, 29, 30, 31, 33, 34, 35, 37, 45, 46, 162, 163, 249, 250, 406, 407], "summary": {"covered_lines": 21, "num_statements": 21, "percent_covered": 100.0, "percent_covered_display": "100", "missing_lines": 0, "excluded_lines": 8, "percent_statements_covered": 100.0, "percent_statements_covered_display": "100"}, "missing_lines": [], "excluded_lines": [17, 18, 19, 20, 23, 24, 25, 26]}}, "classes": {"": {"executed_lines": [1, 10, 11, 12, 13, 17, 18, 21, 23, 24, 27, 29, 30, 31, 33, 34, 35, 37, 45, 46, 52, 69, 70, 71, 73, 74, 75, 76, 77, 78, 79, 80, 81, 82, 88, 90, 91, 92, 93, 96, 99, 100, 101, 102, 110, 111, 114, 115, 116, 117, 120, 121, 122, 123, 124, 125, 127, 128, 136, 137, 138, 139, 140, 141, 142, 145, 146, 149, 150, 151, 153, 155, 162, 163, 168, 182, 183, 184, 186, 187, 188, 189, 190, 191, 192, 193, 199, 200, 203, 204, 205, 208, 209, 210, 212, 213, 214, 215, 218, 219, 220, 221, 222, 223, 224, 227, 228, 231, 232, 233, 235, 237, 249, 250, 255, 269, 270, 271, 272, 274, 275, 276, 277, 278, 279, 280, 281, 282, 283, 284, 285, 286, 287, 289, 290, 297, 299, 300, 301, 302, 304, 314, 315, 325, 326, 333, 342, 345, 346, 349, 350, 351, 352, 355, 357, 366, 367, 380, 381, 384, 385, 386, 389, 390, 392, 394, 406, 407, 422, 425, 426, 429, 430, 441, 443, 444, 453, 454, 456, 462, 463], "summary": {"covered_lines": 176, "num_statements": 183, "percent_covered": 96.17486338797814, "percent_covered_display": "96", "missing_lines": 7, "excluded_lines": 8, "percent_statements_covered": 96.17486338797814, "percent_statements_covered_display": "96"}, "missing_lines": [72, 185, 273, 294, 305, 306, 307], "excluded_lines": [17, 18, 19, 20, 23, 24, 25, 26]}}}, "app/api/v1/planning.py": {"executed_lines": [1, 11, 13, 14, 16, 17, 18, 37, 38, 39, 40, 46, 49, 59, 62, 77, 95, 99, 126, 131, 171, 175, 215, 219, 246, 250, 275, 278, 321, 325, 354, 358, 398, 402, 450, 454, 479, 483, 523, 527, 552, 556, 596, 600, 625, 630, 667, 671, 707, 711, 754, 758, 790, 794], "summary": {"covered_lines": 53, "num_statements": 193, "percent_covered": 27.46113989637306, "percent_covered_display": "27", "missing_lines": 140, "excluded_lines": 0, "percent_statements_covered": 27.46113989637306, "percent_statements_covered_display": "27"}, "missing_lines": [74, 87, 115, 116, 117, 118, 119, 120, 121, 149, 150, 158, 159, 160, 161, 162, 165, 166, 193, 194, 200, 201, 202, 203, 204, 205, 206, 209, 210, 235, 236, 237, 238, 239, 240, 241, 266, 267, 268, 269, 270, 296, 297, 303, 304, 305, 306, 307, 310, 311, 343, 344, 347, 348, 349, 378, 379, 385, 386, 387, 388, 389, 392, 393, 422, 423, 434, 435, 436, 437, 438, 439, 440, 470, 471, 472, 473, 474, 501, 502, 507, 508, 509, 512, 513, 543, 544, 545, 546, 547, 574, 575, 580, 581, 582, 585, 586, 616, 617, 618, 619, 620, 648, 649, 658, 659, 660, 661, 662, 689, 690, 696, 697, 698, 699, 700, 701, 702, 729, 730, 740, 745, 746, 747, 748, 749, 774, 775, 776, 777, 778, 779, 780, 810, 811, 812, 813, 814, 817, 818], "excluded_lines": [], "functions": {"get_enrollment_service": {"executed_lines": [59], "summary": {"covered_lines": 1, "num_statements": 1, "percent_covered": 100.0, "percent_covered_display": "100", "missing_lines": 0, "excluded_lines": 0, "percent_statements_covered": 100.0, "percent_statements_covered_display": "100"}, "missing_lines": [], "excluded_lines": []}, "get_class_structure_service": {"executed_lines": [], "summary": {"covered_lines": 0, "num_statements": 1, "percent_covered": 0.0, "percent_covered_display": "0", "missing_lines": 1, "excluded_lines": 0, "percent_statements_covered": 0.0, "percent_statements_covered_display": "0"}, "missing_lines": [74], "excluded_lines": []}, "get_dhg_service": {"executed_lines": [], "summary": {"covered_lines": 0, "num_statements": 1, "percent_covered": 0.0, "percent_covered_display": "0", "missing_lines": 1, "excluded_lines": 0, "percent_statements_covered": 0.0, "percent_statements_covered_display": "0"}, "missing_lines": [87], "excluded_lines": []}, "get_enrollment_plan": {"executed_lines": [], "summary": {"covered_lines": 0, "num_statements": 7, "percent_covered": 0.0, "percent_covered_display": "0", "missing_lines": 7, "excluded_lines": 0, "percent_statements_covered": 0.0, "percent_statements_covered_display": "0"}, "missing_lines": [115, 116, 117, 118, 119, 120, 121], "excluded_lines": []}, "create_enrollment": {"executed_lines": [], "summary": {"covered_lines": 0, "num_statements": 9, "percent_covered": 0.0, "percent_covered_display": "0", "missing_lines": 9, "excluded_lines": 0, "percent_statements_covered": 0.0, "percent_statements_covered_display": "0"}, "missing_lines": [149, 150, 158, 159, 160, 161, 162, 165, 166], "excluded_lines": []}, "update_enrollment": {"executed_lines": [], "summary": {"covered_lines": 0, "num_statements": 11, "percent_covered": 0.0, "percent_covered_display": "0", "missing_lines": 11, "excluded_lines": 0, "percent_statements_covered": 0.0, "percent_statements_covered_display": "0"}, "missing_lines": [193, 194, 200, 201, 202, 203, 204, 205, 206, 209, 210], "excluded_lines": []}, "delete_enrollment": {"executed_lines": [], "summary": {"covered_lines": 0, "num_statements": 7, "percent_covered": 0.0, "percent_covered_display": "0", "missing_lines": 7, "excluded_lines": 0, "percent_statements_covered": 0.0, "percent_statements_covered_display": "0"}, "missing_lines": [235, 236, 237, 238, 239, 240, 241], "excluded_lines": []}, "get_enrollment_summary": {"executed_lines": [], "summary": {"covered_lines": 0, "num_statements": 5, "percent_covered": 0.0, "percent_covered_display": "0", "missing_lines": 5, "excluded_lines": 0, "percent_statements_covered": 0.0, "percent_statements_covered_display": "0"}, "missing_lines": [266, 267, 268, 269, 270], "excluded_lines": []}, "project_enrollment": {"executed_lines": [], "summary": {"covered_lines": 0, "num_statements": 9, "percent_covered": 0.0, "percent_covered_display": "0", "missing_lines": 9, "excluded_lines": 0, "percent_statements_covered": 0.0, "percent_statements_covered_display": "0"}, "missing_lines": [296, 297, 303, 304, 305, 306, 307, 310, 311], "excluded_lines": []}, "get_class_structure": {"executed_lines": [], "summary": {"covered_lines": 0, "num_statements": 5, "percent_covered": 0.0, "percent_covered_display": "0", "missing_lines": 5, "excluded_lines": 0, "percent_statements_covered": 0.0, "percent_statements_covered_display": "0"}, "missing_lines": [343, 344, 347, 348, 349], "excluded_lines": []}, "calculate_class_structure": {"executed_lines": [], "summary": {"covered_lines": 0, "num_statements": 9, "percent_covered": 0.0, "percent_covered_display": "0", "missing_lines": 9, "excluded_lines": 0, "percent_statements_covered": 0.0, "percent_statements_covered_display": "0"}, "missing_lines": [378, 379, 385, 386, 387, 388, 389, 392, 393], "excluded_lines": []}, "update_class_structure": {"executed_lines": [], "summary": {"covered_lines": 0, "num_statements": 9, "percent_covered": 0.0, "percent_covered_display": "0", "missing_lines": 9, "excluded_lines": 0, "percent_statements_covered": 0.0, "percent_statements_covered_display": "0"}, "missing_lines": [422, 423, 434, 435, 436, 437, 438, 439, 440], "excluded_lines": []}, "get_dhg_subject_hours": {"executed_lines": [], "summary": {"covered_lines": 0, "num_statements": 5, "percent_covered": 0.0, "percent_covered_display": "0", "missing_lines": 5, "excluded_lines": 0, "percent_statements_covered": 0.0, "percent_statements_covered_display": "0"}, "missing_lines": [470, 471, 472, 473, 474], "excluded_lines": []}, "calculate_dhg_subject_hours": {"executed_lines": [], "summary": {"covered_lines": 0, "num_statements": 7, "percent_covered": 0.0, "percent_covered_display": "0", "missing_lines": 7, "excluded_lines": 0, "percent_statements_covered": 0.0, "percent_statements_covered_display": "0"}, "missing_lines": [501, 502, 507, 508, 509, 512, 513], "excluded_lines": []}, "get_teacher_requirements": {"executed_lines": [], "summary": {"covered_lines": 0, "num_statements": 5, "percent_covered": 0.0, "percent_covered_display": "0", "missing_lines": 5, "excluded_lines": 0, "percent_statements_covered": 0.0, "percent_statements_covered_display": "0"}, "missing_lines": [543, 544, 545, 546, 547], "excluded_lines": []}, "calculate_teacher_requirements": {"executed_lines": [], "summary": {"covered_lines": 0, "num_statements": 7, "percent_covered": 0.0, "percent_covered_display": "0", "missing_lines": 7, "excluded_lines": 0, "percent_statements_covered": 0.0, "percent_statements_covered_display": "0"}, "missing_lines": [574, 575, 580, 581, 582, 585, 586], "excluded_lines": []}, "get_teacher_allocations": {"executed_lines": [], "summary": {"covered_lines": 0, "num_statements": 5, "percent_covered": 0.0, "percent_covered_display": "0", "missing_lines": 5, "excluded_lines": 0, "percent_statements_covered": 0.0, "percent_statements_covered_display": "0"}, "missing_lines": [616, 617, 618, 619, 620], "excluded_lines": []}, "create_teacher_allocation": {"executed_lines": [], "summary": {"covered_lines": 0, "num_statements": 7, "percent_covered": 0.0, "percent_covered_display": "0", "missing_lines": 7, "excluded_lines": 0, "percent_statements_covered": 0.0, "percent_statements_covered_display": "0"}, "missing_lines": [648, 649, 658, 659, 660, 661, 662], "excluded_lines": []}, "update_teacher_allocation": {"executed_lines": [], "summary": {"covered_lines": 0, "num_statements": 9, "percent_covered": 0.0, "percent_covered_display": "0", "missing_lines": 9, "excluded_lines": 0, "percent_statements_covered": 0.0, "percent_statements_covered_display": "0"}, "missing_lines": [689, 690, 696, 697, 698, 699, 700, 701, 702], "excluded_lines": []}, "bulk_update_teacher_allocations": {"executed_lines": [], "summary": {"covered_lines": 0, "num_statements": 8, "percent_covered": 0.0, "percent_covered_display": "0", "missing_lines": 8, "excluded_lines": 0, "percent_statements_covered": 0.0, "percent_statements_covered_display": "0"}, "missing_lines": [729, 730, 740, 745, 746, 747, 748, 749], "excluded_lines": []}, "delete_teacher_allocation": {"executed_lines": [], "summary": {"covered_lines": 0, "num_statements": 7, "percent_covered": 0.0, "percent_covered_display": "0", "missing_lines": 7, "excluded_lines": 0, "percent_statements_covered": 0.0, "percent_statements_covered_display": "0"}, "missing_lines": [774, 775, 776, 777, 778, 779, 780], "excluded_lines": []}, "get_trmd_gap_analysis": {"executed_lines": [], "summary": {"covered_lines": 0, "num_statements": 7, "percent_covered": 0.0, "percent_covered_display": "0", "missing_lines": 7, "excluded_lines": 0, "percent_statements_covered": 0.0, "percent_statements_covered_display": "0"}, "missing_lines": [810, 811, 812, 813, 814, 817, 818], "excluded_lines": []}, "": {"executed_lines": [1, 11, 13, 14, 16, 17, 18, 37, 38, 39, 40, 46, 49, 62, 77, 95, 99, 126, 131, 171, 175, 215, 219, 246, 250, 275, 278, 321, 325, 354, 358, 398, 402, 450, 454, 479, 483, 523, 527, 552, 556, 596, 600, 625, 630, 667, 671, 707, 711, 754, 758, 790, 794], "summary": {"covered_lines": 52, "num_statements": 52, "percent_covered": 100.0, "percent_covered_display": "100", "missing_lines": 0, "excluded_lines": 0, "percent_statements_covered": 100.0, "percent_statements_covered_display": "100"}, "missing_lines": [], "excluded_lines": []}}, "classes": {"": {"executed_lines": [1, 11, 13, 14, 16, 17, 18, 37, 38, 39, 40, 46, 49, 59, 62, 77, 95, 99, 126, 131, 171, 175, 215, 219, 246, 250, 275, 278, 321, 325, 354, 358, 398, 402, 450, 454, 479, 483, 523, 527, 552, 556, 596, 600, 625, 630, 667, 671, 707, 711, 754, 758, 790, 794], "summary": {"covered_lines": 53, "num_statements": 193, "percent_covered": 27.46113989637306, "percent_covered_display": "27", "missing_lines": 140, "excluded_lines": 0, "percent_statements_covered": 27.46113989637306, "percent_statements_covered_display": "27"}, "missing_lines": [74, 87, 115, 116, 117, 118, 119, 120, 121, 149, 150, 158, 159, 160, 161, 162, 165, 166, 193, 194, 200, 201, 202, 203, 204, 205, 206, 209, 210, 235, 236, 237, 238, 239, 240, 241, 266, 267, 268, 269, 270, 296, 297, 303, 304, 305, 306, 307, 310, 311, 343, 344, 347, 348, 349, 378, 379, 385, 386, 387, 388, 389, 392, 393, 422, 423, 434, 435, 436, 437, 438, 439, 440, 470, 471, 472, 473, 474, 501, 502, 507, 508, 509, 512, 513, 543, 544, 545, 546, 547, 574, 575, 580, 581, 582, 585, 586, 616, 617, 618, 619, 620, 648, 649, 658, 659, 660, 661, 662, 689, 690, 696, 697, 698, 699, 700, 701, 702, 729, 730, 740, 745, 746, 747, 748, 749, 774, 775, 776, 777, 778, 779, 780, 810, 811, 812, 813, 814, 817, 818], "excluded_lines": []}}}, "app/api/v1/writeback.py": {"executed_lines": [1, 26, 27, 29, 30, 32, 33, 34, 51, 57, 59, 62, 82, 94, 127, 140, 172, 217, 247, 248, 249, 251, 261, 271, 273, 274, 285, 300, 324, 325, 340, 352, 381, 382, 390, 391, 402, 416, 435, 436, 437, 439, 440, 451, 465, 483, 484, 485, 487, 489, 490, 496, 507, 523, 525, 536, 538, 539, 545, 556, 572, 573, 574, 576, 577, 588, 603, 621, 622, 623, 625, 627, 628, 634, 647, 665, 666, 667, 669, 670, 681, 689, 696], "summary": {"covered_lines": 82, "num_statements": 118, "percent_covered": 69.49152542372882, "percent_covered_display": "69", "missing_lines": 36, "excluded_lines": 0, "percent_statements_covered": 69.49152542372882, "percent_statements_covered_display": "69"}, "missing_lines": [74, 113, 114, 115, 116, 117, 118, 119, 120, 121, 160, 161, 162, 163, 164, 165, 166, 250, 252, 262, 272, 326, 327, 328, 329, 438, 486, 488, 527, 528, 530, 537, 575, 624, 626, 668], "excluded_lines": [], "functions": {"get_writeback_service": {"executed_lines": [], "summary": {"covered_lines": 0, "num_statements": 1, "percent_covered": 0.0, "percent_covered_display": "0", "missing_lines": 1, "excluded_lines": 0, "percent_statements_covered": 0.0, "percent_statements_covered_display": "0"}, "missing_lines": [74], "excluded_lines": []}, "get_cell": {"executed_lines": [], "summary": {"covered_lines": 0, "num_statements": 9, "percent_covered": 0.0, "percent_covered_display": "0", "missing_lines": 9, "excluded_lines": 0, "percent_statements_covered": 0.0, "percent_statements_covered_display": "0"}, "missing_lines": [113, 114, 115, 116, 117, 118, 119, 120, 121], "excluded_lines": []}, "create_cell": {"executed_lines": [], "summary": {"covered_lines": 0, "num_statements": 7, "percent_covered": 0.0, "percent_covered_display": "0", "missing_lines": 7, "excluded_lines": 0, "percent_statements_covered": 0.0, "percent_statements_covered_display": "0"}, "missing_lines": [160, 161, 162, 163, 164, 165, 166], "excluded_lines": []}, "update_cell": {"executed_lines": [247, 248, 249, 251, 261, 271, 273, 274], "summary": {"covered_lines": 8, "num_statements": 12, "percent_covered": 66.66666666666667, "percent_covered_display": "67", "missing_lines": 4, "excluded_lines": 0, "percent_statements_covered": 66.66666666666667, "percent_statements_covered_display": "67"}, "missing_lines": [250, 252, 262, 272], "excluded_lines": []}, "batch_update_cells": {"executed_lines": [324, 325], "summary": {"covered_lines": 2, "num_statements": 6, "percent_covered": 33.333333333333336, "percent_covered_display": "33", "missing_lines": 4, "excluded_lines": 0, "percent_statements_covered": 33.333333333333336, "percent_statements_covered_display": "33"}, "missing_lines": [326, 327, 328, 329], "excluded_lines": []}, "get_change_history": {"executed_lines": [381, 382, 390, 391], "summary": {"covered_lines": 4, "num_statements": 4, "percent_covered": 100.0, "percent_covered_display": "100", "missing_lines": 0, "excluded_lines": 0, "percent_statements_covered": 100.0, "percent_statements_covered_display": "100"}, "missing_lines": [], "excluded_lines": []}, "undo_changes": {"executed_lines": [435, 436, 437, 439, 440], "summary": {"covered_lines": 5, "num_statements": 6, "percent_covered": 83.33333333333333, "percent_covered_display": "83", "missing_lines": 1, "excluded_lines": 0, "percent_statements_covered": 83.33333333333333, "percent_statements_covered_display": "83"}, "missing_lines": [438], "excluded_lines": []}, "add_cell_comment": {"executed_lines": [483, 484, 485, 487, 489, 490], "summary": {"covered_lines": 6, "num_statements": 8, "percent_covered": 75.0, "percent_covered_display": "75", "missing_lines": 2, "excluded_lines": 0, "percent_statements_covered": 75.0, "percent_statements_covered_display": "75"}, "missing_lines": [486, 488], "excluded_lines": []}, "get_cell_comments": {"executed_lines": [523, 525, 536, 538, 539], "summary": {"covered_lines": 5, "num_statements": 9, "percent_covered": 55.55555555555556, "percent_covered_display": "56", "missing_lines": 4, "excluded_lines": 0, "percent_statements_covered": 55.55555555555556, "percent_statements_covered_display": "56"}, "missing_lines": [527, 528, 530, 537], "excluded_lines": []}, "resolve_comment": {"executed_lines": [572, 573, 574, 576, 577], "summary": {"covered_lines": 5, "num_statements": 6, "percent_covered": 83.33333333333333, "percent_covered_display": "83", "missing_lines": 1, "excluded_lines": 0, "percent_statements_covered": 83.33333333333333, "percent_statements_covered_display": "83"}, "missing_lines": [575], "excluded_lines": []}, "lock_cell": {"executed_lines": [621, 622, 623, 625, 627, 628], "summary": {"covered_lines": 6, "num_statements": 8, "percent_covered": 75.0, "percent_covered_display": "75", "missing_lines": 2, "excluded_lines": 0, "percent_statements_covered": 75.0, "percent_statements_covered_display": "75"}, "missing_lines": [624, 626], "excluded_lines": []}, "unlock_cell": {"executed_lines": [665, 666, 667, 669, 670], "summary": {"covered_lines": 5, "num_statements": 6, "percent_covered": 83.33333333333333, "percent_covered_display": "83", "missing_lines": 1, "excluded_lines": 0, "percent_statements_covered": 83.33333333333333, "percent_statements_covered_display": "83"}, "missing_lines": [668], "excluded_lines": []}, "health_check": {"executed_lines": [696], "summary": {"covered_lines": 1, "num_statements": 1, "percent_covered": 100.0, "percent_covered_display": "100", "missing_lines": 0, "excluded_lines": 0, "percent_statements_covered": 100.0, "percent_statements_covered_display": "100"}, "missing_lines": [], "excluded_lines": []}, "": {"executed_lines": [1, 26, 27, 29, 30, 32, 33, 34, 51, 57, 59, 62, 82, 94, 127, 140, 172, 217, 285, 300, 340, 352, 402, 416, 451, 465, 496, 507, 545, 556, 588, 603, 634, 647, 681, 689], "summary": {"covered_lines": 35, "num_statements": 35, "percent_covered": 100.0, "percent_covered_display": "100", "missing_lines": 0, "excluded_lines": 0, "percent_statements_covered": 100.0, "percent_statements_covered_display": "100"}, "missing_lines": [], "excluded_lines": []}}, "classes": {"": {"executed_lines": [1, 26, 27, 29, 30, 32, 33, 34, 51, 57, 59, 62, 82, 94, 127, 140, 172, 217, 247, 248, 249, 251, 261, 271, 273, 274, 285, 300, 324, 325, 340, 352, 381, 382, 390, 391, 402, 416, 435, 436, 437, 439, 440, 451, 465, 483, 484, 485, 487, 489, 490, 496, 507, 523, 525, 536, 538, 539, 545, 556, 572, 573, 574, 576, 577, 588, 603, 621, 622, 623, 625, 627, 628, 634, 647, 665, 666, 667, 669, 670, 681, 689, 696], "summary": {"covered_lines": 82, "num_statements": 118, "percent_covered": 69.49152542372882, "percent_covered_display": "69", "missing_lines": 36, "excluded_lines": 0, "percent_statements_covered": 69.49152542372882, "percent_statements_covered_display": "69"}, "missing_lines": [74, 113, 114, 115, 116, 117, 118, 119, 120, 121, 160, 161, 162, 163, 164, 165, 166, 250, 252, 262, 272, 326, 327, 328, 329, 438, 486, 488, 527, 528, 530, 537, 575, 624, 626, 668], "excluded_lines": []}}}, "app/core/__init__.py": {"executed_lines": [1, 10], "summary": {"covered_lines": 1, "num_statements": 1, "percent_covered": 100.0, "percent_covered_display": "100", "missing_lines": 0, "excluded_lines": 0, "percent_statements_covered": 100.0, "percent_statements_covered_display": "100"}, "missing_lines": [], "excluded_lines": [], "functions": {"": {"executed_lines": [1, 10], "summary": {"covered_lines": 1, "num_statements": 1, "percent_covered": 100.0, "percent_covered_display": "100", "missing_lines": 0, "excluded_lines": 0, "percent_statements_covered": 100.0, "percent_statements_covered_display": "100"}, "missing_lines": [], "excluded_lines": []}}, "classes": {"": {"executed_lines": [1, 10], "summary": {"covered_lines": 1, "num_statements": 1, "percent_covered": 100.0, "percent_covered_display": "100", "missing_lines": 0, "excluded_lines": 0, "percent_statements_covered": 100.0, "percent_statements_covered_display": "100"}, "missing_lines": [], "excluded_lines": []}}}, "app/core/cache.py": {"executed_lines": [1, 14, 15, 16, 18, 19, 21, 24, 30, 31, 32, 35, 38, 41, 44, 61, 79, 95, 96, 101, 113, 114, 119, 129, 130, 135, 151, 167, 183, 205, 219, 239, 240, 253, 254, 272, 273, 274, 276, 277, 289, 294, 295, 303, 304, 305, 306, 308, 317, 318, 319, 320, 322, 324, 325, 340, 348, 349, 358, 360, 361, 362, 363, 365, 371, 373, 374, 416, 476, 496], "summary": {"covered_lines": 68, "num_statements": 120, "percent_covered": 56.666666666666664, "percent_covered_display": "57", "missing_lines": 52, "excluded_lines": 9, "percent_statements_covered": 56.666666666666664, "percent_statements_covered_display": "57"}, "missing_lines": [36, 55, 56, 57, 58, 68, 69, 70, 71, 98, 116, 132, 145, 146, 148, 161, 162, 164, 177, 178, 180, 193, 194, 196, 341, 346, 387, 388, 389, 391, 392, 401, 402, 403, 404, 406, 408, 445, 446, 451, 452, 454, 455, 456, 458, 488, 506, 507, 509, 510, 511, 512], "excluded_lines": [278, 279, 285, 350, 351, 357, 393, 394, 399], "functions": {"get_redis_client": {"executed_lines": [], "summary": {"covered_lines": 0, "num_statements": 4, "percent_covered": 0.0, "percent_covered_display": "0", "missing_lines": 4, "excluded_lines": 0, "percent_statements_covered": 0.0, "percent_statements_covered_display": "0"}, "missing_lines": [55, 56, 57, 58], "excluded_lines": []}, "close_redis_client": {"executed_lines": [], "summary": {"covered_lines": 0, "num_statements": 4, "percent_covered": 0.0, "percent_covered_display": "0", "missing_lines": 4, "excluded_lines": 0, "percent_statements_covered": 0.0, "percent_statements_covered_display": "0"}, "missing_lines": [68, 69, 70, 71], "excluded_lines": []}, "cache_dhg_calculation": {"executed_lines": [95, 96], "summary": {"covered_lines": 2, "num_statements": 3, "percent_covered": 66.66666666666667, "percent_covered_display": "67", "missing_lines": 1, "excluded_lines": 0, "percent_statements_covered": 66.66666666666667, "percent_statements_covered_display": "67"}, "missing_lines": [98], "excluded_lines": []}, "cache_kpi_dashboard": {"executed_lines": [113, 114], "summary": {"covered_lines": 2, "num_statements": 3, "percent_covered": 66.66666666666667, "percent_covered_display": "67", "missing_lines": 1, "excluded_lines": 0, "percent_statements_covered": 66.66666666666667, "percent_statements_covered_display": "67"}, "missing_lines": [116], "excluded_lines": []}, "cache_revenue_projection": {"executed_lines": [129, 130], "summary": {"covered_lines": 2, "num_statements": 3, "percent_covered": 66.66666666666667, "percent_covered_display": "67", "missing_lines": 1, "excluded_lines": 0, "percent_statements_covered": 66.66666666666667, "percent_statements_covered_display": "67"}, "missing_lines": [132], "excluded_lines": []}, "cache_class_structure": {"executed_lines": [], "summary": {"covered_lines": 0, "num_statements": 3, "percent_covered": 0.0, "percent_covered_display": "0", "missing_lines": 3, "excluded_lines": 0, "percent_statements_covered": 0.0, "percent_statements_covered_display": "0"}, "missing_lines": [145, 146, 148], "excluded_lines": []}, "cache_cost_calculation": {"executed_lines": [], "summary": {"covered_lines": 0, "num_statements": 3, "percent_covered": 0.0, "percent_covered_display": "0", "missing_lines": 3, "excluded_lines": 0, "percent_statements_covered": 0.0, "percent_statements_covered_display": "0"}, "missing_lines": [161, 162, 164], "excluded_lines": []}, "cache_capex_calculation": {"executed_lines": [], "summary": {"covered_lines": 0, "num_statements": 3, "percent_covered": 0.0, "percent_covered_display": "0", "missing_lines": 3, "excluded_lines": 0, "percent_statements_covered": 0.0, "percent_statements_covered_display": "0"}, "missing_lines": [177, 178, 180], "excluded_lines": []}, "cache_consolidation": {"executed_lines": [], "summary": {"covered_lines": 0, "num_statements": 3, "percent_covered": 0.0, "percent_covered_display": "0", "missing_lines": 3, "excluded_lines": 0, "percent_statements_covered": 0.0, "percent_statements_covered_display": "0"}, "missing_lines": [193, 194, 196], "excluded_lines": []}, "CacheInvalidator.invalidate": {"executed_lines": [272, 273, 274, 276, 277, 289, 294, 295, 303, 304, 305, 306, 308, 317, 318, 319, 320, 322], "summary": {"covered_lines": 18, "num_statements": 18, "percent_covered": 100.0, "percent_covered_display": "100", "missing_lines": 0, "excluded_lines": 3, "percent_statements_covered": 100.0, "percent_statements_covered_display": "100"}, "missing_lines": [], "excluded_lines": [278, 279, 285]}, "CacheInvalidator.invalidate_all": {"executed_lines": [340, 348, 349, 358, 360, 
[...]
"summary": {"covered_lines": 5, "num_statements": 5, "percent_covered": 100.0, "percent_covered_display": "100", "missing_lines": 0, "excluded_lines": 0, "percent_statements_covered": 100.0, "percent_statements_covered_display": "100"}, "missing_lines": [], "excluded_lines": []}, "StrategicService.create_strategic_plan": {"executed_lines": [103, 104, 107, 108, 109, 111, 112, 115, 121, 122, 123, 129, 135, 136, 137, 140, 141, 144, 146], "summary": {"covered_lines": 19, "num_statements": 19, "percent_covered": 100.0, "percent_covered_display": "100", "missing_lines": 0, "excluded_lines": 0, "percent_statements_covered": 100.0, "percent_statements_covered_display": "100"}, "missing_lines": [], "excluded_lines": []}, "StrategicService.get_strategic_plan": {"executed_lines": [164, 180, 181, 183, 184, 186], "summary": {"covered_lines": 6, "num_statements": 6, "percent_covered": 100.0, "percent_covered_display": "100", "missing_lines": 0, "excluded_lines": 0, "percent_statements_covered": 100.0, "percent_statements_covered_display": "100"}, "missing_lines": [], "excluded_lines": []}, "StrategicService.get_year_projections": {"executed_lines": [213, 217, 220, 226, 227, 229, 230, 233, 239, 240, 247, 251, 252, 257, 259], "summary": {"covered_lines": 15, "num_statements": 16, "percent_covered": 93.75, "percent_covered_display": "94", "missing_lines": 1, "excluded_lines": 0, "percent_statements_covered": 93.75, "percent_statements_covered_display": "94"}, "missing_lines": [214], "excluded_lines": []}, "StrategicService.update_assumptions": {"executed_lines": [], "summary": {"covered_lines": 0, "num_statements": 15, "percent_covered": 0.0, "percent_covered_display": "0", "missing_lines": 15, "excluded_lines": 0, "percent_statements_covered": 0.0, "percent_statements_covered_display": "0"}, "missing_lines": [287, 290, 291, 292, 293, 294, 295, 296, 297, 299, 300, 303, 304, 305, 307], "excluded_lines": []}, "StrategicService.compare_scenarios": {"executed_lines": [329, 331, 339, 341, 346, 351, 356, 362, 363, 365, 386, 387, 390, 395, 401, 409, 411], "summary": {"covered_lines": 17, "num_statements": 17, "percent_covered": 100.0, "percent_covered_display": "100", "missing_lines": 0, "excluded_lines": 0, "percent_statements_covered": 100.0, "percent_statements_covered_display": "100"}, "missing_lines": [], "excluded_lines": []}, "StrategicService.add_initiative": {"executed_lines": [443, 447, 450, 460, 461, 462, 464], "summary": {"covered_lines": 7, "num_statements": 8, "percent_covered": 87.5, "percent_covered_display": "88", "missing_lines": 1, "excluded_lines": 0, "percent_statements_covered": 87.5, "percent_statements_covered_display": "88"}, "missing_lines": [444], "excluded_lines": []}, "StrategicService._create_default_scenarios": {"executed_lines": [480, 481, 492, 493, 494, 497], "summary": {"covered_lines": 6, "num_statements": 6, "percent_covered": 100.0, "percent_covered_display": "100", "missing_lines": 0, "excluded_lines": 0, "percent_statements_covered": 100.0, "percent_statements_covered_display": "100"}, "missing_lines": [], "excluded_lines": []}, "StrategicService._calculate_scenario_projections": {"executed_lines": [516, 520, 529, 531, 532, 535, 540, 543, 545, 556, 559, 560, 562, 565, 571, 581, 584, 585, 587, 590, 596, 606, 608], "summary": {"covered_lines": 23, "num_statements": 23, "percent_covered": 100.0, "percent_covered_display": "100", "missing_lines": 0, "excluded_lines": 0, "percent_statements_covered": 100.0, "percent_statements_covered_display": "100"}, "missing_lines": [], "excluded_lines": []}, "StrategicService._recalculate_scenario_projections": {"executed_lines": [], "summary": {"covered_lines": 0, "num_statements": 7, "percent_covered": 0.0, "percent_covered_display": "0", "missing_lines": 7, "excluded_lines": 0, "percent_statements_covered": 0.0, "percent_statements_covered_display": "0"}, "missing_lines": [621, 624, 625, 627, 628, 630, 635], "excluded_lines": []}, "StrategicService._get_projection": {"executed_lines": [654, 662, 663], "summary": {"covered_lines": 3, "num_statements": 3, "percent_covered": 100.0, "percent_covered_display": "100", "missing_lines": 0, "excluded_lines": 0, "percent_statements_covered": 100.0, "percent_statements_covered_display": "100"}, "missing_lines": [], "excluded_lines": []}, "": {"executed_lines": [1, 11, 12, 13, 15, 16, 17, 19, 20, 29, 30, 33, 34, 42, 63, 76, 148, 188, 261, 309, 413, 466, 501, 610, 637], "summary": {"covered_lines": 23, "num_statements": 23, "percent_covered": 100.0, "percent_covered_display": "100", "missing_lines": 0, "excluded_lines": 0, "percent_statements_covered": 100.0, "percent_statements_covered_display": "100"}, "missing_lines": [], "excluded_lines": []}}, "classes": {"StrategicService": {"executed_lines": [70, 71, 72, 73, 74, 103, 104, 107, 108, 109, 111, 112, 115, 121, 122, 123, 129, 135, 136, 137, 140, 141, 144, 146, 164, 180, 181, 183, 184, 186, 213, 217, 220, 226, 227, 229, 230, 233, 239, 240, 247, 251, 252, 257, 259, 329, 331, 339, 341, 346, 351, 356, 362, 363, 365, 386, 387, 390, 395, 401, 409, 411, 443, 447, 450, 460, 461, 462, 464, 480, 481, 492, 493, 494, 497, 516, 520, 529, 531, 532, 535, 540, 543, 545, 556, 559, 560, 562, 565, 571, 581, 584, 585, 587, 590, 596, 606, 608, 654, 662, 663], "summary": {"covered_lines": 101, "num_statements": 125, "percent_covered": 80.8, "percent_covered_display": "81", "missing_lines": 24, "excluded_lines": 0, "percent_statements_covered": 80.8, "percent_statements_covered_display": "81"}, "missing_lines": [214, 287, 290, 291, 292, 293, 294, 295, 296, 297, 299, 300, 303, 304, 305, 307, 444, 621, 624, 625, 627, 628, 630, 635], "excluded_lines": []}, "": {"executed_lines": [1, 11, 12, 13, 15, 16, 17, 19, 20, 29, 30, 33, 34, 42, 63, 76, 148, 188, 261, 309, 413, 466, 501, 610, 637], "summary": {"covered_lines": 23, "num_statements": 23, "percent_covered": 100.0, "percent_covered_display": "100", "missing_lines": 0, "excluded_lines": 0, "percent_statements_covered": 100.0, "percent_statements_covered_display": "100"}, "missing_lines": [], "excluded_lines": []}}}, "app/services/writeback_service.py": {"executed_lines": [1, 18, 19, 20, 21, 23, 25, 26, 27, 44, 54, 66, 67, 75, 82, 88, 106, 117, 119, 120, 122, 123, 124, 125, 127, 129, 193, 215, 218, 221, 222, 228, 229, 311, 326, 327, 328, 330, 331, 333, 459, 460, 469, 470, 471, 505, 528, 530, 538, 540, 541, 542, 544, 548, 552, 553, 554, 556, 557, 559, 561, 576, 579, 588, 589, 591, 594, 595, 596, 597, 599, 714, 731, 734, 771, 799, 814, 816, 818, 826, 834, 836, 839, 841, 847, 853, 870, 873, 905, 922, 925, 954, 1011], "summary": {"covered_lines": 91, "num_statements": 216, "percent_covered": 42.129629629629626, "percent_covered_display": "42", "missing_lines": 125, "excluded_lines": 0, "percent_statements_covered": 42.129629629629626, "percent_statements_covered_display": "42"}, "missing_lines": [144, 146, 147, 149, 165, 181, 182, 185, 187, 188, 189, 191, 236, 237, 240, 258, 273, 285, 287, 289, 290, 296, 299, 301, 309, 335, 336, 345, 346, 347, 354, 357, 358, 367, 368, 369, 376, 379, 380, 389, 390, 391, 398, 401, 419, 421, 422, 424, 439, 453, 455, 456, 457, 479, 482, 483, 485, 493, 545, 546, 549, 550, 592, 600, 601, 603, 605, 607, 608, 617, 619, 620, 629, 632, 650, 651, 663, 674, 675, 677, 678, 688, 691, 692, 694, 703, 736, 737, 739, 749, 759, 760, 762, 769, 784, 786, 794, 795, 797, 837, 875, 877, 884, 893, 894, 896, 903, 927, 934, 938, 939, 941, 948, 972, 974, 975, 977, 989, 1017, 1018, 1019, 1020, 1021, 1027, 1029], "excluded_lines": [], "functions": {"WritebackService.__init__": {"executed_lines": [82], "summary": {"covered_lines": 1, "num_statements": 1, "percent_covered": 100.0, "percent_covered_display": "100", "missing_lines": 0, "excluded_lines": 0, "percent_statements_covered": 100.0, "percent_statements_covered_display": "100"}, "missing_lines": [], "excluded_lines": []}, "WritebackService.get_cell_by_id": {"executed_lines": [106, 117, 119, 120, 122, 123, 124, 125, 127], "summary": {"covered_lines": 9, "num_statements": 9, "percent_covered": 100.0, "percent_covered_display": "100", "missing_lines": 0, "excluded_lines": 0, "percent_statements_covered": 100.0, "percent_statements_covered_display": "100"}, "missing_lines": [], "excluded_lines": []}, "WritebackService.create_cell": {"executed_lines": [], "summary": {"covered_lines": 0, "num_statements": 12, "percent_covered": 0.0, "percent_covered_display": "0", "missing_lines": 12, "excluded_lines": 0, "percent_statements_covered": 0.0, "percent_statements_covered_display": "0"}, "missing_lines": [144, 146, 147, 149, 165, 181, 182, 185, 187, 188, 189, 191], "excluded_lines": []}, "WritebackService.update_cell": {"executed_lines": [215, 218, 221, 222, 228, 229], "summary": {"covered_lines": 6, "num_statements": 19, "percent_covered": 31.57894736842105, "percent_covered_display": "32", "missing_lines": 13, "excluded_lines": 0, "percent_statements_covered": 31.57894736842105, "percent_statements_covered_display": "32"}, "missing_lines": [236, 237, 240, 258, 273, 285, 287, 289, 290, 296, 299, 301, 309], "excluded_lines": []}, "WritebackService.batch_update_cells": {"executed_lines": [326, 327, 328, 330, 331, 333, 459, 460, 469, 470, 471], "summary": {"covered_lines": 11, "num_statements": 44, "percent_covered": 25.0, "percent_covered_display": "25", "missing_lines": 33, "excluded_lines": 0, "percent_statements_covered": 25.0, "percent_statements_covered_display": "25"}, "missing_lines": [335, 336, 345, 346, 347, 354, 357, 358, 367, 368, 369, 376, 379, 380, 389, 390, 391, 398, 401, 419, 421, 422, 424, 439, 453, 455, 456, 457, 479, 482, 483, 485, 493], "excluded_lines": []}, "WritebackService.get_change_history": {"executed_lines": [528, 530, 538, 540, 541, 542, 544, 548, 552, 553, 554, 556, 557, 559], "summary": {"covered_lines": 14, "num_statements": 18, "percent_covered": 77.77777777777777, "percent_covered_display": "78", "missing_lines": 4, "excluded_lines": 0, "percent_statements_covered": 77.77777777777777, "percent_statements_covered_display": "78"}, "missing_lines": [545, 546, 549, 550], "excluded_lines": []}, "WritebackService.undo_session": {"executed_lines": [576, 579, 588, 589, 591, 594, 595, 596, 597, 599], "summary": {"covered_lines": 10, "num_statements": 34, "percent_covered": 29.41176470588235, "percent_covered_display": "29", "missing_lines": 24, "excluded_lines": 0, "percent_statements_covered": 29.41176470588235, "percent_statements_covered_display": "29"}, "missing_lines": [592, 600, 601, 603, 605, 607, 608, 617, 619, 620, 629, 632, 650, 651, 663, 674, 675, 677, 678, 688, 691, 692, 694, 703], "excluded_lines": []}, "WritebackService.add_comment": {"executed_lines": [731, 734], "summary": {"covered_lines": 2, "num_statements": 10, "percent_covered": 20.0, "percent_covered_display": "20", "missing_lines": 8, "excluded_lines": 0, "percent_statements_covered": 20.0, "percent_statements_covered_display": "20"}, "missing_lines": [736, 737, 739, 749, 759, 760, 762, 769], "excluded_lines": []}, "WritebackService.get_cell_comments": {"executed_lines": [], "summary": {"covered_lines": 0, "num_statements": 5, "percent_covered": 0.0, "percent_covered_display": "0", "missing_lines": 5, "excluded_lines": 0, "percent_statements_covered": 0.0, "percent_statements_covered_display": "0"}, "missing_lines": [784, 786, 794, 795, 797], "excluded_lines": []}, "WritebackService.resolve_comment": {"executed_lines": [814, 816, 818, 826, 834, 836, 839, 841, 847], "summary": {"covered_lines": 9, "num_statements": 10, "percent_covered": 90.0, "percent_covered_display": "90", "missing_lines": 1, "excluded_lines": 0, "percent_statements_covered": 90.0, "percent_statements_covered_display": "90"}, "missing_lines": [837], "excluded_lines": []}, "WritebackService.lock_cell": {"executed_lines": [870, 873], "summary": {"covered_lines": 2, "num_statements": 9, "percent_covered": 22.22222222222222, "percent_covered_display": "22", "missing_lines": 7, "excluded_lines": 0, "percent_statements_covered": 22.22222222222222, "percent_statements_covered_display": "22"}, "missing_lines": [875, 877, 884, 893, 894, 896, 903], "excluded_lines": []}, "WritebackService.unlock_cell": {"executed_lines": [922, 925], "summary": {"covered_lines": 2, "num_statements": 8, "percent_covered": 25.0, "percent_covered_display": "25", "missing_lines": 6, "excluded_lines": 0, "percent_statements_covered": 25.0, "percent_statements_covered_display": "25"}, "missing_lines": [927, 934, 938, 939, 941, 948], "excluded_lines": []}, "WritebackService._log_cell_change": {"executed_lines": [], "summary": {"covered_lines": 0, "num_statements": 5, "percent_covered": 0.0, "percent_covered_display": "0", "missing_lines": 5, "excluded_lines": 0, "percent_statements_covered": 0.0, "percent_statements_covered_display": "0"}, "missing_lines": [972, 974, 975, 977, 989], "excluded_lines": []}, "WritebackService._invalidate_module_cache": {"executed_lines": [], "summary": {"covered_lines": 0, "num_statements": 7, "percent_covered": 0.0, "percent_covered_display": "0", "missing_lines": 7, "excluded_lines": 0, "percent_statements_covered": 0.0, "percent_statements_covered_display": "0"}, "missing_lines": [1017, 1018, 1019, 1020, 1021, 1027, 1029], "excluded_lines": []}, "": {"executed_lines": [1, 18, 19, 20, 21, 23, 25, 26, 27, 44, 54, 66, 67, 75, 88, 129, 193, 311, 505, 561, 714, 771, 799, 853, 905, 954, 1011], "summary": {"covered_lines": 25, "num_statements": 25, "percent_covered": 100.0, "percent_covered_display": "100", "missing_lines": 0, "excluded_lines": 0, "percent_statements_covered": 100.0, "percent_statements_covered_display": "100"}, "missing_lines": [], "excluded_lines": []}}, "classes": {"WritebackService": {"executed_lines": [82, 106, 117, 119, 120, 122, 123, 124, 125, 127, 215, 218, 221, 222, 228, 229, 326, 327, 328, 330, 331, 333, 459, 460, 469, 470, 471, 528, 530, 538, 540, 541, 542, 544, 548, 552, 553, 554, 556, 557, 559, 576, 579, 588, 589, 591, 594, 595, 596, 597, 599, 731, 734, 814, 816, 818, 826, 834, 836, 839, 841, 847, 870, 873, 922, 925], "summary": {"covered_lines": 66, "num_statements": 191, "percent_covered": 34.55497382198953, "percent_covered_display": "35", "missing_lines": 125, "excluded_lines": 0, "percent_statements_covered": 34.55497382198953, "percent_statements_covered_display": "35"}, "missing_lines": [144, 146, 147, 149, 165, 181, 182, 185, 187, 188, 189, 191, 236, 237, 240, 258, 273, 285, 287, 289, 290, 296, 299, 301, 309, 335, 336, 345, 346, 347, 354, 357, 358, 367, 368, 369, 376, 379, 380, 389, 390, 391, 398, 401, 419, 421, 422, 424, 439, 453, 455, 456, 457, 479, 482, 483, 485, 493, 545, 546, 549, 550, 592, 600, 601, 603, 605, 607, 608, 617, 619, 620, 629, 632, 650, 651, 663, 674, 675, 677, 678, 688, 691, 692, 694, 703, 736, 737, 739, 749, 759, 760, 762, 769, 784, 786, 794, 795, 797, 837, 875, 877, 884, 893, 894, 896, 903, 927, 934, 938, 939, 941, 948, 972, 974, 975, 977, 989, 1017, 1018, 1019, 1020, 1021, 1027, 1029], "excluded_lines": []}, "": {"executed_lines": [1, 18, 19, 20, 21, 23, 25, 26, 27, 44, 54, 66, 67, 75, 88, 129, 193, 311, 505, 561, 714, 771, 799, 853, 905, 954, 1011], "summary": {"covered_lines": 25, "num_statements": 25, "percent_covered": 100.0, "percent_covered_display": "100", "missing_lines": 0, "excluded_lines": 0, "percent_statements_covered": 100.0, "percent_statements_covered_display": "100"}, "missing_lines": [], "excluded_lines": []}}}, "app/validators/__init__.py": {"executed_lines": [1, 8, 10], "summary": {"covered_lines": 2, "num_statements": 2, "percent_covered": 100.0, "percent_covered_display": "100", "missing_lines": 0, "excluded_lines": 0, "percent_statements_covered": 100.0, "percent_statements_covered_display": "100"}, "missing_lines": [], "excluded_lines": [], "functions": {"": {"executed_lines": [1, 8, 10], "summary": {"covered_lines": 2, "num_statements": 2, "percent_covered": 100.0, "percent_covered_display": "100", "missing_lines": 0, "excluded_lines": 0, "percent_statements_covered": 100.0, "percent_statements_covered_display": "100"}, "missing_lines": [], "excluded_lines": []}}, "classes": {"": {"executed_lines": [1, 8, 10], "summary": {"covered_lines": 2, "num_statements": 2, "percent_covered": 100.0, "percent_covered_display": "100", "missing_lines": 0, "excluded_lines": 0, "percent_statements_covered": 100.0, "percent_statements_covered_display": "100"}, "missing_lines": [], "excluded_lines": []}}}, "app/validators/class_structure.py": {"executed_lines": [1, 11, 12, 14, 15, 17, 18, 21, 22, 24, 27, 73, 74, 75, 77, 78, 84, 89, 90, 93, 94, 95, 101, 102, 105, 107, 110, 113, 114, 123, 124, 133, 136, 182, 183, 192, 193, 202, 205, 209, 210, 213, 217, 218, 220, 221], "summary": {"covered_lines": 44, "num_statements": 44, "percent_covered": 100.0, "percent_covered_display": "100", "missing_lines": 0, "excluded_lines": 0, "percent_statements_covered": 100.0, "percent_statements_covered_display": "100"}, "missing_lines": [], "excluded_lines": [], "functions": {"validate_class_structure": {"executed_lines": [73, 74, 75, 77, 78, 84, 89, 90, 93, 94, 95, 101, 102, 105, 107, 110, 113, 114, 123, 124, 133], "summary": {"covered_lines": 21, "num_statements": 21, "percent_covered": 100.0, "percent_covered_display": "100", "missing_lines": 0, "excluded_lines": 0, "percent_statements_covered": 100.0, "percent_statements_covered_display": "100"}, "missing_lines": [], "excluded_lines": []}, "validate_class_structure_sync": {"executed_lines": [182, 183, 192, 193, 202], "summary": {"covered_lines": 5, "num_statements": 5, "percent_covered": 100.0, "percent_covered_display": "100", "missing_lines": 0, "excluded_lines": 0, "percent_statements_covered": 100.0, "percent_statements_covered_display": "100"}, "missing_lines": [], "excluded_lines": []}, "validate_class_size_params": {"executed_lines": [209, 210], "summary": {"covered_lines": 2, "num_statements": 2, "percent_covered": 100.0, "percent_covered_display": "100", "missing_lines": 0, "excluded_lines": 0, "percent_statements_covered": 100.0, "percent_statements_covered_display": "100"}, "missing_lines": [], "excluded_lines": []}, "validate_enrollment_distribution": {"executed_lines": [217, 218, 220, 221], "summary": {"covered_lines": 4, "num_statements": 4, "percent_covered": 100.0, "percent_covered_display": "100", "missing_lines": 0, "excluded_lines": 0, "percent_statements_covered": 100.0, "percent_statements_covered_display": "100"}, "missing_lines": [], "excluded_lines": []}, "": {"executed_lines": [1, 11, 12, 14, 15, 17, 18, 21, 22, 24, 27, 136, 205, 213], "summary": {"covered_lines": 12, "num_statements": 12, "percent_covered": 100.0, "percent_covered_display": "100", "missing_lines": 0, "excluded_lines": 0, "percent_statements_covered": 100.0, "percent_statements_covered_display": "100"}, "missing_lines": [], "excluded_lines": []}}, "classes": {"ClassStructureValidationError": {"executed_lines": [], "summary": {"covered_lines": 0, "num_statements": 0, "percent_covered": 100.0, "percent_covered_display": "100", "missing_lines": 0, "excluded_lines": 0, "percent_statements_covered": 100.0, "percent_statements_covered_display": "100"}, "missing_lines": [], "excluded_lines": []}, "": {"executed_lines": [1, 11, 12, 14, 15, 17, 18, 21, 22, 24, 27, 73, 74, 75, 77, 78, 84, 89, 90, 93, 94, 95, 101, 102, 105, 107, 110, 113, 114, 123, 124, 133, 136, 182, 183, 192, 193, 202, 205, 209, 210, 213, 217, 218, 220, 221], "summary": {"covered_lines": 44, "num_statements": 44, "percent_covered": 100.0, "percent_covered_display": "100", "missing_lines": 0, "excluded_lines": 0, "percent_statements_covered": 100.0, "percent_statements_covered_display": "100"}, "missing_lines": [], "excluded_lines": []}}}}, "totals": {"covered_lines": 5738, "num_statements": 7034, "percent_covered": 81.57520614159796, "percent_covered_display": "82", "missing_lines": 1296, "excluded_lines": 47, "percent_statements_covered": 81.57520614159796, "percent_statements_covered_display": "82"}}